<?xml version="1.0" encoding="UTF-8"?>
<robot generator="Robot 7.0 (Python 3.11.4 on win32)" generated="2024-05-20T09:08:16.071471" rpa="false" schemaversion="5">
<suite id="s1" name="HK Dealer Check" source="C:\Users\Danielouie.Estopace\PycharmProjects\pythonProject2\Resource\testsuites\Dealer\HK_TC\S2\HK_Dealer_Check.robot">
<test id="s1-t1" name="Test Setup" line="15">
<kw name="Run Keywords" owner="BuiltIn">
<kw name="Open Chrome Browser" owner="HK_S2_Config">
<kw name="Open Browser" owner="SeleniumLibrary">
<msg time="2024-05-20T09:08:16.385460" level="INFO">Opening browser 'Chrome' to base url 'https://hkdealer.coyzchwfjr-inchcaped2-s2-public.model-t.cc.commerce.ondemand.com/hkdealer'.</msg>
<arg>${s2HKDealer}</arg>
<arg>Chrome</arg>
<arg>executable_path=${driver_path}</arg>
<doc>Opens a new browser instance to the optional ``url``.</doc>
<status status="PASS" start="2024-05-20T09:08:16.385460" elapsed="4.891630"/>
</kw>
<kw name="Maximize Browser Window" owner="SeleniumLibrary">
<doc>Maximizes current browser window.</doc>
<status status="PASS" start="2024-05-20T09:08:21.277090" elapsed="0.024531"/>
</kw>
<status status="PASS" start="2024-05-20T09:08:16.385460" elapsed="4.916161"/>
</kw>
<arg>Open Chrome Browser</arg>
<doc>Executes all the given keywords in a sequence.</doc>
<status status="PASS" start="2024-05-20T09:08:16.385460" elapsed="4.916161"/>
</kw>
<status status="PASS" start="2024-05-20T09:08:16.385460" elapsed="4.916161"/>
</test>
<test id="s1-t2" name="Screen Shot DIR" line="16">
<kw name="Run Keywords" owner="BuiltIn">
<kw name="Dealer Screen Shot DIR" owner="HK_S2_Config">
<kw name="Get Current Date" owner="DateTime">
<msg time="2024-05-20T09:08:21.301621" level="INFO">${currentdate} = 05-20-24 09-08</msg>
<var>${currentdate}</var>
<arg>result_format=%m-%d-%y %H-%M</arg>
<doc>Returns current local or UTC time with an optional increment.</doc>
<status status="PASS" start="2024-05-20T09:08:21.301621" elapsed="0.000000"/>
</kw>
<kw name="Create Directory" owner="OperatingSystem">
<msg time="2024-05-20T09:08:21.301621" level="INFO" html="true">Created directory '&lt;a href="file://C:\Users\Danielouie.Estopace\PycharmProjects\pythonProject2\Resource\testsuites\Dealer\Screenshots\HK\S2\HK_05-20-24 09-08"&gt;C:\Users\Danielouie.Estopace\PycharmProjects\pythonProject2\Resource\testsuites\Dealer\Screenshots\HK\S2\HK_05-20-24 09-08&lt;/a&gt;'.</msg>
<arg>${Dealer_screenshot_path}/HK_${currentdate}</arg>
<doc>Creates the specified directory.</doc>
<status status="PASS" start="2024-05-20T09:08:21.301621" elapsed="0.000000"/>
</kw>
<kw name="Convert To String" owner="BuiltIn">
<msg time="2024-05-20T09:08:21.301621" level="INFO">${LogDIR} = ..\..\..\..\..\Resource\testsuites\Dealer\Screenshots\HK\S2/HK_05-20-24 09-08</msg>
<var>${LogDIR}</var>
<arg>${Dealer_screenshot_path}/HK_${currentdate}</arg>
<doc>Converts the given item to a Unicode string.</doc>
<status status="PASS" start="2024-05-20T09:08:21.301621" elapsed="0.000000"/>
</kw>
<kw name="Set Screenshot Directory" owner="SeleniumLibrary">
<arg>${LogDIR}</arg>
<doc>Sets the directory for captured screenshots.</doc>
<status status="PASS" start="2024-05-20T09:08:21.301621" elapsed="0.000000"/>
</kw>
<kw name="Set Global Variable" owner="BuiltIn">
<msg time="2024-05-20T09:08:21.301621" level="INFO">${LogDIR} = ..\..\..\..\..\Resource\testsuites\Dealer\Screenshots\HK\S2/HK_05-20-24 09-08</msg>
<arg>${LogDIR}</arg>
<doc>Makes a variable available globally in all tests and suites.</doc>
<status status="PASS" start="2024-05-20T09:08:21.301621" elapsed="0.000000"/>
</kw>
<status status="PASS" start="2024-05-20T09:08:21.301621" elapsed="0.000000"/>
</kw>
<arg>Dealer Screen Shot DIR</arg>
<doc>Executes all the given keywords in a sequence.</doc>
<status status="PASS" start="2024-05-20T09:08:21.301621" elapsed="0.000000"/>
</kw>
<status status="PASS" start="2024-05-20T09:08:21.301621" elapsed="0.000000"/>
</test>
<test id="s1-t3" name="TC Sleep" line="18">
<kw name="Run Keyword And Continue On Failure" owner="BuiltIn">
<kw name="TC Sleep" owner="HK_S2_Config">
<kw name="Sleep" owner="BuiltIn">
<msg time="2024-05-20T09:08:31.313074" level="INFO">Slept 10 seconds.</msg>
<arg>10</arg>
<doc>Pauses the test executed for the given time.</doc>
<status status="PASS" start="2024-05-20T09:08:21.312815" elapsed="10.000259"/>
</kw>
<status status="PASS" start="2024-05-20T09:08:21.312815" elapsed="10.000259"/>
</kw>
<arg>TC Sleep</arg>
<doc>Runs the keyword and continues execution even if a failure occurs.</doc>
<status status="PASS" start="2024-05-20T09:08:21.311807" elapsed="10.001267"/>
</kw>
<tag>Sleep</tag>
<tag>TC Sleep</tag>
<status status="PASS" start="2024-05-20T09:08:21.311807" elapsed="10.001267"/>
</test>
<test id="s1-t4" name="TC-001 - Input Valid Email" line="22">
<kw name="Run Keyword And Continue On Failure" owner="BuiltIn">
<kw name="User should be able to click Translate to English Button" owner="Login_Page_Keywords">
<kw name="Run Keyword And Return Status" owner="BuiltIn">
<kw name="Element Should Be Visible" owner="SeleniumLibrary">
<msg time="2024-05-20T09:08:31.329917" level="INFO">Element '//dpp-language-toggle//span[contains(text(),'EN')]' is displayed.</msg>
<arg>${Dealer_HK_LoginPage_English_Button}</arg>
<doc>Verifies that the element identified by ``locator`` is visible.</doc>
<status status="PASS" start="2024-05-20T09:08:31.315081" elapsed="0.014836"/>
</kw>
<msg time="2024-05-20T09:08:31.329917" level="INFO">${EN} = True</msg>
<var>${EN}</var>
<arg>element should be visible</arg>
<arg>${Dealer_HK_LoginPage_English_Button}</arg>
<doc>Runs the given keyword with given arguments and returns the status as a Boolean value.</doc>
<status status="PASS" start="2024-05-20T09:08:31.315081" elapsed="0.014836"/>
</kw>
<kw name="Run Keyword If" owner="BuiltIn">
<kw name="Translate to English" owner="Login_Page_Keywords">
<kw name="Wait Until Element Is Visible" owner="SeleniumLibrary">
<arg>${Dealer_HK_LoginPage_English_Button}</arg>
<arg>10</arg>
<doc>Waits until the element ``locator`` is visible.</doc>
<status status="PASS" start="2024-05-20T09:08:31.329917" elapsed="0.017241"/>
</kw>
<kw name="Capture Element Screenshot" owner="SeleniumLibrary">
<msg time="2024-05-20T09:08:31.438713" level="INFO" html="true">&lt;/td&gt;&lt;/tr&gt;&lt;tr&gt;&lt;td colspan="3"&gt;&lt;a href="../../Screenshots/HK/S2/HK_05-20-24%2009-08/selenium-element-screenshot-1.png"&gt;&lt;img src="../../Screenshots/HK/S2/HK_05-20-24%2009-08/selenium-element-screenshot-1.png" width="400px"&gt;&lt;/a&gt;</msg>
<arg>${Dealer_HK_LoginPage_English_Button}</arg>
<doc>Captures a screenshot from the element identified by ``locator`` and embeds it into log file.</doc>
<status status="PASS" start="2024-05-20T09:08:31.347158" elapsed="0.091555"/>
</kw>
<kw name="Click Element" owner="SeleniumLibrary">
<msg time="2024-05-20T09:08:31.438713" level="INFO">Clicking element '//dpp-language-toggle//span[contains(text(),'EN')]'.</msg>
<arg>${Dealer_HK_LoginPage_English_Button}</arg>
<doc>Click the element identified by ``locator``.</doc>
<status status="PASS" start="2024-05-20T09:08:31.438713" elapsed="0.060670"/>
</kw>
<kw name="Sleep" owner="BuiltIn">
<msg time="2024-05-20T09:08:33.500435" level="INFO">Slept 2 seconds.</msg>
<arg>2</arg>
<doc>Pauses the test executed for the given time.</doc>
<status status="PASS" start="2024-05-20T09:08:31.499908" elapsed="2.000527"/>
</kw>
<status status="PASS" start="2024-05-20T09:08:31.329917" elapsed="2.170518"/>
</kw>
<arg>${EN}</arg>
<arg>Translate to English</arg>
<doc>Runs the given keyword with the given arguments, if ``condition`` is true.</doc>
<status status="PASS" start="2024-05-20T09:08:31.329917" elapsed="2.170518"/>
</kw>
<status status="PASS" start="2024-05-20T09:08:31.315081" elapsed="2.185354"/>
</kw>
<arg>User should be able to click Translate to English Button</arg>
<doc>Runs the keyword and continues execution even if a failure occurs.</doc>
<status status="PASS" start="2024-05-20T09:08:31.315081" elapsed="2.185354"/>
</kw>
<kw name="Run Keyword And Continue On Failure" owner="BuiltIn">
<kw name="Input Valid Username" owner="Login_Page_Keywords">
<kw name="Clear Element Text" owner="SeleniumLibrary">
<arg>${Email}</arg>
<doc>Clears the value of the text-input-element identified by ``locator``.</doc>
<status status="PASS" start="2024-05-20T09:08:33.500435" elapsed="0.031982"/>
</kw>
<kw name="Input Text" owner="SeleniumLibrary">
<msg time="2024-05-20T09:08:33.533417" level="INFO">Typing text 'hk.seller1.admin@test.com' into text field '//*[@type='email']'.</msg>
<arg>${Email}</arg>
<arg>${Username}</arg>
<doc>Types the given ``text`` into the text field identified by ``locator``.</doc>
<status status="PASS" start="2024-05-20T09:08:33.532417" elapsed="0.106095"/>
</kw>
<kw name="Capture Element Screenshot" owner="SeleniumLibrary">
<msg time="2024-05-20T09:08:33.738565" level="INFO" html="true">&lt;/td&gt;&lt;/tr&gt;&lt;tr&gt;&lt;td colspan="3"&gt;&lt;a href="../../Screenshots/HK/S2/HK_05-20-24%2009-08/selenium-element-screenshot-2.png"&gt;&lt;img src="../../Screenshots/HK/S2/HK_05-20-24%2009-08/selenium-element-screenshot-2.png" width="400px"&gt;&lt;/a&gt;</msg>
<arg>${Email}</arg>
<doc>Captures a screenshot from the element identified by ``locator`` and embeds it into log file.</doc>
<status status="PASS" start="2024-05-20T09:08:33.638512" elapsed="0.100053"/>
</kw>
<kw name="Sleep" owner="BuiltIn">
<msg time="2024-05-20T09:08:34.738929" level="INFO">Slept 1 second.</msg>
<arg>1</arg>
<doc>Pauses the test executed for the given time.</doc>
<status status="PASS" start="2024-05-20T09:08:33.738565" elapsed="1.000364"/>
</kw>
<status status="PASS" start="2024-05-20T09:08:33.500435" elapsed="1.238494"/>
</kw>
<arg>Input Valid Username</arg>
<doc>Runs the keyword and continues execution even if a failure occurs.</doc>
<status status="PASS" start="2024-05-20T09:08:33.500435" elapsed="1.238494"/>
</kw>
<tag>TC006</tag>
<tag>Valid Account</tag>
<status status="PASS" start="2024-05-20T09:08:31.314080" elapsed="3.424849"/>
</test>
<test id="s1-t5" name="TC-002 - Input Valid Password" line="27">
<kw name="Run Keyword And Continue On Failure" owner="BuiltIn">
<kw name="Input Valid Password" owner="Login_Page_Keywords">
<kw name="Clear Element Text" owner="SeleniumLibrary">
<arg>${Pass}</arg>
<doc>Clears the value of the text-input-element identified by ``locator``.</doc>
<status status="PASS" start="2024-05-20T09:08:34.744469" elapsed="0.031268"/>
</kw>
<kw name="Input Text" owner="SeleniumLibrary">
<msg time="2024-05-20T09:08:34.775737" level="INFO">Typing text 'HKs2@12345' into text field '//*[@type='password']'.</msg>
<arg>${Pass}</arg>
<arg>${Password}</arg>
<doc>Types the given ``text`` into the text field identified by ``locator``.</doc>
<status status="PASS" start="2024-05-20T09:08:34.775737" elapsed="0.070315"/>
</kw>
<kw name="Capture Element Screenshot" owner="SeleniumLibrary">
<msg time="2024-05-20T09:08:34.932375" level="INFO" html="true">&lt;/td&gt;&lt;/tr&gt;&lt;tr&gt;&lt;td colspan="3"&gt;&lt;a href="../../Screenshots/HK/S2/HK_05-20-24%2009-08/selenium-element-screenshot-3.png"&gt;&lt;img src="../../Screenshots/HK/S2/HK_05-20-24%2009-08/selenium-element-screenshot-3.png" width="400px"&gt;&lt;/a&gt;</msg>
<arg>${Pass}</arg>
<doc>Captures a screenshot from the element identified by ``locator`` and embeds it into log file.</doc>
<status status="PASS" start="2024-05-20T09:08:34.847052" elapsed="0.085323"/>
</kw>
<kw name="Sleep" owner="BuiltIn">
<msg time="2024-05-20T09:08:35.932534" level="INFO">Slept 1 second.</msg>
<arg>1</arg>
<doc>Pauses the test executed for the given time.</doc>
<status status="PASS" start="2024-05-20T09:08:34.932375" elapsed="1.000159"/>
</kw>
<status status="PASS" start="2024-05-20T09:08:34.744469" elapsed="1.188065"/>
</kw>
<arg>Input Valid Password</arg>
<doc>Runs the keyword and continues execution even if a failure occurs.</doc>
<status status="PASS" start="2024-05-20T09:08:34.744469" elapsed="1.188065"/>
</kw>
<tag>TC007</tag>
<tag>Valid Account</tag>
<status status="PASS" start="2024-05-20T09:08:34.744469" elapsed="1.188065"/>
</test>
<test id="s1-t6" name="TC-003 - User should be able to click Login Button" line="31">
<kw name="Run Keyword And Continue On Failure" owner="BuiltIn">
<kw name="User should be able to click Login Button" owner="Login_Page_Keywords">
<kw name="Capture Element Screenshot" owner="SeleniumLibrary">
<msg time="2024-05-20T09:08:36.033821" level="INFO" html="true">&lt;/td&gt;&lt;/tr&gt;&lt;tr&gt;&lt;td colspan="3"&gt;&lt;a href="../../Screenshots/HK/S2/HK_05-20-24%2009-08/selenium-element-screenshot-4.png"&gt;&lt;img src="../../Screenshots/HK/S2/HK_05-20-24%2009-08/selenium-element-screenshot-4.png" width="400px"&gt;&lt;/a&gt;</msg>
<arg>${LoginButton}</arg>
<doc>Captures a screenshot from the element identified by ``locator`` and embeds it into log file.</doc>
<status status="PASS" start="2024-05-20T09:08:35.935539" elapsed="0.098282"/>
</kw>
<kw name="Click Element" owner="SeleniumLibrary">
<msg time="2024-05-20T09:08:36.033821" level="INFO">Clicking element '//button[@type='submit']'.</msg>
<arg>${LoginButton}</arg>
<doc>Click the element identified by ``locator``.</doc>
<status status="PASS" start="2024-05-20T09:08:36.033821" elapsed="0.036523"/>
</kw>
<kw name="Sleep" owner="BuiltIn">
<msg time="2024-05-20T09:08:38.070550" level="INFO">Slept 2 seconds.</msg>
<arg>2</arg>
<doc>Pauses the test executed for the given time.</doc>
<status status="PASS" start="2024-05-20T09:08:36.070344" elapsed="2.000206"/>
</kw>
<status status="PASS" start="2024-05-20T09:08:35.934539" elapsed="2.136011"/>
</kw>
<arg>User should be able to click Login Button</arg>
<doc>Runs the keyword and continues execution even if a failure occurs.</doc>
<status status="PASS" start="2024-05-20T09:08:35.934539" elapsed="2.136011"/>
</kw>
<kw name="Run Keyword And Continue On Failure" owner="BuiltIn">
<kw name="TC Sleep" owner="HK_S2_Config">
<kw name="Sleep" owner="BuiltIn">
<msg time="2024-05-20T09:08:48.070758" level="INFO">Slept 10 seconds.</msg>
<arg>10</arg>
<doc>Pauses the test executed for the given time.</doc>
<status status="PASS" start="2024-05-20T09:08:38.070550" elapsed="10.000208"/>
</kw>
<status status="PASS" start="2024-05-20T09:08:38.070550" elapsed="10.000208"/>
</kw>
<arg>TC Sleep</arg>
<doc>Runs the keyword and continues execution even if a failure occurs.</doc>
<status status="PASS" start="2024-05-20T09:08:38.070550" elapsed="10.000208"/>
</kw>
<tag>Login Button</tag>
<tag>TC008</tag>
<status status="PASS" start="2024-05-20T09:08:35.934539" elapsed="12.136219"/>
</test>
<test id="s1-t7" name="TC-004 - User should be able to view top navigation" line="36">
<kw name="Run Keyword And Continue On Failure" owner="BuiltIn">
<kw name="User should be able to view top navigation in HK Dealer Home Page" owner="Home_Page_Keywords">
<kw name="Wait Until Element Is Visible" owner="SeleniumLibrary">
<arg>${HomepageUserAccount}</arg>
<arg>10</arg>
<doc>Waits until the element ``locator`` is visible.</doc>
<status status="PASS" start="2024-05-20T09:08:48.070758" elapsed="0.004506"/>
</kw>
<kw name="Wait Until Element Is Visible" owner="SeleniumLibrary">
<arg>${HomepageOrders}</arg>
<arg>10</arg>
<doc>Waits until the element ``locator`` is visible.</doc>
<status status="PASS" start="2024-05-20T09:08:48.075264" elapsed="0.025994"/>
</kw>
<kw name="Wait Until Element Is Visible" owner="SeleniumLibrary">
<arg>${HomepageReturn}</arg>
<arg>10</arg>
<doc>Waits until the element ``locator`` is visible.</doc>
<status status="PASS" start="2024-05-20T09:08:48.101258" elapsed="0.015518"/>
</kw>
<kw name="Wait Until Element Is Visible" owner="SeleniumLibrary">
<arg>${HomepageMessage}</arg>
<arg>10</arg>
<doc>Waits until the element ``locator`` is visible.</doc>
<status status="PASS" start="2024-05-20T09:08:48.116776" elapsed="0.000000"/>
</kw>
<kw name="Capture Element Screenshot" owner="SeleniumLibrary">
<msg time="2024-05-20T09:08:48.214510" level="INFO" html="true">&lt;/td&gt;&lt;/tr&gt;&lt;tr&gt;&lt;td colspan="3"&gt;&lt;a href="../../Screenshots/HK/S2/HK_05-20-24%2009-08/selenium-element-screenshot-5.png"&gt;&lt;img src="../../Screenshots/HK/S2/HK_05-20-24%2009-08/selenium-element-screenshot-5.png" width="400px"&gt;&lt;/a&gt;</msg>
<arg>${HomepageUserAccount}</arg>
<doc>Captures a screenshot from the element identified by ``locator`` and embeds it into log file.</doc>
<status status="PASS" start="2024-05-20T09:08:48.116776" elapsed="0.097734"/>
</kw>
<kw name="Capture Element Screenshot" owner="SeleniumLibrary">
<msg time="2024-05-20T09:08:48.369521" level="INFO" html="true">&lt;/td&gt;&lt;/tr&gt;&lt;tr&gt;&lt;td colspan="3"&gt;&lt;a href="../../Screenshots/HK/S2/HK_05-20-24%2009-08/selenium-element-screenshot-6.png"&gt;&lt;img src="../../Screenshots/HK/S2/HK_05-20-24%2009-08/selenium-element-screenshot-6.png" width="400px"&gt;&lt;/a&gt;</msg>
<arg>${HomepageOrders}</arg>
<doc>Captures a screenshot from the element identified by ``locator`` and embeds it into log file.</doc>
<status status="PASS" start="2024-05-20T09:08:48.215508" elapsed="0.154013"/>
</kw>
<kw name="Capture Element Screenshot" owner="SeleniumLibrary">
<msg time="2024-05-20T09:08:48.469908" level="INFO" html="true">&lt;/td&gt;&lt;/tr&gt;&lt;tr&gt;&lt;td colspan="3"&gt;&lt;a href="../../Screenshots/HK/S2/HK_05-20-24%2009-08/selenium-element-screenshot-7.png"&gt;&lt;img src="../../Screenshots/HK/S2/HK_05-20-24%2009-08/selenium-element-screenshot-7.png" width="400px"&gt;&lt;/a&gt;</msg>
<arg>${HomepageReturn}</arg>
<doc>Captures a screenshot from the element identified by ``locator`` and embeds it into log file.</doc>
<status status="PASS" start="2024-05-20T09:08:48.369521" elapsed="0.100387"/>
</kw>
<kw name="Capture Element Screenshot" owner="SeleniumLibrary">
<msg time="2024-05-20T09:08:48.564301" level="INFO" html="true">&lt;/td&gt;&lt;/tr&gt;&lt;tr&gt;&lt;td colspan="3"&gt;&lt;a href="../../Screenshots/HK/S2/HK_05-20-24%2009-08/selenium-element-screenshot-8.png"&gt;&lt;img src="../../Screenshots/HK/S2/HK_05-20-24%2009-08/selenium-element-screenshot-8.png" width="400px"&gt;&lt;/a&gt;</msg>
<arg>${HomepageMessage}</arg>
<doc>Captures a screenshot from the element identified by ``locator`` and embeds it into log file.</doc>
<status status="PASS" start="2024-05-20T09:08:48.469908" elapsed="0.094393"/>
</kw>
<status status="PASS" start="2024-05-20T09:08:48.070758" elapsed="0.493543"/>
</kw>
<arg>User should be able to view top navigation in HK Dealer Home Page</arg>
<doc>Runs the keyword and continues execution even if a failure occurs.</doc>
<status status="PASS" start="2024-05-20T09:08:48.070758" elapsed="0.493543"/>
</kw>
<tag>TC014</tag>
<tag>Top Navigation</tag>
<status status="PASS" start="2024-05-20T09:08:48.070758" elapsed="0.493543"/>
</test>
<test id="s1-t8" name="TC-005 - User should be able to click account from top navigation" line="40">
<kw name="Run Keyword And Continue On Failure" owner="BuiltIn">
<kw name="User should be able to click account from top navigation" owner="Home_Page_Keywords">
<kw name="Click Element" owner="SeleniumLibrary">
<msg time="2024-05-20T09:08:48.564301" level="INFO">Clicking element '//dpp-login//button|(//dpp-login//button)[1]'.</msg>
<arg>${HomepageUserAccount}</arg>
<doc>Click the element identified by ``locator``.</doc>
<status status="PASS" start="2024-05-20T09:08:48.564301" elapsed="0.037276"/>
</kw>
<kw name="Sleep" owner="BuiltIn">
<msg time="2024-05-20T09:08:53.601960" level="INFO">Slept 5 seconds.</msg>
<arg>5</arg>
<doc>Pauses the test executed for the given time.</doc>
<status status="PASS" start="2024-05-20T09:08:48.601577" elapsed="5.000383"/>
</kw>
<kw name="Capture Page Screenshot" owner="SeleniumLibrary">
<msg time="2024-05-20T09:08:53.693482" level="INFO" html="true">&lt;/td&gt;&lt;/tr&gt;&lt;tr&gt;&lt;td colspan="3"&gt;&lt;a href="../../Screenshots/HK/S2/HK_05-20-24%2009-08/selenium-screenshot-1.png"&gt;&lt;img src="../../Screenshots/HK/S2/HK_05-20-24%2009-08/selenium-screenshot-1.png" width="800px"&gt;&lt;/a&gt;</msg>
<doc>Takes a screenshot of the current page and embeds it into a log file.</doc>
<status status="PASS" start="2024-05-20T09:08:53.601960" elapsed="0.091522"/>
</kw>
<status status="PASS" start="2024-05-20T09:08:48.564301" elapsed="5.129181"/>
</kw>
<arg>User should be able to click account from top navigation</arg>
<doc>Runs the keyword and continues execution even if a failure occurs.</doc>
<status status="PASS" start="2024-05-20T09:08:48.564301" elapsed="5.129181"/>
</kw>
<tag>TC015</tag>
<tag>Top Navigation</tag>
<status status="PASS" start="2024-05-20T09:08:48.564301" elapsed="5.129181"/>
</test>
<test id="s1-t9" name="TC-006 - User should be able to click orders from top navigation" line="44">
<kw name="Run Keyword And Continue On Failure" owner="BuiltIn">
<kw name="User should be able to click orders from top navigation" owner="Home_Page_Keywords">
<kw name="Click Element" owner="SeleniumLibrary">
<msg time="2024-05-20T09:08:53.693482" level="INFO">Clicking element '//dpp-order-notification//cx-icon[@class='cx-icon dpp-icons__header-orders']'.</msg>
<arg>${HomepageOrders}</arg>
<doc>Click the element identified by ``locator``.</doc>
<status status="PASS" start="2024-05-20T09:08:53.693482" elapsed="0.046648"/>
</kw>
<kw name="Sleep" owner="BuiltIn">
<msg time="2024-05-20T09:08:58.740657" level="INFO">Slept 5 seconds.</msg>
<arg>5</arg>
<doc>Pauses the test executed for the given time.</doc>
<status status="PASS" start="2024-05-20T09:08:53.740130" elapsed="5.000527"/>
</kw>
<kw name="Capture Page Screenshot" owner="SeleniumLibrary">
<msg time="2024-05-20T09:08:58.843071" level="INFO" html="true">&lt;/td&gt;&lt;/tr&gt;&lt;tr&gt;&lt;td colspan="3"&gt;&lt;a href="../../Screenshots/HK/S2/HK_05-20-24%2009-08/selenium-screenshot-2.png"&gt;&lt;img src="../../Screenshots/HK/S2/HK_05-20-24%2009-08/selenium-screenshot-2.png" width="800px"&gt;&lt;/a&gt;</msg>
<doc>Takes a screenshot of the current page and embeds it into a log file.</doc>
<status status="PASS" start="2024-05-20T09:08:58.740657" elapsed="0.102414"/>
</kw>
<status status="PASS" start="2024-05-20T09:08:53.693482" elapsed="5.149589"/>
</kw>
<arg>User should be able to click orders from top navigation</arg>
<doc>Runs the keyword and continues execution even if a failure occurs.</doc>
<status status="PASS" start="2024-05-20T09:08:53.693482" elapsed="5.149589"/>
</kw>
<tag>TC016</tag>
<tag>Top Navigation</tag>
<status status="PASS" start="2024-05-20T09:08:53.693482" elapsed="5.149589"/>
</test>
<test id="s1-t10" name="TC-007 - User should be able to click return from top navigation" line="48">
<kw name="Run Keyword And Continue On Failure" owner="BuiltIn">
<kw name="User should be able to click return from top navigation" owner="Home_Page_Keywords">
<kw name="Wait Until Element Is Visible" owner="SeleniumLibrary">
<arg>${HomepageReturn}</arg>
<doc>Waits until the element ``locator`` is visible.</doc>
<status status="PASS" start="2024-05-20T09:08:58.858700" elapsed="0.008507"/>
</kw>
<kw name="Click Element" owner="SeleniumLibrary">
<msg time="2024-05-20T09:08:58.867207" level="INFO">Clicking element '//dpp-return-notification//cx-icon[@class='cx-icon dpp-icons__header-returns']'.</msg>
<arg>${HomepageReturn}</arg>
<doc>Click the element identified by ``locator``.</doc>
<status status="PASS" start="2024-05-20T09:08:58.867207" elapsed="0.039177"/>
</kw>
<kw name="Sleep" owner="BuiltIn">
<msg time="2024-05-20T09:09:03.906651" level="INFO">Slept 5 seconds.</msg>
<arg>5</arg>
<doc>Pauses the test executed for the given time.</doc>
<status status="PASS" start="2024-05-20T09:08:58.906384" elapsed="5.000267"/>
</kw>
<kw name="Capture Page Screenshot" owner="SeleniumLibrary">
<msg time="2024-05-20T09:09:04.010257" level="INFO" html="true">&lt;/td&gt;&lt;/tr&gt;&lt;tr&gt;&lt;td colspan="3"&gt;&lt;a href="../../Screenshots/HK/S2/HK_05-20-24%2009-08/selenium-screenshot-3.png"&gt;&lt;img src="../../Screenshots/HK/S2/HK_05-20-24%2009-08/selenium-screenshot-3.png" width="800px"&gt;&lt;/a&gt;</msg>
<doc>Takes a screenshot of the current page and embeds it into a log file.</doc>
<status status="PASS" start="2024-05-20T09:09:03.906651" elapsed="0.103606"/>
</kw>
<status status="PASS" start="2024-05-20T09:08:58.858700" elapsed="5.151557"/>
</kw>
<arg>User should be able to click return from top navigation</arg>
<doc>Runs the keyword and continues execution even if a failure occurs.</doc>
<status status="PASS" start="2024-05-20T09:08:58.858700" elapsed="5.151557"/>
</kw>
<tag>TC017</tag>
<tag>Top Navigation</tag>
<status status="PASS" start="2024-05-20T09:08:58.843071" elapsed="5.167186"/>
</test>
<test id="s1-t11" name="TC-009 - User should be able to click messages from top navigation" line="52">
<kw name="Run Keyword And Continue On Failure" owner="BuiltIn">
<kw name="User should be able to click messages from top navigation" owner="Home_Page_Keywords">
<kw name="Wait Until Element Is Visible" owner="SeleniumLibrary">
<arg>${HomepageMessage}</arg>
<arg>10</arg>
<doc>Waits until the element ``locator`` is visible.</doc>
<status status="PASS" start="2024-05-20T09:09:04.010257" elapsed="0.015626"/>
</kw>
<kw name="Click Element" owner="SeleniumLibrary">
<msg time="2024-05-20T09:09:04.025883" level="INFO">Clicking element '//dpp-message-notification//cx-icon[@class='cx-icon dpp-icons__message-header']'.</msg>
<arg>${HomepageMessage}</arg>
<doc>Click the element identified by ``locator``.</doc>
<status status="PASS" start="2024-05-20T09:09:04.025883" elapsed="0.038281"/>
</kw>
<kw name="Sleep" owner="BuiltIn">
<msg time="2024-05-20T09:09:09.064846" level="INFO">Slept 5 seconds.</msg>
<arg>5</arg>
<doc>Pauses the test executed for the given time.</doc>
<status status="PASS" start="2024-05-20T09:09:04.064164" elapsed="5.000682"/>
</kw>
<kw name="Capture Page Screenshot" owner="SeleniumLibrary">
<msg time="2024-05-20T09:09:09.159494" level="INFO" html="true">&lt;/td&gt;&lt;/tr&gt;&lt;tr&gt;&lt;td colspan="3"&gt;&lt;a href="../../Screenshots/HK/S2/HK_05-20-24%2009-08/selenium-screenshot-4.png"&gt;&lt;img src="../../Screenshots/HK/S2/HK_05-20-24%2009-08/selenium-screenshot-4.png" width="800px"&gt;&lt;/a&gt;</msg>
<doc>Takes a screenshot of the current page and embeds it into a log file.</doc>
<status status="PASS" start="2024-05-20T09:09:09.064846" elapsed="0.094648"/>
</kw>
<status status="PASS" start="2024-05-20T09:09:04.010257" elapsed="5.149237"/>
</kw>
<arg>User should be able to click messages from top navigation</arg>
<doc>Runs the keyword and continues execution even if a failure occurs.</doc>
<status status="PASS" start="2024-05-20T09:09:04.010257" elapsed="5.149237"/>
</kw>
<tag>TC019</tag>
<tag>Top Navigation</tag>
<status status="PASS" start="2024-05-20T09:09:04.010257" elapsed="5.149237"/>
</test>
<test id="s1-t12" name="TC-010 - User should be able to click orders from left navigation" line="56">
<kw name="Run Keyword And Continue On Failure" owner="BuiltIn">
<kw name="User should be able to click orders from left navigation" owner="Home_Page_Keywords">
<kw name="Wait Until Element Is Visible" owner="SeleniumLibrary">
<arg>${HomepageOrdersMenu}</arg>
<arg>10</arg>
<doc>Waits until the element ``locator`` is visible.</doc>
<status status="PASS" start="2024-05-20T09:09:09.159494" elapsed="0.015623"/>
</kw>
<kw name="Scroll Element Into View" owner="SeleniumLibrary">
<arg>${HomepageOrdersMenu}</arg>
<doc>Scrolls the element identified by ``locator`` into view.</doc>
<status status="PASS" start="2024-05-20T09:09:09.175117" elapsed="0.274883"/>
</kw>
<kw name="Click Element" owner="SeleniumLibrary">
<msg time="2024-05-20T09:09:09.450000" level="INFO">Clicking element '//ul[@class='vertical-menu tab-level']//*[contains(text(),' Orders ')]|//div[@class='acc-tab__title']//*[contains(text(),'Orders')]'.</msg>
<arg>${HomepageOrdersMenu}</arg>
<doc>Click the element identified by ``locator``.</doc>
<status status="PASS" start="2024-05-20T09:09:09.450000" elapsed="0.056525"/>
</kw>
<kw name="Sleep" owner="BuiltIn">
<msg time="2024-05-20T09:09:14.507117" level="INFO">Slept 5 seconds.</msg>
<arg>5</arg>
<doc>Pauses the test executed for the given time.</doc>
<status status="PASS" start="2024-05-20T09:09:09.506525" elapsed="5.000592"/>
</kw>
<kw name="Capture Page Screenshot" owner="SeleniumLibrary">
<msg time="2024-05-20T09:09:14.625477" level="INFO" html="true">&lt;/td&gt;&lt;/tr&gt;&lt;tr&gt;&lt;td colspan="3"&gt;&lt;a href="../../Screenshots/HK/S2/HK_05-20-24%2009-08/selenium-screenshot-5.png"&gt;&lt;img src="../../Screenshots/HK/S2/HK_05-20-24%2009-08/selenium-screenshot-5.png" width="800px"&gt;&lt;/a&gt;</msg>
<doc>Takes a screenshot of the current page and embeds it into a log file.</doc>
<status status="PASS" start="2024-05-20T09:09:14.507117" elapsed="0.118360"/>
</kw>
<status status="PASS" start="2024-05-20T09:09:09.159494" elapsed="5.465983"/>
</kw>
<arg>User should be able to click orders from left navigation</arg>
<doc>Runs the keyword and continues execution even if a failure occurs.</doc>
<status status="PASS" start="2024-05-20T09:09:09.159494" elapsed="5.465983"/>
</kw>
<tag>Left Navigation</tag>
<tag>TC020</tag>
<status status="PASS" start="2024-05-20T09:09:09.159494" elapsed="5.465983"/>
</test>
<test id="s1-t13" name="TC-011 - User should be able to view Cutomer Orders Panel" line="60">
<kw name="Run Keyword And Continue On Failure" owner="BuiltIn">
<kw name="User should be able to view Cutomer Orders Panel" owner="Orders_Page_Keywords">
<kw name="Wait Until Element Is Visible" owner="SeleniumLibrary">
<arg>${HomepageOrdersMenu}</arg>
<arg>10</arg>
<doc>Waits until the element ``locator`` is visible.</doc>
<status status="PASS" start="2024-05-20T09:09:14.625477" elapsed="0.000000"/>
</kw>
<kw name="Click Element" owner="SeleniumLibrary">
<msg time="2024-05-20T09:09:14.625477" level="INFO">Clicking element '//ul[@class='vertical-menu tab-level']//*[contains(text(),' Orders ')]|//div[@class='acc-tab__title']//*[contains(text(),'Orders')]'.</msg>
<arg>${HomepageOrdersMenu}</arg>
<doc>Click the element identified by ``locator``.</doc>
<status status="PASS" start="2024-05-20T09:09:14.625477" elapsed="0.038183"/>
</kw>
<kw name="Wait Until Element Is Visible" owner="SeleniumLibrary">
<arg>${OrderPagePanelContainer}</arg>
<arg>10</arg>
<doc>Waits until the element ``locator`` is visible.</doc>
<status status="PASS" start="2024-05-20T09:09:14.663660" elapsed="0.014003"/>
</kw>
<kw name="Capture Page Screenshot" owner="SeleniumLibrary">
<msg time="2024-05-20T09:09:14.775967" level="INFO" html="true">&lt;/td&gt;&lt;/tr&gt;&lt;tr&gt;&lt;td colspan="3"&gt;&lt;a href="../../Screenshots/HK/S2/HK_05-20-24%2009-08/selenium-screenshot-6.png"&gt;&lt;img src="../../Screenshots/HK/S2/HK_05-20-24%2009-08/selenium-screenshot-6.png" width="800px"&gt;&lt;/a&gt;</msg>
<doc>Takes a screenshot of the current page and embeds it into a log file.</doc>
<status status="PASS" start="2024-05-20T09:09:14.677663" elapsed="0.098304"/>
</kw>
<kw name="Wait Until Element Is Visible" owner="SeleniumLibrary">
<arg>${HomepageOrdersMenu}</arg>
<arg>10</arg>
<doc>Waits until the element ``locator`` is visible.</doc>
<status status="PASS" start="2024-05-20T09:09:14.775967" elapsed="0.015625"/>
</kw>
<kw name="Wait Until Element Is Visible" owner="SeleniumLibrary">
<arg>${OrderPageTotalOrders}</arg>
<arg>10</arg>
<doc>Waits until the element ``locator`` is visible.</doc>
<status status="PASS" start="2024-05-20T09:09:14.791592" elapsed="0.016134"/>
</kw>
<kw name="Wait Until Element Is Visible" owner="SeleniumLibrary">
<arg>${OrderPageSortBar}</arg>
<arg>10</arg>
<doc>Waits until the element ``locator`` is visible.</doc>
<status status="PASS" start="2024-05-20T09:09:14.807726" elapsed="0.015508"/>
</kw>
<kw name="Wait Until Element Is Visible" owner="SeleniumLibrary">
<arg>${OrderPageStatusFilter}</arg>
<arg>10</arg>
<doc>Waits until the element ``locator`` is visible.</doc>
<status status="PASS" start="2024-05-20T09:09:14.823234" elapsed="0.015634"/>
</kw>
<kw name="Wait Until Element Is Visible" owner="SeleniumLibrary">
<arg>${OrderPageDateFilter}</arg>
<arg>10</arg>
<doc>Waits until the element ``locator`` is visible.</doc>
<status status="PASS" start="2024-05-20T09:09:14.838868" elapsed="0.000000"/>
</kw>
<kw name="Wait Until Element Is Visible" owner="SeleniumLibrary">
<arg>${OrderPageSearchBox}</arg>
<arg>10</arg>
<doc>Waits until the element ``locator`` is visible.</doc>
<status status="PASS" start="2024-05-20T09:09:14.838868" elapsed="0.015634"/>
</kw>
<kw name="Wait Until Element Is Visible" owner="SeleniumLibrary">
<arg>${OrderPageSearchButton}</arg>
<arg>10</arg>
<doc>Waits until the element ``locator`` is visible.</doc>
<status status="PASS" start="2024-05-20T09:09:14.854502" elapsed="0.015617"/>
</kw>
<kw name="Wait Until Element Is Visible" owner="SeleniumLibrary">
<arg>${OrderPageArrangeFilter}</arg>
<arg>10</arg>
<doc>Waits until the element ``locator`` is visible.</doc>
<status status="PASS" start="2024-05-20T09:09:14.870119" elapsed="0.015624"/>
</kw>
<kw name="Wait Until Element Is Visible" owner="SeleniumLibrary">
<arg>${OrderPageDetailsColumn}</arg>
<arg>10</arg>
<doc>Waits until the element ``locator`` is visible.</doc>
<status status="PASS" start="2024-05-20T09:09:14.885743" elapsed="0.015626"/>
</kw>
<kw name="Capture Element Screenshot" owner="SeleniumLibrary">
<msg time="2024-05-20T09:09:15.004277" level="INFO" html="true">&lt;/td&gt;&lt;/tr&gt;&lt;tr&gt;&lt;td colspan="3"&gt;&lt;a href="../../Screenshots/HK/S2/HK_05-20-24%2009-08/selenium-element-screenshot-9.png"&gt;&lt;img src="../../Screenshots/HK/S2/HK_05-20-24%2009-08/selenium-element-screenshot-9.png" width="400px"&gt;&lt;/a&gt;</msg>
<arg>${HomepageOrdersMenu}</arg>
<doc>Captures a screenshot from the element identified by ``locator`` and embeds it into log file.</doc>
<status status="PASS" start="2024-05-20T09:09:14.901369" elapsed="0.102908"/>
</kw>
<kw name="Capture Element Screenshot" owner="SeleniumLibrary">
<msg time="2024-05-20T09:09:15.115924" level="INFO" html="true">&lt;/td&gt;&lt;/tr&gt;&lt;tr&gt;&lt;td colspan="3"&gt;&lt;a href="../../Screenshots/HK/S2/HK_05-20-24%2009-08/selenium-element-screenshot-10.png"&gt;&lt;img src="../../Screenshots/HK/S2/HK_05-20-24%2009-08/selenium-element-screenshot-10.png" width="400px"&gt;&lt;/a&gt;</msg>
<arg>${OrderPageTotalOrders}</arg>
<doc>Captures a screenshot from the element identified by ``locator`` and embeds it into log file.</doc>
<status status="PASS" start="2024-05-20T09:09:15.004277" elapsed="0.111647"/>
</kw>
<kw name="Capture Element Screenshot" owner="SeleniumLibrary">
<msg time="2024-05-20T09:09:15.232447" level="INFO" html="true">&lt;/td&gt;&lt;/tr&gt;&lt;tr&gt;&lt;td colspan="3"&gt;&lt;a href="../../Screenshots/HK/S2/HK_05-20-24%2009-08/selenium-element-screenshot-11.png"&gt;&lt;img src="../../Screenshots/HK/S2/HK_05-20-24%2009-08/selenium-element-screenshot-11.png" width="400px"&gt;&lt;/a&gt;</msg>
<arg>${OrderPageSortBar}</arg>
<doc>Captures a screenshot from the element identified by ``locator`` and embeds it into log file.</doc>
<status status="PASS" start="2024-05-20T09:09:15.115924" elapsed="0.116523"/>
</kw>
<kw name="Capture Element Screenshot" owner="SeleniumLibrary">
<msg time="2024-05-20T09:09:15.330161" level="INFO" html="true">&lt;/td&gt;&lt;/tr&gt;&lt;tr&gt;&lt;td colspan="3"&gt;&lt;a href="../../Screenshots/HK/S2/HK_05-20-24%2009-08/selenium-element-screenshot-12.png"&gt;&lt;img src="../../Screenshots/HK/S2/HK_05-20-24%2009-08/selenium-element-screenshot-12.png" width="400px"&gt;&lt;/a&gt;</msg>
<arg>${OrderPageStatusFilter}</arg>
<doc>Captures a screenshot from the element identified by ``locator`` and embeds it into log file.</doc>
<status status="PASS" start="2024-05-20T09:09:15.232447" elapsed="0.097714"/>
</kw>
<kw name="Capture Element Screenshot" owner="SeleniumLibrary">
<msg time="2024-05-20T09:09:15.412755" level="INFO" html="true">&lt;/td&gt;&lt;/tr&gt;&lt;tr&gt;&lt;td colspan="3"&gt;&lt;a href="../../Screenshots/HK/S2/HK_05-20-24%2009-08/selenium-element-screenshot-13.png"&gt;&lt;img src="../../Screenshots/HK/S2/HK_05-20-24%2009-08/selenium-element-screenshot-13.png" width="400px"&gt;&lt;/a&gt;</msg>
<arg>${OrderPageDateFilter}</arg>
<doc>Captures a screenshot from the element identified by ``locator`` and embeds it into log file.</doc>
<status status="PASS" start="2024-05-20T09:09:15.330161" elapsed="0.082594"/>
</kw>
<kw name="Capture Element Screenshot" owner="SeleniumLibrary">
<msg time="2024-05-20T09:09:15.520919" level="INFO" html="true">&lt;/td&gt;&lt;/tr&gt;&lt;tr&gt;&lt;td colspan="3"&gt;&lt;a href="../../Screenshots/HK/S2/HK_05-20-24%2009-08/selenium-element-screenshot-14.png"&gt;&lt;img src="../../Screenshots/HK/S2/HK_05-20-24%2009-08/selenium-element-screenshot-14.png" width="400px"&gt;&lt;/a&gt;</msg>
<arg>${OrderPageSearchBox}</arg>
<doc>Captures a screenshot from the element identified by ``locator`` and embeds it into log file.</doc>
<status status="PASS" start="2024-05-20T09:09:15.412755" elapsed="0.108164"/>
</kw>
<kw name="Capture Element Screenshot" owner="SeleniumLibrary">
<msg time="2024-05-20T09:09:15.616828" level="INFO" html="true">&lt;/td&gt;&lt;/tr&gt;&lt;tr&gt;&lt;td colspan="3"&gt;&lt;a href="../../Screenshots/HK/S2/HK_05-20-24%2009-08/selenium-element-screenshot-15.png"&gt;&lt;img src="../../Screenshots/HK/S2/HK_05-20-24%2009-08/selenium-element-screenshot-15.png" width="400px"&gt;&lt;/a&gt;</msg>
<arg>${OrderPageSearchButton}</arg>
<doc>Captures a screenshot from the element identified by ``locator`` and embeds it into log file.</doc>
<status status="PASS" start="2024-05-20T09:09:15.520919" elapsed="0.095909"/>
</kw>
<kw name="Capture Element Screenshot" owner="SeleniumLibrary">
<msg time="2024-05-20T09:09:15.703144" level="INFO" html="true">&lt;/td&gt;&lt;/tr&gt;&lt;tr&gt;&lt;td colspan="3"&gt;&lt;a href="../../Screenshots/HK/S2/HK_05-20-24%2009-08/selenium-element-screenshot-16.png"&gt;&lt;img src="../../Screenshots/HK/S2/HK_05-20-24%2009-08/selenium-element-screenshot-16.png" width="400px"&gt;&lt;/a&gt;</msg>
<arg>${OrderPageArrangeFilter}</arg>
<doc>Captures a screenshot from the element identified by ``locator`` and embeds it into log file.</doc>
<status status="PASS" start="2024-05-20T09:09:15.616828" elapsed="0.086316"/>
</kw>
<kw name="Capture Element Screenshot" owner="SeleniumLibrary">
<msg time="2024-05-20T09:09:15.815610" level="INFO" html="true">&lt;/td&gt;&lt;/tr&gt;&lt;tr&gt;&lt;td colspan="3"&gt;&lt;a href="../../Screenshots/HK/S2/HK_05-20-24%2009-08/selenium-element-screenshot-17.png"&gt;&lt;img src="../../Screenshots/HK/S2/HK_05-20-24%2009-08/selenium-element-screenshot-17.png" width="400px"&gt;&lt;/a&gt;</msg>
<arg>${OrderPageDetailsColumn}</arg>
<doc>Captures a screenshot from the element identified by ``locator`` and embeds it into log file.</doc>
<status status="PASS" start="2024-05-20T09:09:15.703144" elapsed="0.112466"/>
</kw>
<kw name="Scroll Element Into View" owner="SeleniumLibrary">
<arg>${OrderPageDetailsPreviousPageButton}</arg>
<doc>Scrolls the element identified by ``locator`` into view.</doc>
<status status="PASS" start="2024-05-20T09:09:15.815610" elapsed="0.281981"/>
</kw>
<kw name="Capture Element Screenshot" owner="SeleniumLibrary">
<msg time="2024-05-20T09:09:16.263541" level="INFO" html="true">&lt;/td&gt;&lt;/tr&gt;&lt;tr&gt;&lt;td colspan="3"&gt;&lt;a href="../../Screenshots/HK/S2/HK_05-20-24%2009-08/selenium-element-screenshot-18.png"&gt;&lt;img src="../../Screenshots/HK/S2/HK_05-20-24%2009-08/selenium-element-screenshot-18.png" width="400px"&gt;&lt;/a&gt;</msg>
<arg>${OrderPageDetailsPreviousPageButton}</arg>
<doc>Captures a screenshot from the element identified by ``locator`` and embeds it into log file.</doc>
<status status="PASS" start="2024-05-20T09:09:16.097591" elapsed="0.165950"/>
</kw>
<kw name="Capture Element Screenshot" owner="SeleniumLibrary">
<msg time="2024-05-20T09:09:16.351776" level="INFO" html="true">&lt;/td&gt;&lt;/tr&gt;&lt;tr&gt;&lt;td colspan="3"&gt;&lt;a href="../../Screenshots/HK/S2/HK_05-20-24%2009-08/selenium-element-screenshot-19.png"&gt;&lt;img src="../../Screenshots/HK/S2/HK_05-20-24%2009-08/selenium-element-screenshot-19.png" width="400px"&gt;&lt;/a&gt;</msg>
<arg>${OrderPageDetailsNextPageButton}</arg>
<doc>Captures a screenshot from the element identified by ``locator`` and embeds it into log file.</doc>
<status status="PASS" start="2024-05-20T09:09:16.263541" elapsed="0.088235"/>
</kw>
<kw name="Capture Element Screenshot" owner="SeleniumLibrary">
<msg time="2024-05-20T09:09:16.429954" level="INFO" html="true">&lt;/td&gt;&lt;/tr&gt;&lt;tr&gt;&lt;td colspan="3"&gt;&lt;a href="../../Screenshots/HK/S2/HK_05-20-24%2009-08/selenium-element-screenshot-20.png"&gt;&lt;img src="../../Screenshots/HK/S2/HK_05-20-24%2009-08/selenium-element-screenshot-20.png" width="400px"&gt;&lt;/a&gt;</msg>
<arg>${OrderPageDetailsPage1Button}</arg>
<doc>Captures a screenshot from the element identified by ``locator`` and embeds it into log file.</doc>
<status status="PASS" start="2024-05-20T09:09:16.351776" elapsed="0.078178"/>
</kw>
<kw name="Sleep" owner="BuiltIn">
<msg time="2024-05-20T09:09:18.430370" level="INFO">Slept 2 seconds.</msg>
<arg>2</arg>
<doc>Pauses the test executed for the given time.</doc>
<status status="PASS" start="2024-05-20T09:09:16.429954" elapsed="2.000416"/>
</kw>
<status status="PASS" start="2024-05-20T09:09:14.625477" elapsed="3.804893"/>
</kw>
<arg>User should be able to view Cutomer Orders Panel</arg>
<doc>Runs the keyword and continues execution even if a failure occurs.</doc>
<status status="PASS" start="2024-05-20T09:09:14.625477" elapsed="3.804893"/>
</kw>
<kw name="Run Keyword And Continue On Failure" owner="BuiltIn">
<kw name="User should be able to view account orders page HK" owner="Orders_Page_Keywords">
<kw name="Wait Until Element Is Visible" owner="SeleniumLibrary">
<msg time="2024-05-20T09:09:28.660784" level="INFO" html="true">&lt;/td&gt;&lt;/tr&gt;&lt;tr&gt;&lt;td colspan="3"&gt;&lt;a href="../../Screenshots/HK/S2/HK_05-20-24%2009-08/selenium-screenshot-7.png"&gt;&lt;img src="../../Screenshots/HK/S2/HK_05-20-24%2009-08/selenium-screenshot-7.png" width="800px"&gt;&lt;/a&gt;</msg>
<msg time="2024-05-20T09:09:28.660784" level="FAIL">Element '//ul[@class='vertical-menu tab-level']//*[contains(text(),' Orders ')]|//ul[@class='vertical-menu tab-level']//*[contains(text(),' Order History ')]' not visible after 10 seconds.</msg>
<arg>${Retail_AccountpageOrdersMenu}</arg>
<arg>10</arg>
<doc>Waits until the element ``locator`` is visible.</doc>
<status status="FAIL" start="2024-05-20T09:09:18.430370" elapsed="10.231422">Element '//ul[@class='vertical-menu tab-level']//*[contains(text(),' Orders ')]|//ul[@class='vertical-menu tab-level']//*[contains(text(),' Order History ')]' not visible after 10 seconds.</status>
</kw>
<kw name="Click Element" owner="SeleniumLibrary">
<arg>${Retail_AccountpageOrdersMenu}</arg>
<doc>Click the element identified by ``locator``.</doc>
<status status="NOT RUN" start="2024-05-20T09:09:28.661792" elapsed="0.000000"/>
</kw>
<kw name="Wait Until Element Is Visible" owner="SeleniumLibrary">
<arg>${Retail_AccountOrderPagePanelContainer}</arg>
<arg>10</arg>
<doc>Waits until the element ``locator`` is visible.</doc>
<status status="NOT RUN" start="2024-05-20T09:09:28.662786" elapsed="0.000000"/>
</kw>
<kw name="Capture Page Screenshot" owner="SeleniumLibrary">
<doc>Takes a screenshot of the current page and embeds it into a log file.</doc>
<status status="NOT RUN" start="2024-05-20T09:09:28.662786" elapsed="0.000000"/>
</kw>
<kw name="Wait Until Element Is Visible" owner="SeleniumLibrary">
<arg>${Retail_HK_AccountOrderPageDetailsColumn}</arg>
<arg>10</arg>
<doc>Waits until the element ``locator`` is visible.</doc>
<status status="NOT RUN" start="2024-05-20T09:09:28.662786" elapsed="0.000000"/>
</kw>
<kw name="Wait Until Element Is Visible" owner="SeleniumLibrary">
<arg>${Retail_HK_AccountOrderPageDetailsPartslaneRefLabel}</arg>
<arg>10</arg>
<doc>Waits until the element ``locator`` is visible.</doc>
<status status="NOT RUN" start="2024-05-20T09:09:28.662786" elapsed="0.000000"/>
</kw>
<kw name="Wait Until Element Is Visible" owner="SeleniumLibrary">
<arg>${Retail_HK_AccountOrderPageDetailsCustAccNumLabel}</arg>
<arg>10</arg>
<doc>Waits until the element ``locator`` is visible.</doc>
<status status="NOT RUN" start="2024-05-20T09:09:28.662786" elapsed="0.000000"/>
</kw>
<kw name="Wait Until Element Is Visible" owner="SeleniumLibrary">
<arg>${Retail_HK_AccountOrderPageDetailsOrderDateLabel}</arg>
<arg>10</arg>
<doc>Waits until the element ``locator`` is visible.</doc>
<status status="NOT RUN" start="2024-05-20T09:09:28.662786" elapsed="0.000000"/>
</kw>
<kw name="Wait Until Element Is Visible" owner="SeleniumLibrary">
<arg>${Retail_HK_AccountOrderPageDetailsDeliveryMethod}</arg>
<arg>10</arg>
<doc>Waits until the element ``locator`` is visible.</doc>
<status status="NOT RUN" start="2024-05-20T09:09:28.662786" elapsed="0.000000"/>
</kw>
<kw name="Wait Until Element Is Visible" owner="SeleniumLibrary">
<arg>${Retail_HK_AccountOrderPageDetailsPaymentMethod}</arg>
<arg>10</arg>
<doc>Waits until the element ``locator`` is visible.</doc>
<status status="NOT RUN" start="2024-05-20T09:09:28.662786" elapsed="0.000000"/>
</kw>
<kw name="Wait Until Element Is Visible" owner="SeleniumLibrary">
<arg>${Retail_HK_AccountOrderPageDetailsTotalLabel}</arg>
<arg>10</arg>
<doc>Waits until the element ``locator`` is visible.</doc>
<status status="NOT RUN" start="2024-05-20T09:09:28.663786" elapsed="0.000000"/>
</kw>
<kw name="Wait Until Element Is Visible" owner="SeleniumLibrary">
<arg>${Retail_HK_AccountOrderPageDetailsStatusLabel}</arg>
<arg>10</arg>
<doc>Waits until the element ``locator`` is visible.</doc>
<status status="NOT RUN" start="2024-05-20T09:09:28.663786" elapsed="0.000000"/>
</kw>
<kw name="Wait Until Element Is Visible" owner="SeleniumLibrary">
<arg>${Retail_HK_AccountOrderPageDetailsReturnLabel}</arg>
<arg>10</arg>
<doc>Waits until the element ``locator`` is visible.</doc>
<status status="NOT RUN" start="2024-05-20T09:09:28.663786" elapsed="0.000000"/>
</kw>
<kw name="Capture Element Screenshot" owner="SeleniumLibrary">
<arg>${Retail_HK_AccountOrderPageDetailsColumn}</arg>
<doc>Captures a screenshot from the element identified by ``locator`` and embeds it into log file.</doc>
<status status="NOT RUN" start="2024-05-20T09:09:28.663786" elapsed="0.000000"/>
</kw>
<kw name="Capture Element Screenshot" owner="SeleniumLibrary">
<arg>${Retail_HK_AccountOrderPageDetailsPartslaneRefLabel}</arg>
<doc>Captures a screenshot from the element identified by ``locator`` and embeds it into log file.</doc>
<status status="NOT RUN" start="2024-05-20T09:09:28.663786" elapsed="0.000000"/>
</kw>
<kw name="Capture Element Screenshot" owner="SeleniumLibrary">
<arg>${Retail_HK_AccountOrderPageDetailsCustAccNumLabel}</arg>
<doc>Captures a screenshot from the element identified by ``locator`` and embeds it into log file.</doc>
<status status="NOT RUN" start="2024-05-20T09:09:28.663786" elapsed="0.000000"/>
</kw>
<kw name="Capture Element Screenshot" owner="SeleniumLibrary">
<arg>${Retail_HK_AccountOrderPageDetailsOrderDateLabel}</arg>
<doc>Captures a screenshot from the element identified by ``locator`` and embeds it into log file.</doc>
<status status="NOT RUN" start="2024-05-20T09:09:28.663786" elapsed="0.000000"/>
</kw>
<kw name="Capture Element Screenshot" owner="SeleniumLibrary">
<arg>${Retail_HK_AccountOrderPageDetailsDeliveryMethod}</arg>
<doc>Captures a screenshot from the element identified by ``locator`` and embeds it into log file.</doc>
<status status="NOT RUN" start="2024-05-20T09:09:28.663786" elapsed="0.000000"/>
</kw>
<kw name="Capture Element Screenshot" owner="SeleniumLibrary">
<arg>${Retail_HK_AccountOrderPageDetailsPaymentMethod}</arg>
<doc>Captures a screenshot from the element identified by ``locator`` and embeds it into log file.</doc>
<status status="NOT RUN" start="2024-05-20T09:09:28.664786" elapsed="0.000000"/>
</kw>
<kw name="Capture Element Screenshot" owner="SeleniumLibrary">
<arg>${Retail_HK_AccountOrderPageDetailsTotalLabel}</arg>
<doc>Captures a screenshot from the element identified by ``locator`` and embeds it into log file.</doc>
<status status="NOT RUN" start="2024-05-20T09:09:28.664786" elapsed="0.000000"/>
</kw>
<kw name="Capture Element Screenshot" owner="SeleniumLibrary">
<arg>${Retail_HK_AccountOrderPageDetailsStatusLabel}</arg>
<doc>Captures a screenshot from the element identified by ``locator`` and embeds it into log file.</doc>
<status status="NOT RUN" start="2024-05-20T09:09:28.664786" elapsed="0.000000"/>
</kw>
<kw name="Capture Element Screenshot" owner="SeleniumLibrary">
<arg>${Retail_HK_AccountOrderPageDetailsReturnLabel}</arg>
<doc>Captures a screenshot from the element identified by ``locator`` and embeds it into log file.</doc>
<status status="NOT RUN" start="2024-05-20T09:09:28.664786" elapsed="0.000000"/>
</kw>
<kw name="Sleep" owner="BuiltIn">
<arg>2</arg>
<doc>Pauses the test executed for the given time.</doc>
<status status="NOT RUN" start="2024-05-20T09:09:28.664786" elapsed="0.000000"/>
</kw>
<status status="FAIL" start="2024-05-20T09:09:18.430370" elapsed="10.234416">Element '//ul[@class='vertical-menu tab-level']//*[contains(text(),' Orders ')]|//ul[@class='vertical-menu tab-level']//*[contains(text(),' Order History ')]' not visible after 10 seconds.</status>
</kw>
<arg>User should be able to view account orders page HK</arg>
<doc>Runs the keyword and continues execution even if a failure occurs.</doc>
<status status="FAIL" start="2024-05-20T09:09:18.430370" elapsed="10.234416">Element '//ul[@class='vertical-menu tab-level']//*[contains(text(),' Orders ')]|//ul[@class='vertical-menu tab-level']//*[contains(text(),' Order History ')]' not visible after 10 seconds.</status>
</kw>
<tag>Order Page</tag>
<tag>TC033</tag>
<status status="FAIL" start="2024-05-20T09:09:14.625477" elapsed="14.040433">Element '//ul[@class='vertical-menu tab-level']//*[contains(text(),' Orders ')]|//ul[@class='vertical-menu tab-level']//*[contains(text(),' Order History ')]' not visible after 10 seconds.</status>
</test>
<test id="s1-t14" name="TC-012 - User should be able to select one order from the list" line="65">
<kw name="Run Keyword And Continue On Failure" owner="BuiltIn">
<kw name="User should be able to select one order from the list" owner="Orders_Page_Keywords">
<kw name="Wait Until Element Is Visible" owner="SeleniumLibrary">
<arg>${OrderPageHistory1}</arg>
<arg>10</arg>
<doc>Waits until the element ``locator`` is visible.</doc>
<status status="PASS" start="2024-05-20T09:09:28.667423" elapsed="0.008949"/>
</kw>
<kw name="Scroll Element Into View" owner="SeleniumLibrary">
<arg>${OrderPageHistory1}</arg>
<doc>Scrolls the element identified by ``locator`` into view.</doc>
<status status="PASS" start="2024-05-20T09:09:28.676372" elapsed="0.301240"/>
</kw>
<kw name="Click Element" owner="SeleniumLibrary">
<msg time="2024-05-20T09:09:28.977612" level="INFO">Clicking element '(//tr//td[@class='cx-order-history-code']//a[@class='cx-order-history-value'])[1]|(//tr//td[@class='cx-order-history-code'])[1]'.</msg>
<arg>${OrderPageHistory1}</arg>
<doc>Click the element identified by ``locator``.</doc>
<status status="PASS" start="2024-05-20T09:09:28.977612" elapsed="0.044725"/>
</kw>
<kw name="Sleep" owner="BuiltIn">
<msg time="2024-05-20T09:09:31.022835" level="INFO">Slept 2 seconds.</msg>
<arg>2</arg>
<doc>Pauses the test executed for the given time.</doc>
<status status="PASS" start="2024-05-20T09:09:29.022337" elapsed="2.000498"/>
</kw>
<kw name="Capture Page Screenshot" owner="SeleniumLibrary">
<msg time="2024-05-20T09:09:31.178089" level="INFO" html="true">&lt;/td&gt;&lt;/tr&gt;&lt;tr&gt;&lt;td colspan="3"&gt;&lt;a href="../../Screenshots/HK/S2/HK_05-20-24%2009-08/selenium-screenshot-8.png"&gt;&lt;img src="../../Screenshots/HK/S2/HK_05-20-24%2009-08/selenium-screenshot-8.png" width="800px"&gt;&lt;/a&gt;</msg>
<doc>Takes a screenshot of the current page and embeds it into a log file.</doc>
<status status="PASS" start="2024-05-20T09:09:31.022835" elapsed="0.155254"/>
</kw>
<status status="PASS" start="2024-05-20T09:09:28.667423" elapsed="2.510666"/>
</kw>
<arg>User should be able to select one order from the list</arg>
<doc>Runs the keyword and continues execution even if a failure occurs.</doc>
<status status="PASS" start="2024-05-20T09:09:28.667423" elapsed="2.510666"/>
</kw>
<tag>Order Page</tag>
<tag>TC034</tag>
<status status="PASS" start="2024-05-20T09:09:28.666415" elapsed="2.511674"/>
</test>
<test id="s1-t15" name="TC-013 - User should be able to view order details" line="69">
<kw name="Run Keyword And Continue On Failure" owner="BuiltIn">
<kw name="User should be able to view order details HK">
<msg time="2024-05-20T09:09:31.178089" level="FAIL">No keyword with name 'User should be able to view order details HK' found. Did you mean:
    Orders_Page_Keywords.User should be able to view order details
    Return_Page_Keywords.User should be able to view Return details</msg>
<status status="FAIL" start="2024-05-20T09:09:31.178089" elapsed="0.000000">No keyword with name 'User should be able to view order details HK' found. Did you mean:
    Orders_Page_Keywords.User should be able to view order details
    Return_Page_Keywords.User should be able to view Return details</status>
</kw>
<arg>User should be able to view order details HK</arg>
<doc>Runs the keyword and continues execution even if a failure occurs.</doc>
<status status="FAIL" start="2024-05-20T09:09:31.178089" elapsed="0.000000">No keyword with name 'User should be able to view order details HK' found. Did you mean:
    Orders_Page_Keywords.User should be able to view order details
    Return_Page_Keywords.User should be able to view Return details</status>
</kw>
<kw name="Run Keyword And Continue On Failure" owner="BuiltIn">
<kw name="TC Move to Top" owner="Home_Page_Keywords">
<kw name="Scroll Element Into View" owner="SeleniumLibrary">
<arg>${HomepageMyAccountLabel}</arg>
<doc>Scrolls the element identified by ``locator`` into view.</doc>
<status status="PASS" start="2024-05-20T09:09:31.178089" elapsed="0.284637"/>
</kw>
<kw name="Sleep" owner="BuiltIn">
<msg time="2024-05-20T09:09:34.464217" level="INFO">Slept 3 seconds.</msg>
<arg>3</arg>
<doc>Pauses the test executed for the given time.</doc>
<status status="PASS" start="2024-05-20T09:09:31.463725" elapsed="3.000492"/>
</kw>
<status status="PASS" start="2024-05-20T09:09:31.178089" elapsed="3.286128"/>
</kw>
<arg>TC Move to Top</arg>
<doc>Runs the keyword and continues execution even if a failure occurs.</doc>
<status status="PASS" start="2024-05-20T09:09:31.178089" elapsed="3.286128"/>
</kw>
<tag>Order Page</tag>
<tag>TC035</tag>
<status status="FAIL" start="2024-05-20T09:09:31.178089" elapsed="3.286128">No keyword with name 'User should be able to view order details HK' found. Did you mean:
    Orders_Page_Keywords.User should be able to view order details
    Return_Page_Keywords.User should be able to view Return details</status>
</test>
<test id="s1-t16" name="TC-014 - User should be able to click Return from left navigation" line="74">
<kw name="Run Keyword And Continue On Failure" owner="BuiltIn">
<kw name="User should be able to click Return from left navigation" owner="Home_Page_Keywords">
<kw name="Wait Until Element Is Visible" owner="SeleniumLibrary">
<arg>${HomepageReturnMenu}</arg>
<arg>10</arg>
<doc>Waits until the element ``locator`` is visible.</doc>
<status status="PASS" start="2024-05-20T09:09:34.464217" elapsed="0.018128"/>
</kw>
<kw name="Scroll Element Into View" owner="SeleniumLibrary">
<arg>${HomepageReturnMenu}</arg>
<doc>Scrolls the element identified by ``locator`` into view.</doc>
<status status="PASS" start="2024-05-20T09:09:34.483345" elapsed="0.276648"/>
</kw>
<kw name="Click Element" owner="SeleniumLibrary">
<msg time="2024-05-20T09:09:34.759993" level="INFO">Clicking element '//ul[@class='vertical-menu tab-level']//*[contains(text(),' Return ')]|//div[@class='acc-tab__title']//*[contains(text(),'Return')]'.</msg>
<arg>${HomepageReturnMenu}</arg>
<doc>Click the element identified by ``locator``.</doc>
<status status="PASS" start="2024-05-20T09:09:34.759993" elapsed="0.062467"/>
</kw>
<kw name="Sleep" owner="BuiltIn">
<msg time="2024-05-20T09:09:39.824769" level="INFO">Slept 5 seconds.</msg>
<arg>5</arg>
<doc>Pauses the test executed for the given time.</doc>
<status status="PASS" start="2024-05-20T09:09:34.823462" elapsed="5.001307"/>
</kw>
<kw name="Capture Page Screenshot" owner="SeleniumLibrary">
<msg time="2024-05-20T09:09:40.037582" level="INFO" html="true">&lt;/td&gt;&lt;/tr&gt;&lt;tr&gt;&lt;td colspan="3"&gt;&lt;a href="../../Screenshots/HK/S2/HK_05-20-24%2009-08/selenium-screenshot-9.png"&gt;&lt;img src="../../Screenshots/HK/S2/HK_05-20-24%2009-08/selenium-screenshot-9.png" width="800px"&gt;&lt;/a&gt;</msg>
<doc>Takes a screenshot of the current page and embeds it into a log file.</doc>
<status status="PASS" start="2024-05-20T09:09:39.826075" elapsed="0.211507"/>
</kw>
<status status="PASS" start="2024-05-20T09:09:34.464217" elapsed="5.573365"/>
</kw>
<arg>User should be able to click Return from left navigation</arg>
<doc>Runs the keyword and continues execution even if a failure occurs.</doc>
<status status="PASS" start="2024-05-20T09:09:34.464217" elapsed="5.573365"/>
</kw>
<tag>Left Navigation</tag>
<tag>TC021</tag>
<status status="PASS" start="2024-05-20T09:09:34.464217" elapsed="5.573365"/>
</test>
<test id="s1-t17" name="TC-015 - User should be able to select one return from the list" line="78">
<kw name="Run Keyword And Continue On Failure" owner="BuiltIn">
<kw name="User should be able to select one return from the list" owner="Return_Page_Keywords">
<kw name="Wait Until Element Is Visible" owner="SeleniumLibrary">
<msg time="2024-05-20T09:09:50.326895" level="INFO" html="true">&lt;/td&gt;&lt;/tr&gt;&lt;tr&gt;&lt;td colspan="3"&gt;&lt;a href="../../Screenshots/HK/S2/HK_05-20-24%2009-08/selenium-screenshot-10.png"&gt;&lt;img src="../../Screenshots/HK/S2/HK_05-20-24%2009-08/selenium-screenshot-10.png" width="800px"&gt;&lt;/a&gt;</msg>
<msg time="2024-05-20T09:09:50.326895" level="FAIL">Element '(//td//a[@class='cx-return-requests-value'])[1]|(//div//a[@class='cx-return-requests-value'])[1]' not visible after 10 seconds.</msg>
<arg>${ReturnPageHistory1}</arg>
<arg>10</arg>
<doc>Waits until the element ``locator`` is visible.</doc>
<status status="FAIL" start="2024-05-20T09:09:40.039582" elapsed="10.287313">Element '(//td//a[@class='cx-return-requests-value'])[1]|(//div//a[@class='cx-return-requests-value'])[1]' not visible after 10 seconds.</status>
</kw>
<kw name="Click Element" owner="SeleniumLibrary">
<arg>${ReturnPageHistory1}</arg>
<doc>Click the element identified by ``locator``.</doc>
<status status="NOT RUN" start="2024-05-20T09:09:50.326895" elapsed="0.000000"/>
</kw>
<kw name="Sleep" owner="BuiltIn">
<arg>3</arg>
<doc>Pauses the test executed for the given time.</doc>
<status status="NOT RUN" start="2024-05-20T09:09:50.326895" elapsed="0.000000"/>
</kw>
<kw name="Capture Page Screenshot" owner="SeleniumLibrary">
<doc>Takes a screenshot of the current page and embeds it into a log file.</doc>
<status status="NOT RUN" start="2024-05-20T09:09:50.326895" elapsed="0.000000"/>
</kw>
<status status="FAIL" start="2024-05-20T09:09:40.039582" elapsed="10.287313">Element '(//td//a[@class='cx-return-requests-value'])[1]|(//div//a[@class='cx-return-requests-value'])[1]' not visible after 10 seconds.</status>
</kw>
<arg>User should be able to select one return from the list</arg>
<doc>Runs the keyword and continues execution even if a failure occurs.</doc>
<status status="FAIL" start="2024-05-20T09:09:40.039582" elapsed="10.287313">Element '(//td//a[@class='cx-return-requests-value'])[1]|(//div//a[@class='cx-return-requests-value'])[1]' not visible after 10 seconds.</status>
</kw>
<tag>Return Page</tag>
<tag>TC037</tag>
<status status="FAIL" start="2024-05-20T09:09:40.039582" elapsed="10.287313">Element '(//td//a[@class='cx-return-requests-value'])[1]|(//div//a[@class='cx-return-requests-value'])[1]' not visible after 10 seconds.</status>
</test>
<test id="s1-t18" name="TC-016 - User should be able to view Return details" line="82">
<kw name="Run Keyword And Continue On Failure" owner="BuiltIn">
<kw name="User should be able to view Return details in HK Return Details Page" owner="Return_Page_Keywords">
<kw name="Wait Until Element Is Visible" owner="SeleniumLibrary">
<arg>${ReturnPageOrderDetailsHeader}</arg>
<arg>20</arg>
<doc>Waits until the element ``locator`` is visible.</doc>
<status status="PASS" start="2024-05-20T09:09:50.326895" elapsed="0.016418"/>
</kw>
<kw name="Wait Until Element Is Visible" owner="SeleniumLibrary">
<msg time="2024-05-20T09:10:00.643692" level="INFO" html="true">&lt;/td&gt;&lt;/tr&gt;&lt;tr&gt;&lt;td colspan="3"&gt;&lt;a href="../../Screenshots/HK/S2/HK_05-20-24%2009-08/selenium-screenshot-11.png"&gt;&lt;img src="../../Screenshots/HK/S2/HK_05-20-24%2009-08/selenium-screenshot-11.png" width="800px"&gt;&lt;/a&gt;</msg>
<msg time="2024-05-20T09:10:00.643692" level="FAIL">Element '//span[@class='status']' not visible after 10 seconds.</msg>
<arg>${ReturnPageOrderDetailsStatus}</arg>
<arg>10</arg>
<doc>Waits until the element ``locator`` is visible.</doc>
<status status="FAIL" start="2024-05-20T09:09:50.343313" elapsed="10.314835">Element '//span[@class='status']' not visible after 10 seconds.</status>
</kw>
<kw name="Capture Element Screenshot" owner="SeleniumLibrary">
<arg>${ReturnPageOrderDetailsHeader}</arg>
<doc>Captures a screenshot from the element identified by ``locator`` and embeds it into log file.</doc>
<status status="NOT RUN" start="2024-05-20T09:10:00.658148" elapsed="0.000000"/>
</kw>
<kw name="Capture Element Screenshot" owner="SeleniumLibrary">
<arg>${ReturnPageOrderDetailsStatus}</arg>
<doc>Captures a screenshot from the element identified by ``locator`` and embeds it into log file.</doc>
<status status="NOT RUN" start="2024-05-20T09:10:00.658148" elapsed="0.000000"/>
</kw>
<kw name="Wait Until Element Is Visible" owner="SeleniumLibrary">
<arg>${ReturnPageOrderDetailsContainer}</arg>
<arg>10</arg>
<doc>Waits until the element ``locator`` is visible.</doc>
<status status="NOT RUN" start="2024-05-20T09:10:00.658148" elapsed="0.000000"/>
</kw>
<kw name="Wait Until Element Is Visible" owner="SeleniumLibrary">
<arg>${ReturnPageOrderDetailsPartsRefLabel}</arg>
<arg>20</arg>
<doc>Waits until the element ``locator`` is visible.</doc>
<status status="NOT RUN" start="2024-05-20T09:10:00.659155" elapsed="0.000000"/>
</kw>
<kw name="Wait Until Element Is Visible" owner="SeleniumLibrary">
<arg>${ReturnPageOrderDetailsCustNameLabel}</arg>
<arg>10</arg>
<doc>Waits until the element ``locator`` is visible.</doc>
<status status="NOT RUN" start="2024-05-20T09:10:00.659155" elapsed="0.000000"/>
</kw>
<kw name="Wait Until Element Is Visible" owner="SeleniumLibrary">
<arg>${ReturnPageOrderDetailsOrderDateLabel}</arg>
<arg>10</arg>
<doc>Waits until the element ``locator`` is visible.</doc>
<status status="NOT RUN" start="2024-05-20T09:10:00.659155" elapsed="0.000000"/>
</kw>
<kw name="Wait Until Element Is Visible" owner="SeleniumLibrary">
<arg>${ReturnPageOrderDetailsRetReqDateLabel}</arg>
<arg>10</arg>
<doc>Waits until the element ``locator`` is visible.</doc>
<status status="NOT RUN" start="2024-05-20T09:10:00.659155" elapsed="0.000000"/>
</kw>
<kw name="Wait Until Element Is Visible" owner="SeleniumLibrary">
<arg>${ReturnPageOrderDetailsPartsRefValue}</arg>
<arg>10</arg>
<doc>Waits until the element ``locator`` is visible.</doc>
<status status="NOT RUN" start="2024-05-20T09:10:00.659155" elapsed="0.000000"/>
</kw>
<kw name="Wait Until Element Is Visible" owner="SeleniumLibrary">
<arg>${ReturnPageOrderDetailsCustOrderNumValue}</arg>
<arg>10</arg>
<doc>Waits until the element ``locator`` is visible.</doc>
<status status="NOT RUN" start="2024-05-20T09:10:00.660012" elapsed="0.000000"/>
</kw>
<kw name="Wait Until Element Is Visible" owner="SeleniumLibrary">
<arg>${ReturnPageOrderDetailsCustNameValue}</arg>
<arg>10</arg>
<doc>Waits until the element ``locator`` is visible.</doc>
<status status="NOT RUN" start="2024-05-20T09:10:00.660012" elapsed="0.000000"/>
</kw>
<kw name="Wait Until Element Is Visible" owner="SeleniumLibrary">
<arg>${ReturnPageOrderDetailsSupRefValue}</arg>
<arg>10</arg>
<doc>Waits until the element ``locator`` is visible.</doc>
<status status="NOT RUN" start="2024-05-20T09:10:00.660012" elapsed="0.000000"/>
</kw>
<kw name="Wait Until Element Is Visible" owner="SeleniumLibrary">
<arg>${ReturnPageOrderDetailsSupValue}</arg>
<arg>10</arg>
<doc>Waits until the element ``locator`` is visible.</doc>
<status status="NOT RUN" start="2024-05-20T09:10:00.660012" elapsed="0.000000"/>
</kw>
<kw name="Wait Until Element Is Visible" owner="SeleniumLibrary">
<arg>${ReturnPageOrderDetailsOrderDateValue}</arg>
<arg>10</arg>
<doc>Waits until the element ``locator`` is visible.</doc>
<status status="NOT RUN" start="2024-05-20T09:10:00.660012" elapsed="0.000000"/>
</kw>
<kw name="Capture Element Screenshot" owner="SeleniumLibrary">
<arg>${ReturnPageOrderDetailsContainer}</arg>
<doc>Captures a screenshot from the element identified by ``locator`` and embeds it into log file.</doc>
<status status="NOT RUN" start="2024-05-20T09:10:00.660012" elapsed="0.000000"/>
</kw>
<kw name="Capture Element Screenshot" owner="SeleniumLibrary">
<arg>${ReturnPageOrderDetailsPartsRefLabel}</arg>
<doc>Captures a screenshot from the element identified by ``locator`` and embeds it into log file.</doc>
<status status="NOT RUN" start="2024-05-20T09:10:00.660012" elapsed="0.000000"/>
</kw>
<kw name="Capture Element Screenshot" owner="SeleniumLibrary">
<arg>${ReturnPageOrderDetailsCustNameLabel}</arg>
<doc>Captures a screenshot from the element identified by ``locator`` and embeds it into log file.</doc>
<status status="NOT RUN" start="2024-05-20T09:10:00.660012" elapsed="0.000000"/>
</kw>
<kw name="Capture Element Screenshot" owner="SeleniumLibrary">
<arg>${ReturnPageOrderDetailsOrderDateLabel}</arg>
<doc>Captures a screenshot from the element identified by ``locator`` and embeds it into log file.</doc>
<status status="NOT RUN" start="2024-05-20T09:10:00.660012" elapsed="0.000000"/>
</kw>
<kw name="Capture Element Screenshot" owner="SeleniumLibrary">
<arg>${ReturnPageOrderDetailsRetReqDateLabel}</arg>
<doc>Captures a screenshot from the element identified by ``locator`` and embeds it into log file.</doc>
<status status="NOT RUN" start="2024-05-20T09:10:00.660012" elapsed="0.000000"/>
</kw>
<kw name="Capture Element Screenshot" owner="SeleniumLibrary">
<arg>${ReturnPageOrderDetailsPartsRefValue}</arg>
<doc>Captures a screenshot from the element identified by ``locator`` and embeds it into log file.</doc>
<status status="NOT RUN" start="2024-05-20T09:10:00.660012" elapsed="0.000000"/>
</kw>
<kw name="Capture Element Screenshot" owner="SeleniumLibrary">
<arg>${ReturnPageOrderDetailsCustOrderNumValue}</arg>
<doc>Captures a screenshot from the element identified by ``locator`` and embeds it into log file.</doc>
<status status="NOT RUN" start="2024-05-20T09:10:00.660012" elapsed="0.000000"/>
</kw>
<kw name="Capture Element Screenshot" owner="SeleniumLibrary">
<arg>${ReturnPageOrderDetailsCustNameValue}</arg>
<doc>Captures a screenshot from the element identified by ``locator`` and embeds it into log file.</doc>
<status status="NOT RUN" start="2024-05-20T09:10:00.660012" elapsed="0.000000"/>
</kw>
<kw name="Capture Element Screenshot" owner="SeleniumLibrary">
<arg>${ReturnPageOrderDetailsSupRefValue}</arg>
<doc>Captures a screenshot from the element identified by ``locator`` and embeds it into log file.</doc>
<status status="NOT RUN" start="2024-05-20T09:10:00.660012" elapsed="0.000000"/>
</kw>
<kw name="Capture Element Screenshot" owner="SeleniumLibrary">
<arg>${ReturnPageOrderDetailsSupValue}</arg>
<doc>Captures a screenshot from the element identified by ``locator`` and embeds it into log file.</doc>
<status status="NOT RUN" start="2024-05-20T09:10:00.660012" elapsed="0.000000"/>
</kw>
<kw name="Capture Element Screenshot" owner="SeleniumLibrary">
<arg>${ReturnPageOrderDetailsOrderDateValue}</arg>
<doc>Captures a screenshot from the element identified by ``locator`` and embeds it into log file.</doc>
<status status="NOT RUN" start="2024-05-20T09:10:00.660012" elapsed="0.000000"/>
</kw>
<kw name="Scroll Element Into View" owner="SeleniumLibrary">
<arg>${ReturnPageOrderReturnContainer}</arg>
<doc>Scrolls the element identified by ``locator`` into view.</doc>
<status status="NOT RUN" start="2024-05-20T09:10:00.660012" elapsed="0.000000"/>
</kw>
<kw name="Wait Until Element Is Visible" owner="SeleniumLibrary">
<arg>${ReturnPageOrderReturnHeader}</arg>
<arg>10</arg>
<doc>Waits until the element ``locator`` is visible.</doc>
<status status="NOT RUN" start="2024-05-20T09:10:00.660012" elapsed="0.000000"/>
</kw>
<kw name="Wait Until Element Is Visible" owner="SeleniumLibrary">
<arg>${ReturnPageOrderReturnItemList}</arg>
<arg>10</arg>
<doc>Waits until the element ``locator`` is visible.</doc>
<status status="NOT RUN" start="2024-05-20T09:10:00.660012" elapsed="0.000000"/>
</kw>
<kw name="Capture Element Screenshot" owner="SeleniumLibrary">
<arg>${ReturnPageOrderReturnContainer}</arg>
<doc>Captures a screenshot from the element identified by ``locator`` and embeds it into log file.</doc>
<status status="NOT RUN" start="2024-05-20T09:10:00.660012" elapsed="0.000000"/>
</kw>
<kw name="Capture Element Screenshot" owner="SeleniumLibrary">
<arg>${ReturnPageOrderReturnHeader}</arg>
<doc>Captures a screenshot from the element identified by ``locator`` and embeds it into log file.</doc>
<status status="NOT RUN" start="2024-05-20T09:10:00.660012" elapsed="0.000000"/>
</kw>
<kw name="Capture Element Screenshot" owner="SeleniumLibrary">
<arg>${ReturnPageOrderReturnItemList}</arg>
<doc>Captures a screenshot from the element identified by ``locator`` and embeds it into log file.</doc>
<status status="NOT RUN" start="2024-05-20T09:10:00.660012" elapsed="0.000000"/>
</kw>
<kw name="Scroll Element Into View" owner="SeleniumLibrary">
<arg>${ReturnPageOrderReturnDataSectionContainer}</arg>
<doc>Scrolls the element identified by ``locator`` into view.</doc>
<status status="NOT RUN" start="2024-05-20T09:10:00.660012" elapsed="0.000000"/>
</kw>
<kw name="Wait Until Element Is Visible" owner="SeleniumLibrary">
<arg>${ReturnPageOrderReturnDataSectionReasonLabel}</arg>
<arg>10</arg>
<doc>Waits until the element ``locator`` is visible.</doc>
<status status="NOT RUN" start="2024-05-20T09:10:00.660012" elapsed="0.000000"/>
</kw>
<kw name="Wait Until Element Is Visible" owner="SeleniumLibrary">
<arg>${ReturnPageOrderReturnDataSectionReasonSelection}</arg>
<arg>10</arg>
<doc>Waits until the element ``locator`` is visible.</doc>
<status status="NOT RUN" start="2024-05-20T09:10:00.660012" elapsed="0.000000"/>
</kw>
<kw name="Wait Until Element Is Visible" owner="SeleniumLibrary">
<arg>${ReturnPageOrderReturnDataSectionQtyLabel}</arg>
<arg>10</arg>
<doc>Waits until the element ``locator`` is visible.</doc>
<status status="NOT RUN" start="2024-05-20T09:10:00.660012" elapsed="0.000000"/>
</kw>
<kw name="Wait Until Element Is Visible" owner="SeleniumLibrary">
<arg>${ReturnPageOrderReturnDataSectionQtyValue}</arg>
<arg>10</arg>
<doc>Waits until the element ``locator`` is visible.</doc>
<status status="NOT RUN" start="2024-05-20T09:10:00.660012" elapsed="0.000000"/>
</kw>
<kw name="Wait Until Element Is Visible" owner="SeleniumLibrary">
<arg>${ReturnPageOrderReturnDataSectionNoteLabel}</arg>
<arg>10</arg>
<doc>Waits until the element ``locator`` is visible.</doc>
<status status="NOT RUN" start="2024-05-20T09:10:00.660012" elapsed="0.000000"/>
</kw>
<kw name="Wait Until Element Is Visible" owner="SeleniumLibrary">
<arg>${ReturnPageOrderReturnDataSectionNoteTextField}</arg>
<arg>10</arg>
<doc>Waits until the element ``locator`` is visible.</doc>
<status status="NOT RUN" start="2024-05-20T09:10:00.660012" elapsed="0.000000"/>
</kw>
<kw name="Wait Until Element Is Visible" owner="SeleniumLibrary">
<arg>${ReturnPageOrderReturnDataSectionImageLabel}</arg>
<arg>10</arg>
<doc>Waits until the element ``locator`` is visible.</doc>
<status status="NOT RUN" start="2024-05-20T09:10:00.660012" elapsed="0.000000"/>
</kw>
<kw name="Wait Until Element Is Visible" owner="SeleniumLibrary">
<arg>${ReturnPageOrderReturnDataSectionImageField}</arg>
<arg>10</arg>
<doc>Waits until the element ``locator`` is visible.</doc>
<status status="NOT RUN" start="2024-05-20T09:10:00.660012" elapsed="0.000000"/>
</kw>
<kw name="Capture Element Screenshot" owner="SeleniumLibrary">
<arg>${ReturnPageOrderReturnDataSectionContainer}</arg>
<doc>Captures a screenshot from the element identified by ``locator`` and embeds it into log file.</doc>
<status status="NOT RUN" start="2024-05-20T09:10:00.660012" elapsed="0.000000"/>
</kw>
<kw name="Capture Element Screenshot" owner="SeleniumLibrary">
<arg>${ReturnPageOrderReturnDataSectionReasonLabel}</arg>
<doc>Captures a screenshot from the element identified by ``locator`` and embeds it into log file.</doc>
<status status="NOT RUN" start="2024-05-20T09:10:00.660012" elapsed="0.000000"/>
</kw>
<kw name="Capture Element Screenshot" owner="SeleniumLibrary">
<arg>${ReturnPageOrderReturnDataSectionReasonSelection}</arg>
<doc>Captures a screenshot from the element identified by ``locator`` and embeds it into log file.</doc>
<status status="NOT RUN" start="2024-05-20T09:10:00.660012" elapsed="0.000000"/>
</kw>
<kw name="Capture Element Screenshot" owner="SeleniumLibrary">
<arg>${ReturnPageOrderReturnDataSectionQtyLabel}</arg>
<doc>Captures a screenshot from the element identified by ``locator`` and embeds it into log file.</doc>
<status status="NOT RUN" start="2024-05-20T09:10:00.660012" elapsed="0.000000"/>
</kw>
<kw name="Capture Element Screenshot" owner="SeleniumLibrary">
<arg>${ReturnPageOrderReturnDataSectionQtyValue}</arg>
<doc>Captures a screenshot from the element identified by ``locator`` and embeds it into log file.</doc>
<status status="NOT RUN" start="2024-05-20T09:10:00.660012" elapsed="0.000000"/>
</kw>
<kw name="Capture Element Screenshot" owner="SeleniumLibrary">
<arg>${ReturnPageOrderReturnDataSectionNoteLabel}</arg>
<doc>Captures a screenshot from the element identified by ``locator`` and embeds it into log file.</doc>
<status status="NOT RUN" start="2024-05-20T09:10:00.660012" elapsed="0.000000"/>
</kw>
<kw name="Capture Element Screenshot" owner="SeleniumLibrary">
<arg>${ReturnPageOrderReturnDataSectionNoteTextField}</arg>
<doc>Captures a screenshot from the element identified by ``locator`` and embeds it into log file.</doc>
<status status="NOT RUN" start="2024-05-20T09:10:00.660012" elapsed="0.000000"/>
</kw>
<kw name="Capture Element Screenshot" owner="SeleniumLibrary">
<arg>${ReturnPageOrderReturnDataSectionImageLabel}</arg>
<doc>Captures a screenshot from the element identified by ``locator`` and embeds it into log file.</doc>
<status status="NOT RUN" start="2024-05-20T09:10:00.660012" elapsed="0.000000"/>
</kw>
<kw name="Capture Element Screenshot" owner="SeleniumLibrary">
<arg>${ReturnPageOrderReturnDataSectionImageField}</arg>
<doc>Captures a screenshot from the element identified by ``locator`` and embeds it into log file.</doc>
<status status="NOT RUN" start="2024-05-20T09:10:00.660012" elapsed="0.000000"/>
</kw>
<kw name="Scroll Element Into View" owner="SeleniumLibrary">
<arg>${ReturnPageOrderReturnApproveRejectContainer}</arg>
<doc>Scrolls the element identified by ``locator`` into view.</doc>
<status status="NOT RUN" start="2024-05-20T09:10:00.660012" elapsed="0.000000"/>
</kw>
<kw name="Wait Until Element Is Visible" owner="SeleniumLibrary">
<arg>${ReturnPageOrderReturnNoteLabel}</arg>
<arg>10</arg>
<doc>Waits until the element ``locator`` is visible.</doc>
<status status="NOT RUN" start="2024-05-20T09:10:00.660012" elapsed="0.000000"/>
</kw>
<kw name="Wait Until Element Is Visible" owner="SeleniumLibrary">
<arg>${ReturnPageOrderReturnApproveRejectNoteTextField}</arg>
<arg>10</arg>
<doc>Waits until the element ``locator`` is visible.</doc>
<status status="NOT RUN" start="2024-05-20T09:10:00.660012" elapsed="0.000000"/>
</kw>
<kw name="Capture Element Screenshot" owner="SeleniumLibrary">
<arg>${ReturnPageOrderReturnApproveRejectContainer}</arg>
<doc>Captures a screenshot from the element identified by ``locator`` and embeds it into log file.</doc>
<status status="NOT RUN" start="2024-05-20T09:10:00.660012" elapsed="0.000000"/>
</kw>
<kw name="Capture Element Screenshot" owner="SeleniumLibrary">
<arg>${ReturnPageOrderReturnNoteLabel}</arg>
<doc>Captures a screenshot from the element identified by ``locator`` and embeds it into log file.</doc>
<status status="NOT RUN" start="2024-05-20T09:10:00.660012" elapsed="0.000000"/>
</kw>
<kw name="Capture Element Screenshot" owner="SeleniumLibrary">
<arg>${ReturnPageOrderReturnApproveRejectNoteTextField}</arg>
<doc>Captures a screenshot from the element identified by ``locator`` and embeds it into log file.</doc>
<status status="NOT RUN" start="2024-05-20T09:10:00.660012" elapsed="0.000000"/>
</kw>
<kw name="Scroll Element Into View" owner="SeleniumLibrary">
<arg>${ReturnPageOrderReturnMessageContainer}</arg>
<doc>Scrolls the element identified by ``locator`` into view.</doc>
<status status="NOT RUN" start="2024-05-20T09:10:00.660012" elapsed="0.000000"/>
</kw>
<kw name="Wait Until Element Is Visible" owner="SeleniumLibrary">
<arg>${ReturnPageOrderReturnMessageSupplierButton}</arg>
<arg>10</arg>
<doc>Waits until the element ``locator`` is visible.</doc>
<status status="NOT RUN" start="2024-05-20T09:10:00.660012" elapsed="0.000000"/>
</kw>
<kw name="Capture Element Screenshot" owner="SeleniumLibrary">
<arg>${ReturnPageOrderReturnMessageContainer}</arg>
<doc>Captures a screenshot from the element identified by ``locator`` and embeds it into log file.</doc>
<status status="NOT RUN" start="2024-05-20T09:10:00.660012" elapsed="0.000000"/>
</kw>
<kw name="Capture Element Screenshot" owner="SeleniumLibrary">
<arg>${ReturnPageOrderReturnMessageSupplierButton}</arg>
<doc>Captures a screenshot from the element identified by ``locator`` and embeds it into log file.</doc>
<status status="NOT RUN" start="2024-05-20T09:10:00.660012" elapsed="0.000000"/>
</kw>
<kw name="Sleep" owner="BuiltIn">
<arg>2</arg>
<doc>Pauses the test executed for the given time.</doc>
<status status="NOT RUN" start="2024-05-20T09:10:00.660012" elapsed="0.000000"/>
</kw>
<status status="FAIL" start="2024-05-20T09:09:50.326895" elapsed="10.333117">Element '//span[@class='status']' not visible after 10 seconds.</status>
</kw>
<arg>User should be able to view Return details in HK Return Details Page</arg>
<doc>Runs the keyword and continues execution even if a failure occurs.</doc>
<status status="FAIL" start="2024-05-20T09:09:50.326895" elapsed="10.333117">Element '//span[@class='status']' not visible after 10 seconds.</status>
</kw>
<kw name="Run Keyword And Continue On Failure" owner="BuiltIn">
<kw name="TC Move to Top" owner="Home_Page_Keywords">
<kw name="Scroll Element Into View" owner="SeleniumLibrary">
<arg>${HomepageMyAccountLabel}</arg>
<doc>Scrolls the element identified by ``locator`` into view.</doc>
<status status="PASS" start="2024-05-20T09:10:00.660012" elapsed="0.319712"/>
</kw>
<kw name="Sleep" owner="BuiltIn">
<msg time="2024-05-20T09:10:03.980281" level="INFO">Slept 3 seconds.</msg>
<arg>3</arg>
<doc>Pauses the test executed for the given time.</doc>
<status status="PASS" start="2024-05-20T09:10:00.979724" elapsed="3.000557"/>
</kw>
<status status="PASS" start="2024-05-20T09:10:00.660012" elapsed="3.320269"/>
</kw>
<arg>TC Move to Top</arg>
<doc>Runs the keyword and continues execution even if a failure occurs.</doc>
<status status="PASS" start="2024-05-20T09:10:00.660012" elapsed="3.320269"/>
</kw>
<tag>Return Page</tag>
<tag>TC038</tag>
<status status="FAIL" start="2024-05-20T09:09:50.326895" elapsed="13.653386">Element '//span[@class='status']' not visible after 10 seconds.</status>
</test>
<test id="s1-t19" name="TC-022 - User should be able to click and expand Customer Management" line="87">
<kw name="Run Keyword And Continue On Failure" owner="BuiltIn">
<kw name="User should be able to click and expand Customer Management" owner="Home_Page_Keywords">
<kw name="Wait Until Element Is Visible" owner="SeleniumLibrary">
<arg>${HomepageCustomerMenu}</arg>
<arg>10</arg>
<doc>Waits until the element ``locator`` is visible.</doc>
<status status="PASS" start="2024-05-20T09:10:03.980281" elapsed="0.016291"/>
</kw>
<kw name="Scroll Element Into View" owner="SeleniumLibrary">
<arg>${HomepageCustomerMenu}</arg>
<doc>Scrolls the element identified by ``locator`` into view.</doc>
<status status="PASS" start="2024-05-20T09:10:03.996572" elapsed="0.282316"/>
</kw>
<kw name="Click Element" owner="SeleniumLibrary">
<msg time="2024-05-20T09:10:04.278888" level="INFO">Clicking element '//ul[@class='vertical-menu tab-level']//*[contains(text(),' Customer ')]|//div[@class='acc-tab__title']//*[contains(text(),'Customer')]'.</msg>
<arg>${HomepageCustomerMenu}</arg>
<doc>Click the element identified by ``locator``.</doc>
<status status="PASS" start="2024-05-20T09:10:04.278888" elapsed="0.050746"/>
</kw>
<kw name="Sleep" owner="BuiltIn">
<msg time="2024-05-20T09:10:09.330249" level="INFO">Slept 5 seconds.</msg>
<arg>5</arg>
<doc>Pauses the test executed for the given time.</doc>
<status status="PASS" start="2024-05-20T09:10:04.329634" elapsed="5.000615"/>
</kw>
<status status="PASS" start="2024-05-20T09:10:03.980281" elapsed="5.349968"/>
</kw>
<arg>User should be able to click and expand Customer Management</arg>
<doc>Runs the keyword and continues execution even if a failure occurs.</doc>
<status status="PASS" start="2024-05-20T09:10:03.980281" elapsed="5.349968"/>
</kw>
<tag>Left Navigation</tag>
<tag>TC022</tag>
<status status="PASS" start="2024-05-20T09:10:03.980281" elapsed="5.349968"/>
</test>
<test id="s1-t20" name="TC-023 - User should be able to click Customer Manegement - Buyer Rel from left navigation" line="91">
<kw name="Run Keyword And Continue On Failure" owner="BuiltIn">
<kw name="User should be able to click Customer Manegement - Buyer Rel from left navigation" owner="Home_Page_Keywords">
<kw name="Wait Until Element Is Visible" owner="SeleniumLibrary">
<arg>${HomepageCustomerBuyerRelation}</arg>
<arg>10</arg>
<doc>Waits until the element ``locator`` is visible.</doc>
<status status="PASS" start="2024-05-20T09:10:09.330249" elapsed="0.012285"/>
</kw>
<kw name="Scroll Element Into View" owner="SeleniumLibrary">
<arg>${HomepageCustomerBuyerRelation}</arg>
<doc>Scrolls the element identified by ``locator`` into view.</doc>
<status status="PASS" start="2024-05-20T09:10:09.342534" elapsed="0.283629"/>
</kw>
<kw name="Click Element" owner="SeleniumLibrary">
<msg time="2024-05-20T09:10:09.626163" level="INFO">Clicking element '//div[@class='tab-data has-child']//a[contains(text(),'Customer Relationship') or contains(text(),'Buyer Relationship')]|//div[@class='acc-tab__sub-acc show-item']//a[contains(text(),'Customer Relationship') or contains(text(),'Buyer Relationship')]'.</msg>
<arg>${HomepageCustomerBuyerRelation}</arg>
<doc>Click the element identified by ``locator``.</doc>
<status status="PASS" start="2024-05-20T09:10:09.626163" elapsed="0.039930"/>
</kw>
<kw name="Sleep" owner="BuiltIn">
<msg time="2024-05-20T09:10:14.666375" level="INFO">Slept 5 seconds.</msg>
<arg>5</arg>
<doc>Pauses the test executed for the given time.</doc>
<status status="PASS" start="2024-05-20T09:10:09.666093" elapsed="5.000282"/>
</kw>
<kw name="Capture Page Screenshot" owner="SeleniumLibrary">
<msg time="2024-05-20T09:10:14.859433" level="INFO" html="true">&lt;/td&gt;&lt;/tr&gt;&lt;tr&gt;&lt;td colspan="3"&gt;&lt;a href="../../Screenshots/HK/S2/HK_05-20-24%2009-08/selenium-screenshot-12.png"&gt;&lt;img src="../../Screenshots/HK/S2/HK_05-20-24%2009-08/selenium-screenshot-12.png" width="800px"&gt;&lt;/a&gt;</msg>
<doc>Takes a screenshot of the current page and embeds it into a log file.</doc>
<status status="PASS" start="2024-05-20T09:10:14.666375" elapsed="0.193058"/>
</kw>
<status status="PASS" start="2024-05-20T09:10:09.330249" elapsed="5.529184"/>
</kw>
<arg>User should be able to click Customer Manegement - Buyer Rel from left navigation</arg>
<doc>Runs the keyword and continues execution even if a failure occurs.</doc>
<status status="PASS" start="2024-05-20T09:10:09.330249" elapsed="5.529184"/>
</kw>
<tag>Left Navigation</tag>
<tag>TC024</tag>
<status status="PASS" start="2024-05-20T09:10:09.330249" elapsed="5.529184"/>
</test>
<test id="s1-t21" name="TC-024 - User should be able to view Buyer Rel Page" line="95">
<kw name="Run Keyword And Continue On Failure" owner="BuiltIn">
<kw name="User should be able to view Buyer Rel Page" owner="BuyerRel_Page_Keywords">
<kw name="Wait Until Element Is Visible" owner="SeleniumLibrary">
<msg time="2024-05-20T09:10:25.053388" level="INFO" html="true">&lt;/td&gt;&lt;/tr&gt;&lt;tr&gt;&lt;td colspan="3"&gt;&lt;a href="../../Screenshots/HK/S2/HK_05-20-24%2009-08/selenium-screenshot-13.png"&gt;&lt;img src="../../Screenshots/HK/S2/HK_05-20-24%2009-08/selenium-screenshot-13.png" width="800px"&gt;&lt;/a&gt;</msg>
<msg time="2024-05-20T09:10:25.053388" level="FAIL">Element '//dpp-buyer-relationship|//dpp-hk-buyer-relationship|//dpp-toyota-buyer-relationship' not visible after 10 seconds.</msg>
<arg>${BuyerRelPagePanelContainer}</arg>
<arg>10</arg>
<doc>Waits until the element ``locator`` is visible.</doc>
<status status="FAIL" start="2024-05-20T09:10:14.859433" elapsed="10.193955">Element '//dpp-buyer-relationship|//dpp-hk-buyer-relationship|//dpp-toyota-buyer-relationship' not visible after 10 seconds.</status>
</kw>
<kw name="Wait Until Element Is Visible" owner="SeleniumLibrary">
<arg>${BuyerRelPagePanelHeader}</arg>
<arg>10</arg>
<doc>Waits until the element ``locator`` is visible.</doc>
<status status="NOT RUN" start="2024-05-20T09:10:25.053388" elapsed="0.000000"/>
</kw>
<kw name="Capture Page Screenshot" owner="SeleniumLibrary">
<doc>Takes a screenshot of the current page and embeds it into a log file.</doc>
<status status="NOT RUN" start="2024-05-20T09:10:25.053388" elapsed="0.000000"/>
</kw>
<kw name="Sleep" owner="BuiltIn">
<arg>2</arg>
<doc>Pauses the test executed for the given time.</doc>
<status status="NOT RUN" start="2024-05-20T09:10:25.054390" elapsed="0.000000"/>
</kw>
<status status="FAIL" start="2024-05-20T09:10:14.859433" elapsed="10.194957">Element '//dpp-buyer-relationship|//dpp-hk-buyer-relationship|//dpp-toyota-buyer-relationship' not visible after 10 seconds.</status>
</kw>
<arg>User should be able to view Buyer Rel Page</arg>
<doc>Runs the keyword and continues execution even if a failure occurs.</doc>
<status status="FAIL" start="2024-05-20T09:10:14.859433" elapsed="10.194957">Element '//dpp-buyer-relationship|//dpp-hk-buyer-relationship|//dpp-toyota-buyer-relationship' not visible after 10 seconds.</status>
</kw>
<kw name="Run Keyword And Continue On Failure" owner="BuiltIn">
<kw name="TC Move to Top" owner="Home_Page_Keywords">
<kw name="Scroll Element Into View" owner="SeleniumLibrary">
<arg>${HomepageMyAccountLabel}</arg>
<doc>Scrolls the element identified by ``locator`` into view.</doc>
<status status="PASS" start="2024-05-20T09:10:25.055388" elapsed="0.287104"/>
</kw>
<kw name="Sleep" owner="BuiltIn">
<msg time="2024-05-20T09:10:28.342736" level="INFO">Slept 3 seconds.</msg>
<arg>3</arg>
<doc>Pauses the test executed for the given time.</doc>
<status status="PASS" start="2024-05-20T09:10:25.342492" elapsed="3.000244"/>
</kw>
<status status="PASS" start="2024-05-20T09:10:25.054390" elapsed="3.288346"/>
</kw>
<arg>TC Move to Top</arg>
<doc>Runs the keyword and continues execution even if a failure occurs.</doc>
<status status="PASS" start="2024-05-20T09:10:25.054390" elapsed="3.288346"/>
</kw>
<tag>New RegReq Page</tag>
<tag>TC043</tag>
<status status="FAIL" start="2024-05-20T09:10:14.859433" elapsed="13.483303">Element '//dpp-buyer-relationship|//dpp-hk-buyer-relationship|//dpp-toyota-buyer-relationship' not visible after 10 seconds.</status>
</test>
<test id="s1-t22" name="TC-025 - User should be able to click Messages from left navigation" line="100">
<kw name="Run Keyword And Continue On Failure" owner="BuiltIn">
<kw name="User should be able to click Messages from left navigation" owner="Home_Page_Keywords">
<kw name="Wait Until Element Is Visible" owner="SeleniumLibrary">
<msg time="2024-05-20T09:10:36.083950" level="WARN">Keyword 'Capture Page Screenshot' could not be run on failure: Message: no such window: target window already closed
from unknown error: web view not found
  (Session info: chrome=125.0.6422.61)
Stacktrace:
	GetHandleVerifier [0x00007FF6B72A22C2+60002]
	(No symbol) [0x00007FF6B721CA59]
	(No symbol) [0x00007FF6B70D7EDA]
	(No symbol) [0x00007FF6B70AD5B5]
	(No symbol) [0x00007FF6B7153727]
	(No symbol) [0x00007FF6B716B3A1]
	(No symbol) [0x00007FF6B714C033]
	(No symbol) [0x00007FF6B7119657]
	(No symbol) [0x00007FF6B711A251]
	GetHandleVerifier [0x00007FF6B75B3E2D+3278285]
	GetHandleVerifier [0x00007FF6B7600190+3590448]
	GetHandleVerifier [0x00007FF6B75F61D0+3549552]
	GetHandleVerifier [0x00007FF6B7351DE6+779654]
	(No symbol) [0x00007FF6B7227ACF]
	(No symbol) [0x00007FF6B7222EE4]
	(No symbol) [0x00007FF6B7223072]
	(No symbol) [0x00007FF6B7212C4F]
	(No symbol) [0x00007FF98B90257D]
	RtlUserThreadStart [0x00007FF98DC0AA48+40]
</msg>
<msg time="2024-05-20T09:10:36.083950" level="FAIL">NoSuchWindowException: Message: no such window: target window already closed
from unknown error: web view not found
  (Session info: chrome=125.0.6422.61)
Stacktrace:
	GetHandleVerifier [0x00007FF6B72A22C2+60002]
	(No symbol) [0x00007FF6B721CA59]
	(No symbol) [0x00007FF6B70D7EDA]
	(No symbol) [0x00007FF6B70AD5B5]
	(No symbol) [0x00007FF6B7153727]
	(No symbol) [0x00007FF6B716B3A1]
	(No symbol) [0x00007FF6B714C033]
	(No symbol) [0x00007FF6B7119657]
	(No symbol) [0x00007FF6B711A251]
	GetHandleVerifier [0x00007FF6B75B3E2D+3278285]
	GetHandleVerifier [0x00007FF6B7600190+3590448]
	GetHandleVerifier [0x00007FF6B75F61D0+3549552]
	GetHandleVerifier [0x00007FF6B7351DE6+779654]
	(No symbol) [0x00007FF6B7227ACF]
	(No symbol) [0x00007FF6B7222EE4]
	(No symbol) [0x00007FF6B7223072]
	(No symbol) [0x00007FF6B7212C4F]
	(No symbol) [0x00007FF98B90257D]
	RtlUserThreadStart [0x00007FF98DC0AA48+40]
</msg>
<arg>${HomepageMessagesMenu}</arg>
<arg>10</arg>
<doc>Waits until the element ``locator`` is visible.</doc>
<status status="FAIL" start="2024-05-20T09:10:28.342736" elapsed="7.747650">NoSuchWindowException: Message: no such window: target window already closed
from unknown error: web view not found
  (Session info: chrome=125.0.6422.61)
Stacktrace:
	GetHandleVerifier [0x00007FF6B72A22C2+60002]
	(No symbol) [0x00007FF6B721CA59]
	(No symbol) [0x00007FF6B70D7EDA]
	(No symbol) [0x00007FF6B70AD5B5]
	(No symbol) [0x00007FF6B7153727]
	(No symbol) [0x00007FF6B716B3A1]
	(No symbol) [0x00007FF6B714C033]
	(No symbol) [0x00007FF6B7119657]
	(No symbol) [0x00007FF6B711A251]
	GetHandleVerifier [0x00007FF6B75B3E2D+3278285]
	GetHandleVerifier [0x00007FF6B7600190+3590448]
	GetHandleVerifier [0x00007FF6B75F61D0+3549552]
	GetHandleVerifier [0x00007FF6B7351DE6+779654]
	(No symbol) [0x00007FF6B7227ACF]
	(No symbol) [0x00007FF6B7222EE4]
	(No symbol) [0x00007FF6B7223072]
	(No symbol) [0x00007FF6B7212C4F]
	(No symbol) [0x00007FF98B90257D]
	RtlUserThreadStart [0x00007FF98DC0AA48+40]
</status>
</kw>
<kw name="Scroll Element Into View" owner="SeleniumLibrary">
<arg>${HomepageMessagesMenu}</arg>
<doc>Scrolls the element identified by ``locator`` into view.</doc>
<status status="NOT RUN" start="2024-05-20T09:10:36.090386" elapsed="0.000000"/>
</kw>
<kw name="Click Element" owner="SeleniumLibrary">
<arg>${HomepageMessagesMenu}</arg>
<doc>Click the element identified by ``locator``.</doc>
<status status="NOT RUN" start="2024-05-20T09:10:36.091396" elapsed="0.000000"/>
</kw>
<kw name="Sleep" owner="BuiltIn">
<arg>5</arg>
<doc>Pauses the test executed for the given time.</doc>
<status status="NOT RUN" start="2024-05-20T09:10:36.091396" elapsed="0.000000"/>
</kw>
<kw name="Capture Page Screenshot" owner="SeleniumLibrary">
<doc>Takes a screenshot of the current page and embeds it into a log file.</doc>
<status status="NOT RUN" start="2024-05-20T09:10:36.091396" elapsed="0.000000"/>
</kw>
<status status="FAIL" start="2024-05-20T09:10:28.342736" elapsed="7.748660">NoSuchWindowException: Message: no such window: target window already closed
from unknown error: web view not found
  (Session info: chrome=125.0.6422.61)
Stacktrace:
	GetHandleVerifier [0x00007FF6B72A22C2+60002]
	(No symbol) [0x00007FF6B721CA59]
	(No symbol) [0x00007FF6B70D7EDA]
	(No symbol) [0x00007FF6B70AD5B5]
	(No symbol) [0x00007FF6B7153727]
	(No symbol) [0x00007FF6B716B3A1]
	(No symbol) [0x00007FF6B714C033]
	(No symbol) [0x00007FF6B7119657]
	(No symbol) [0x00007FF6B711A251]
	GetHandleVerifier [0x00007FF6B75B3E2D+3278285]
	GetHandleVerifier [0x00007FF6B7600190+3590448]
	GetHandleVerifier [0x00007FF6B75F61D0+3549552]
	GetHandleVerifier [0x00007FF6B7351DE6+779654]
	(No symbol) [0x00007FF6B7227ACF]
	(No symbol) [0x00007FF6B7222EE4]
	(No symbol) [0x00007FF6B7223072]
	(No symbol) [0x00007FF6B7212C4F]
	(No symbol) [0x00007FF98B90257D]
	RtlUserThreadStart [0x00007FF98DC0AA48+40]
</status>
</kw>
<arg>User should be able to click Messages from left navigation</arg>
<doc>Runs the keyword and continues execution even if a failure occurs.</doc>
<status status="FAIL" start="2024-05-20T09:10:28.342736" elapsed="7.748660">NoSuchWindowException: Message: no such window: target window already closed
from unknown error: web view not found
  (Session info: chrome=125.0.6422.61)
Stacktrace:
	GetHandleVerifier [0x00007FF6B72A22C2+60002]
	(No symbol) [0x00007FF6B721CA59]
	(No symbol) [0x00007FF6B70D7EDA]
	(No symbol) [0x00007FF6B70AD5B5]
	(No symbol) [0x00007FF6B7153727]
	(No symbol) [0x00007FF6B716B3A1]
	(No symbol) [0x00007FF6B714C033]
	(No symbol) [0x00007FF6B7119657]
	(No symbol) [0x00007FF6B711A251]
	GetHandleVerifier [0x00007FF6B75B3E2D+3278285]
	GetHandleVerifier [0x00007FF6B7600190+3590448]
	GetHandleVerifier [0x00007FF6B75F61D0+3549552]
	GetHandleVerifier [0x00007FF6B7351DE6+779654]
	(No symbol) [0x00007FF6B7227ACF]
	(No symbol) [0x00007FF6B7222EE4]
	(No symbol) [0x00007FF6B7223072]
	(No symbol) [0x00007FF6B7212C4F]
	(No symbol) [0x00007FF98B90257D]
	RtlUserThreadStart [0x00007FF98DC0AA48+40]
</status>
</kw>
<tag>Left Navigation</tag>
<tag>TC025</tag>
<status status="FAIL" start="2024-05-20T09:10:28.342736" elapsed="7.749658">NoSuchWindowException: Message: no such window: target window already closed
from unknown error: web view not found
  (Session info: chrome=125.0.6422.61)
Stacktrace:
	GetHandleVerifier [0x00007FF6B72A22C2+60002]
	(No symbol) [0x00007FF6B721CA59]
	(No symbol) [0x00007FF6B70D7EDA]
	(No symbol) [0x00007FF6B70AD5B5]
	(No symbol) [0x00007FF6B7153727]
	(No symbol) [0x00007FF6B716B3A1]
	(No symbol) [0x00007FF6B714C033]
	(No symbol) [0x00007FF6B7119657]
	(No symbol) [0x00007FF6B711A251]
	GetHandleVerifier [0x00007FF6B75B3E2D+3278285]
	GetHandleVerifier [0x00007FF6B7600190+3590448]
	GetHandleVerifier [0x00007FF6B75F61D0+3549552]
	GetHandleVerifier [0x00007FF6B7351DE6+779654]
	(No symbol) [0x00007FF6B7227ACF]
	(No symbol) [0x00007FF6B7222EE4]
	(No symbol) [0x00007FF6B7223072]
	(No symbol) [0x00007FF6B7212C4F]
	(No symbol) [0x00007FF98B90257D]
	RtlUserThreadStart [0x00007FF98DC0AA48+40]
</status>
</test>
<test id="s1-t23" name="TC-026 - User should be able to view message page" line="104">
<kw name="Run Keyword And Continue On Failure" owner="BuiltIn">
<kw name="User should be able to view message page" owner="Message_Page_Keywords">
<kw name="Wait Until Element Is Visible" owner="SeleniumLibrary">
<msg time="2024-05-20T09:10:36.096397" level="WARN">Keyword 'Capture Page Screenshot' could not be run on failure: Message: no such window: target window already closed
from unknown error: web view not found
  (Session info: chrome=125.0.6422.61)
Stacktrace:
	GetHandleVerifier [0x00007FF6B72A22C2+60002]
	(No symbol) [0x00007FF6B721CA59]
	(No symbol) [0x00007FF6B70D7EDA]
	(No symbol) [0x00007FF6B70AD5B5]
	(No symbol) [0x00007FF6B7153727]
	(No symbol) [0x00007FF6B716B3A1]
	(No symbol) [0x00007FF6B714C033]
	(No symbol) [0x00007FF6B7119657]
	(No symbol) [0x00007FF6B711A251]
	GetHandleVerifier [0x00007FF6B75B3E2D+3278285]
	GetHandleVerifier [0x00007FF6B7600190+3590448]
	GetHandleVerifier [0x00007FF6B75F61D0+3549552]
	GetHandleVerifier [0x00007FF6B7351DE6+779654]
	(No symbol) [0x00007FF6B7227ACF]
	(No symbol) [0x00007FF6B7222EE4]
	(No symbol) [0x00007FF6B7223072]
	(No symbol) [0x00007FF6B7212C4F]
	(No symbol) [0x00007FF98B90257D]
	RtlUserThreadStart [0x00007FF98DC0AA48+40]
</msg>
<msg time="2024-05-20T09:10:36.097395" level="FAIL">NoSuchWindowException: Message: no such window: target window already closed
from unknown error: web view not found
  (Session info: chrome=125.0.6422.61)
Stacktrace:
	GetHandleVerifier [0x00007FF6B72A22C2+60002]
	(No symbol) [0x00007FF6B721CA59]
	(No symbol) [0x00007FF6B70D7EDA]
	(No symbol) [0x00007FF6B70AD5B5]
	(No symbol) [0x00007FF6B7153727]
	(No symbol) [0x00007FF6B716B3A1]
	(No symbol) [0x00007FF6B714C033]
	(No symbol) [0x00007FF6B7119657]
	(No symbol) [0x00007FF6B711A251]
	GetHandleVerifier [0x00007FF6B75B3E2D+3278285]
	GetHandleVerifier [0x00007FF6B7600190+3590448]
	GetHandleVerifier [0x00007FF6B75F61D0+3549552]
	GetHandleVerifier [0x00007FF6B7351DE6+779654]
	(No symbol) [0x00007FF6B7227ACF]
	(No symbol) [0x00007FF6B7222EE4]
	(No symbol) [0x00007FF6B7223072]
	(No symbol) [0x00007FF6B7212C4F]
	(No symbol) [0x00007FF98B90257D]
	RtlUserThreadStart [0x00007FF98DC0AA48+40]
</msg>
<arg>${MessagePagePanelContainer}</arg>
<arg>10</arg>
<doc>Waits until the element ``locator`` is visible.</doc>
<status status="FAIL" start="2024-05-20T09:10:36.094397" elapsed="0.003996">NoSuchWindowException: Message: no such window: target window already closed
from unknown error: web view not found
  (Session info: chrome=125.0.6422.61)
Stacktrace:
	GetHandleVerifier [0x00007FF6B72A22C2+60002]
	(No symbol) [0x00007FF6B721CA59]
	(No symbol) [0x00007FF6B70D7EDA]
	(No symbol) [0x00007FF6B70AD5B5]
	(No symbol) [0x00007FF6B7153727]
	(No symbol) [0x00007FF6B716B3A1]
	(No symbol) [0x00007FF6B714C033]
	(No symbol) [0x00007FF6B7119657]
	(No symbol) [0x00007FF6B711A251]
	GetHandleVerifier [0x00007FF6B75B3E2D+3278285]
	GetHandleVerifier [0x00007FF6B7600190+3590448]
	GetHandleVerifier [0x00007FF6B75F61D0+3549552]
	GetHandleVerifier [0x00007FF6B7351DE6+779654]
	(No symbol) [0x00007FF6B7227ACF]
	(No symbol) [0x00007FF6B7222EE4]
	(No symbol) [0x00007FF6B7223072]
	(No symbol) [0x00007FF6B7212C4F]
	(No symbol) [0x00007FF98B90257D]
	RtlUserThreadStart [0x00007FF98DC0AA48+40]
</status>
</kw>
<kw name="Wait Until Element Is Visible" owner="SeleniumLibrary">
<arg>${MessagePagePanelHeader}</arg>
<arg>10</arg>
<doc>Waits until the element ``locator`` is visible.</doc>
<status status="NOT RUN" start="2024-05-20T09:10:36.098393" elapsed="0.000000"/>
</kw>
<kw name="Capture Page Screenshot" owner="SeleniumLibrary">
<doc>Takes a screenshot of the current page and embeds it into a log file.</doc>
<status status="NOT RUN" start="2024-05-20T09:10:36.099394" elapsed="0.000000"/>
</kw>
<kw name="Sleep" owner="BuiltIn">
<arg>2</arg>
<doc>Pauses the test executed for the given time.</doc>
<status status="NOT RUN" start="2024-05-20T09:10:36.099394" elapsed="0.000000"/>
</kw>
<status status="FAIL" start="2024-05-20T09:10:36.093394" elapsed="0.006000">NoSuchWindowException: Message: no such window: target window already closed
from unknown error: web view not found
  (Session info: chrome=125.0.6422.61)
Stacktrace:
	GetHandleVerifier [0x00007FF6B72A22C2+60002]
	(No symbol) [0x00007FF6B721CA59]
	(No symbol) [0x00007FF6B70D7EDA]
	(No symbol) [0x00007FF6B70AD5B5]
	(No symbol) [0x00007FF6B7153727]
	(No symbol) [0x00007FF6B716B3A1]
	(No symbol) [0x00007FF6B714C033]
	(No symbol) [0x00007FF6B7119657]
	(No symbol) [0x00007FF6B711A251]
	GetHandleVerifier [0x00007FF6B75B3E2D+3278285]
	GetHandleVerifier [0x00007FF6B7600190+3590448]
	GetHandleVerifier [0x00007FF6B75F61D0+3549552]
	GetHandleVerifier [0x00007FF6B7351DE6+779654]
	(No symbol) [0x00007FF6B7227ACF]
	(No symbol) [0x00007FF6B7222EE4]
	(No symbol) [0x00007FF6B7223072]
	(No symbol) [0x00007FF6B7212C4F]
	(No symbol) [0x00007FF98B90257D]
	RtlUserThreadStart [0x00007FF98DC0AA48+40]
</status>
</kw>
<arg>User should be able to view message page</arg>
<doc>Runs the keyword and continues execution even if a failure occurs.</doc>
<status status="FAIL" start="2024-05-20T09:10:36.093394" elapsed="0.006000">NoSuchWindowException: Message: no such window: target window already closed
from unknown error: web view not found
  (Session info: chrome=125.0.6422.61)
Stacktrace:
	GetHandleVerifier [0x00007FF6B72A22C2+60002]
	(No symbol) [0x00007FF6B721CA59]
	(No symbol) [0x00007FF6B70D7EDA]
	(No symbol) [0x00007FF6B70AD5B5]
	(No symbol) [0x00007FF6B7153727]
	(No symbol) [0x00007FF6B716B3A1]
	(No symbol) [0x00007FF6B714C033]
	(No symbol) [0x00007FF6B7119657]
	(No symbol) [0x00007FF6B711A251]
	GetHandleVerifier [0x00007FF6B75B3E2D+3278285]
	GetHandleVerifier [0x00007FF6B7600190+3590448]
	GetHandleVerifier [0x00007FF6B75F61D0+3549552]
	GetHandleVerifier [0x00007FF6B7351DE6+779654]
	(No symbol) [0x00007FF6B7227ACF]
	(No symbol) [0x00007FF6B7222EE4]
	(No symbol) [0x00007FF6B7223072]
	(No symbol) [0x00007FF6B7212C4F]
	(No symbol) [0x00007FF98B90257D]
	RtlUserThreadStart [0x00007FF98DC0AA48+40]
</status>
</kw>
<kw name="Run Keyword And Continue On Failure" owner="BuiltIn">
<kw name="TC Move to Top" owner="Home_Page_Keywords">
<kw name="Scroll Element Into View" owner="SeleniumLibrary">
<msg time="2024-05-20T09:10:36.102393" level="WARN">Keyword 'Capture Page Screenshot' could not be run on failure: Message: no such window: target window already closed
from unknown error: web view not found
  (Session info: chrome=125.0.6422.61)
Stacktrace:
	GetHandleVerifier [0x00007FF6B72A22C2+60002]
	(No symbol) [0x00007FF6B721CA59]
	(No symbol) [0x00007FF6B70D7EDA]
	(No symbol) [0x00007FF6B70AD5B5]
	(No symbol) [0x00007FF6B7153727]
	(No symbol) [0x00007FF6B716B3A1]
	(No symbol) [0x00007FF6B714C033]
	(No symbol) [0x00007FF6B7119657]
	(No symbol) [0x00007FF6B711A251]
	GetHandleVerifier [0x00007FF6B75B3E2D+3278285]
	GetHandleVerifier [0x00007FF6B7600190+3590448]
	GetHandleVerifier [0x00007FF6B75F61D0+3549552]
	GetHandleVerifier [0x00007FF6B7351DE6+779654]
	(No symbol) [0x00007FF6B7227ACF]
	(No symbol) [0x00007FF6B7222EE4]
	(No symbol) [0x00007FF6B7223072]
	(No symbol) [0x00007FF6B7212C4F]
	(No symbol) [0x00007FF98B90257D]
	RtlUserThreadStart [0x00007FF98DC0AA48+40]
</msg>
<msg time="2024-05-20T09:10:36.103395" level="FAIL">NoSuchWindowException: Message: no such window: target window already closed
from unknown error: web view not found
  (Session info: chrome=125.0.6422.61)
Stacktrace:
	GetHandleVerifier [0x00007FF6B72A22C2+60002]
	(No symbol) [0x00007FF6B721CA59]
	(No symbol) [0x00007FF6B70D7EDA]
	(No symbol) [0x00007FF6B70AD5B5]
	(No symbol) [0x00007FF6B7153727]
	(No symbol) [0x00007FF6B716B3A1]
	(No symbol) [0x00007FF6B714C033]
	(No symbol) [0x00007FF6B7119657]
	(No symbol) [0x00007FF6B711A251]
	GetHandleVerifier [0x00007FF6B75B3E2D+3278285]
	GetHandleVerifier [0x00007FF6B7600190+3590448]
	GetHandleVerifier [0x00007FF6B75F61D0+3549552]
	GetHandleVerifier [0x00007FF6B7351DE6+779654]
	(No symbol) [0x00007FF6B7227ACF]
	(No symbol) [0x00007FF6B7222EE4]
	(No symbol) [0x00007FF6B7223072]
	(No symbol) [0x00007FF6B7212C4F]
	(No symbol) [0x00007FF98B90257D]
	RtlUserThreadStart [0x00007FF98DC0AA48+40]
</msg>
<arg>${HomepageMyAccountLabel}</arg>
<doc>Scrolls the element identified by ``locator`` into view.</doc>
<status status="FAIL" start="2024-05-20T09:10:36.100395" elapsed="0.004000">NoSuchWindowException: Message: no such window: target window already closed
from unknown error: web view not found
  (Session info: chrome=125.0.6422.61)
Stacktrace:
	GetHandleVerifier [0x00007FF6B72A22C2+60002]
	(No symbol) [0x00007FF6B721CA59]
	(No symbol) [0x00007FF6B70D7EDA]
	(No symbol) [0x00007FF6B70AD5B5]
	(No symbol) [0x00007FF6B7153727]
	(No symbol) [0x00007FF6B716B3A1]
	(No symbol) [0x00007FF6B714C033]
	(No symbol) [0x00007FF6B7119657]
	(No symbol) [0x00007FF6B711A251]
	GetHandleVerifier [0x00007FF6B75B3E2D+3278285]
	GetHandleVerifier [0x00007FF6B7600190+3590448]
	GetHandleVerifier [0x00007FF6B75F61D0+3549552]
	GetHandleVerifier [0x00007FF6B7351DE6+779654]
	(No symbol) [0x00007FF6B7227ACF]
	(No symbol) [0x00007FF6B7222EE4]
	(No symbol) [0x00007FF6B7223072]
	(No symbol) [0x00007FF6B7212C4F]
	(No symbol) [0x00007FF98B90257D]
	RtlUserThreadStart [0x00007FF98DC0AA48+40]
</status>
</kw>
<kw name="Sleep" owner="BuiltIn">
<arg>3</arg>
<doc>Pauses the test executed for the given time.</doc>
<status status="NOT RUN" start="2024-05-20T09:10:36.104395" elapsed="0.000000"/>
</kw>
<status status="FAIL" start="2024-05-20T09:10:36.099394" elapsed="0.005001">NoSuchWindowException: Message: no such window: target window already closed
from unknown error: web view not found
  (Session info: chrome=125.0.6422.61)
Stacktrace:
	GetHandleVerifier [0x00007FF6B72A22C2+60002]
	(No symbol) [0x00007FF6B721CA59]
	(No symbol) [0x00007FF6B70D7EDA]
	(No symbol) [0x00007FF6B70AD5B5]
	(No symbol) [0x00007FF6B7153727]
	(No symbol) [0x00007FF6B716B3A1]
	(No symbol) [0x00007FF6B714C033]
	(No symbol) [0x00007FF6B7119657]
	(No symbol) [0x00007FF6B711A251]
	GetHandleVerifier [0x00007FF6B75B3E2D+3278285]
	GetHandleVerifier [0x00007FF6B7600190+3590448]
	GetHandleVerifier [0x00007FF6B75F61D0+3549552]
	GetHandleVerifier [0x00007FF6B7351DE6+779654]
	(No symbol) [0x00007FF6B7227ACF]
	(No symbol) [0x00007FF6B7222EE4]
	(No symbol) [0x00007FF6B7223072]
	(No symbol) [0x00007FF6B7212C4F]
	(No symbol) [0x00007FF98B90257D]
	RtlUserThreadStart [0x00007FF98DC0AA48+40]
</status>
</kw>
<arg>TC Move to Top</arg>
<doc>Runs the keyword and continues execution even if a failure occurs.</doc>
<status status="FAIL" start="2024-05-20T09:10:36.099394" elapsed="0.005001">NoSuchWindowException: Message: no such window: target window already closed
from unknown error: web view not found
  (Session info: chrome=125.0.6422.61)
Stacktrace:
	GetHandleVerifier [0x00007FF6B72A22C2+60002]
	(No symbol) [0x00007FF6B721CA59]
	(No symbol) [0x00007FF6B70D7EDA]
	(No symbol) [0x00007FF6B70AD5B5]
	(No symbol) [0x00007FF6B7153727]
	(No symbol) [0x00007FF6B716B3A1]
	(No symbol) [0x00007FF6B714C033]
	(No symbol) [0x00007FF6B7119657]
	(No symbol) [0x00007FF6B711A251]
	GetHandleVerifier [0x00007FF6B75B3E2D+3278285]
	GetHandleVerifier [0x00007FF6B7600190+3590448]
	GetHandleVerifier [0x00007FF6B75F61D0+3549552]
	GetHandleVerifier [0x00007FF6B7351DE6+779654]
	(No symbol) [0x00007FF6B7227ACF]
	(No symbol) [0x00007FF6B7222EE4]
	(No symbol) [0x00007FF6B7223072]
	(No symbol) [0x00007FF6B7212C4F]
	(No symbol) [0x00007FF98B90257D]
	RtlUserThreadStart [0x00007FF98DC0AA48+40]
</status>
</kw>
<tag>Message Page</tag>
<tag>TC044</tag>
<status status="FAIL" start="2024-05-20T09:10:36.092394" elapsed="0.013001">Several failures occurred:

1) NoSuchWindowException: Message: no such window: target window already closed
from unknown error: web view not found
  (Session info: chrome=125.0.6422.61)
Stacktrace:
	GetHandleVerifier [0x00007FF6B72A22C2+60002]
	(No symbol) [0x00007FF6B721CA59]
	(No symbol) [0x00007FF6B70D7EDA]
	(No symbol) [0x00007FF6B70AD5B5]
	(No symbol) [0x00007FF6B7153727]
	(No symbol) [0x00007FF6B716B3A1]
	(No symbol) [0x00007FF6B714C033]
	(No symbol) [0x00007FF6B7119657]
	(No symbol) [0x00007FF6B711A251]
	GetHandleVerifier [0x00007FF6B75B3E2D+3278285]
	GetHandleVerifier [0x00007FF6B7600190+3590448]
	GetHandleVerifier [0x00007FF6B75F61D0+3549552]
	GetHandleVerifier [0x00007FF6B7351DE6+779654]
    [ Message content over the limit has been removed. ]
Stacktrace:
	GetHandleVerifier [0x00007FF6B72A22C2+60002]
	(No symbol) [0x00007FF6B721CA59]
	(No symbol) [0x00007FF6B70D7EDA]
	(No symbol) [0x00007FF6B70AD5B5]
	(No symbol) [0x00007FF6B7153727]
	(No symbol) [0x00007FF6B716B3A1]
	(No symbol) [0x00007FF6B714C033]
	(No symbol) [0x00007FF6B7119657]
	(No symbol) [0x00007FF6B711A251]
	GetHandleVerifier [0x00007FF6B75B3E2D+3278285]
	GetHandleVerifier [0x00007FF6B7600190+3590448]
	GetHandleVerifier [0x00007FF6B75F61D0+3549552]
	GetHandleVerifier [0x00007FF6B7351DE6+779654]
	(No symbol) [0x00007FF6B7227ACF]
	(No symbol) [0x00007FF6B7222EE4]
	(No symbol) [0x00007FF6B7223072]
	(No symbol) [0x00007FF6B7212C4F]
	(No symbol) [0x00007FF98B90257D]
	RtlUserThreadStart [0x00007FF98DC0AA48+40]</status>
</test>
<test id="s1-t24" name="TC-027 - User should be able to click and expand Profile" line="109">
<kw name="Run Keyword And Continue On Failure" owner="BuiltIn">
<kw name="User should be able to click and expand Profile" owner="Home_Page_Keywords">
<kw name="Wait Until Element Is Visible" owner="SeleniumLibrary">
<msg time="2024-05-20T09:10:36.110563" level="WARN">Keyword 'Capture Page Screenshot' could not be run on failure: Message: no such window: target window already closed
from unknown error: web view not found
  (Session info: chrome=125.0.6422.61)
Stacktrace:
	GetHandleVerifier [0x00007FF6B72A22C2+60002]
	(No symbol) [0x00007FF6B721CA59]
	(No symbol) [0x00007FF6B70D7EDA]
	(No symbol) [0x00007FF6B70AD5B5]
	(No symbol) [0x00007FF6B7153727]
	(No symbol) [0x00007FF6B716B3A1]
	(No symbol) [0x00007FF6B714C033]
	(No symbol) [0x00007FF6B7119657]
	(No symbol) [0x00007FF6B711A251]
	GetHandleVerifier [0x00007FF6B75B3E2D+3278285]
	GetHandleVerifier [0x00007FF6B7600190+3590448]
	GetHandleVerifier [0x00007FF6B75F61D0+3549552]
	GetHandleVerifier [0x00007FF6B7351DE6+779654]
	(No symbol) [0x00007FF6B7227ACF]
	(No symbol) [0x00007FF6B7222EE4]
	(No symbol) [0x00007FF6B7223072]
	(No symbol) [0x00007FF6B7212C4F]
	(No symbol) [0x00007FF98B90257D]
	RtlUserThreadStart [0x00007FF98DC0AA48+40]
</msg>
<msg time="2024-05-20T09:10:36.111562" level="FAIL">NoSuchWindowException: Message: no such window: target window already closed
from unknown error: web view not found
  (Session info: chrome=125.0.6422.61)
Stacktrace:
	GetHandleVerifier [0x00007FF6B72A22C2+60002]
	(No symbol) [0x00007FF6B721CA59]
	(No symbol) [0x00007FF6B70D7EDA]
	(No symbol) [0x00007FF6B70AD5B5]
	(No symbol) [0x00007FF6B7153727]
	(No symbol) [0x00007FF6B716B3A1]
	(No symbol) [0x00007FF6B714C033]
	(No symbol) [0x00007FF6B7119657]
	(No symbol) [0x00007FF6B711A251]
	GetHandleVerifier [0x00007FF6B75B3E2D+3278285]
	GetHandleVerifier [0x00007FF6B7600190+3590448]
	GetHandleVerifier [0x00007FF6B75F61D0+3549552]
	GetHandleVerifier [0x00007FF6B7351DE6+779654]
	(No symbol) [0x00007FF6B7227ACF]
	(No symbol) [0x00007FF6B7222EE4]
	(No symbol) [0x00007FF6B7223072]
	(No symbol) [0x00007FF6B7212C4F]
	(No symbol) [0x00007FF98B90257D]
	RtlUserThreadStart [0x00007FF98DC0AA48+40]
</msg>
<arg>${HomepageProfileMenu}</arg>
<arg>10</arg>
<doc>Waits until the element ``locator`` is visible.</doc>
<status status="FAIL" start="2024-05-20T09:10:36.107293" elapsed="0.005267">NoSuchWindowException: Message: no such window: target window already closed
from unknown error: web view not found
  (Session info: chrome=125.0.6422.61)
Stacktrace:
	GetHandleVerifier [0x00007FF6B72A22C2+60002]
	(No symbol) [0x00007FF6B721CA59]
	(No symbol) [0x00007FF6B70D7EDA]
	(No symbol) [0x00007FF6B70AD5B5]
	(No symbol) [0x00007FF6B7153727]
	(No symbol) [0x00007FF6B716B3A1]
	(No symbol) [0x00007FF6B714C033]
	(No symbol) [0x00007FF6B7119657]
	(No symbol) [0x00007FF6B711A251]
	GetHandleVerifier [0x00007FF6B75B3E2D+3278285]
	GetHandleVerifier [0x00007FF6B7600190+3590448]
	GetHandleVerifier [0x00007FF6B75F61D0+3549552]
	GetHandleVerifier [0x00007FF6B7351DE6+779654]
	(No symbol) [0x00007FF6B7227ACF]
	(No symbol) [0x00007FF6B7222EE4]
	(No symbol) [0x00007FF6B7223072]
	(No symbol) [0x00007FF6B7212C4F]
	(No symbol) [0x00007FF98B90257D]
	RtlUserThreadStart [0x00007FF98DC0AA48+40]
</status>
</kw>
<kw name="Scroll Element Into View" owner="SeleniumLibrary">
<arg>${HomepageProfileMenu}</arg>
<doc>Scrolls the element identified by ``locator`` into view.</doc>
<status status="NOT RUN" start="2024-05-20T09:10:36.112560" elapsed="0.000000"/>
</kw>
<kw name="Click Element" owner="SeleniumLibrary">
<arg>${HomepageProfileMenu}</arg>
<doc>Click the element identified by ``locator``.</doc>
<status status="NOT RUN" start="2024-05-20T09:10:36.112560" elapsed="0.000000"/>
</kw>
<kw name="Sleep" owner="BuiltIn">
<arg>5</arg>
<doc>Pauses the test executed for the given time.</doc>
<status status="NOT RUN" start="2024-05-20T09:10:36.112560" elapsed="0.000000"/>
</kw>
<status status="FAIL" start="2024-05-20T09:10:36.107293" elapsed="0.006268">NoSuchWindowException: Message: no such window: target window already closed
from unknown error: web view not found
  (Session info: chrome=125.0.6422.61)
Stacktrace:
	GetHandleVerifier [0x00007FF6B72A22C2+60002]
	(No symbol) [0x00007FF6B721CA59]
	(No symbol) [0x00007FF6B70D7EDA]
	(No symbol) [0x00007FF6B70AD5B5]
	(No symbol) [0x00007FF6B7153727]
	(No symbol) [0x00007FF6B716B3A1]
	(No symbol) [0x00007FF6B714C033]
	(No symbol) [0x00007FF6B7119657]
	(No symbol) [0x00007FF6B711A251]
	GetHandleVerifier [0x00007FF6B75B3E2D+3278285]
	GetHandleVerifier [0x00007FF6B7600190+3590448]
	GetHandleVerifier [0x00007FF6B75F61D0+3549552]
	GetHandleVerifier [0x00007FF6B7351DE6+779654]
	(No symbol) [0x00007FF6B7227ACF]
	(No symbol) [0x00007FF6B7222EE4]
	(No symbol) [0x00007FF6B7223072]
	(No symbol) [0x00007FF6B7212C4F]
	(No symbol) [0x00007FF98B90257D]
	RtlUserThreadStart [0x00007FF98DC0AA48+40]
</status>
</kw>
<arg>User should be able to click and expand Profile</arg>
<doc>Runs the keyword and continues execution even if a failure occurs.</doc>
<status status="FAIL" start="2024-05-20T09:10:36.107186" elapsed="0.006375">NoSuchWindowException: Message: no such window: target window already closed
from unknown error: web view not found
  (Session info: chrome=125.0.6422.61)
Stacktrace:
	GetHandleVerifier [0x00007FF6B72A22C2+60002]
	(No symbol) [0x00007FF6B721CA59]
	(No symbol) [0x00007FF6B70D7EDA]
	(No symbol) [0x00007FF6B70AD5B5]
	(No symbol) [0x00007FF6B7153727]
	(No symbol) [0x00007FF6B716B3A1]
	(No symbol) [0x00007FF6B714C033]
	(No symbol) [0x00007FF6B7119657]
	(No symbol) [0x00007FF6B711A251]
	GetHandleVerifier [0x00007FF6B75B3E2D+3278285]
	GetHandleVerifier [0x00007FF6B7600190+3590448]
	GetHandleVerifier [0x00007FF6B75F61D0+3549552]
	GetHandleVerifier [0x00007FF6B7351DE6+779654]
	(No symbol) [0x00007FF6B7227ACF]
	(No symbol) [0x00007FF6B7222EE4]
	(No symbol) [0x00007FF6B7223072]
	(No symbol) [0x00007FF6B7212C4F]
	(No symbol) [0x00007FF98B90257D]
	RtlUserThreadStart [0x00007FF98DC0AA48+40]
</status>
</kw>
<tag>Left Navigation</tag>
<tag>TC026</tag>
<status status="FAIL" start="2024-05-20T09:10:36.106393" elapsed="0.007168">NoSuchWindowException: Message: no such window: target window already closed
from unknown error: web view not found
  (Session info: chrome=125.0.6422.61)
Stacktrace:
	GetHandleVerifier [0x00007FF6B72A22C2+60002]
	(No symbol) [0x00007FF6B721CA59]
	(No symbol) [0x00007FF6B70D7EDA]
	(No symbol) [0x00007FF6B70AD5B5]
	(No symbol) [0x00007FF6B7153727]
	(No symbol) [0x00007FF6B716B3A1]
	(No symbol) [0x00007FF6B714C033]
	(No symbol) [0x00007FF6B7119657]
	(No symbol) [0x00007FF6B711A251]
	GetHandleVerifier [0x00007FF6B75B3E2D+3278285]
	GetHandleVerifier [0x00007FF6B7600190+3590448]
	GetHandleVerifier [0x00007FF6B75F61D0+3549552]
	GetHandleVerifier [0x00007FF6B7351DE6+779654]
	(No symbol) [0x00007FF6B7227ACF]
	(No symbol) [0x00007FF6B7222EE4]
	(No symbol) [0x00007FF6B7223072]
	(No symbol) [0x00007FF6B7212C4F]
	(No symbol) [0x00007FF98B90257D]
	RtlUserThreadStart [0x00007FF98DC0AA48+40]
</status>
</test>
<test id="s1-t25" name="TC-028 - User should be able to click Profile - Account Details from left navigation" line="113">
<kw name="Run Keyword And Continue On Failure" owner="BuiltIn">
<kw name="User should be able to click Profile - Account Details from left navigation" owner="Home_Page_Keywords">
<kw name="Wait Until Element Is Visible" owner="SeleniumLibrary">
<msg time="2024-05-20T09:10:36.117559" level="WARN">Keyword 'Capture Page Screenshot' could not be run on failure: Message: no such window: target window already closed
from unknown error: web view not found
  (Session info: chrome=125.0.6422.61)
Stacktrace:
	GetHandleVerifier [0x00007FF6B72A22C2+60002]
	(No symbol) [0x00007FF6B721CA59]
	(No symbol) [0x00007FF6B70D7EDA]
	(No symbol) [0x00007FF6B70AD5B5]
	(No symbol) [0x00007FF6B7153727]
	(No symbol) [0x00007FF6B716B3A1]
	(No symbol) [0x00007FF6B714C033]
	(No symbol) [0x00007FF6B7119657]
	(No symbol) [0x00007FF6B711A251]
	GetHandleVerifier [0x00007FF6B75B3E2D+3278285]
	GetHandleVerifier [0x00007FF6B7600190+3590448]
	GetHandleVerifier [0x00007FF6B75F61D0+3549552]
	GetHandleVerifier [0x00007FF6B7351DE6+779654]
	(No symbol) [0x00007FF6B7227ACF]
	(No symbol) [0x00007FF6B7222EE4]
	(No symbol) [0x00007FF6B7223072]
	(No symbol) [0x00007FF6B7212C4F]
	(No symbol) [0x00007FF98B90257D]
	RtlUserThreadStart [0x00007FF98DC0AA48+40]
</msg>
<msg time="2024-05-20T09:10:36.117559" level="FAIL">NoSuchWindowException: Message: no such window: target window already closed
from unknown error: web view not found
  (Session info: chrome=125.0.6422.61)
Stacktrace:
	GetHandleVerifier [0x00007FF6B72A22C2+60002]
	(No symbol) [0x00007FF6B721CA59]
	(No symbol) [0x00007FF6B70D7EDA]
	(No symbol) [0x00007FF6B70AD5B5]
	(No symbol) [0x00007FF6B7153727]
	(No symbol) [0x00007FF6B716B3A1]
	(No symbol) [0x00007FF6B714C033]
	(No symbol) [0x00007FF6B7119657]
	(No symbol) [0x00007FF6B711A251]
	GetHandleVerifier [0x00007FF6B75B3E2D+3278285]
	GetHandleVerifier [0x00007FF6B7600190+3590448]
	GetHandleVerifier [0x00007FF6B75F61D0+3549552]
	GetHandleVerifier [0x00007FF6B7351DE6+779654]
	(No symbol) [0x00007FF6B7227ACF]
	(No symbol) [0x00007FF6B7222EE4]
	(No symbol) [0x00007FF6B7223072]
	(No symbol) [0x00007FF6B7212C4F]
	(No symbol) [0x00007FF98B90257D]
	RtlUserThreadStart [0x00007FF98DC0AA48+40]
</msg>
<arg>${HomepageProfileAccountDetails}</arg>
<arg>10</arg>
<doc>Waits until the element ``locator`` is visible.</doc>
<status status="FAIL" start="2024-05-20T09:10:36.115560" elapsed="0.003000">NoSuchWindowException: Message: no such window: target window already closed
from unknown error: web view not found
  (Session info: chrome=125.0.6422.61)
Stacktrace:
	GetHandleVerifier [0x00007FF6B72A22C2+60002]
	(No symbol) [0x00007FF6B721CA59]
	(No symbol) [0x00007FF6B70D7EDA]
	(No symbol) [0x00007FF6B70AD5B5]
	(No symbol) [0x00007FF6B7153727]
	(No symbol) [0x00007FF6B716B3A1]
	(No symbol) [0x00007FF6B714C033]
	(No symbol) [0x00007FF6B7119657]
	(No symbol) [0x00007FF6B711A251]
	GetHandleVerifier [0x00007FF6B75B3E2D+3278285]
	GetHandleVerifier [0x00007FF6B7600190+3590448]
	GetHandleVerifier [0x00007FF6B75F61D0+3549552]
	GetHandleVerifier [0x00007FF6B7351DE6+779654]
	(No symbol) [0x00007FF6B7227ACF]
	(No symbol) [0x00007FF6B7222EE4]
	(No symbol) [0x00007FF6B7223072]
	(No symbol) [0x00007FF6B7212C4F]
	(No symbol) [0x00007FF98B90257D]
	RtlUserThreadStart [0x00007FF98DC0AA48+40]
</status>
</kw>
<kw name="Scroll Element Into View" owner="SeleniumLibrary">
<arg>${HomepageProfileAccountDetails}</arg>
<doc>Scrolls the element identified by ``locator`` into view.</doc>
<status status="NOT RUN" start="2024-05-20T09:10:36.119559" elapsed="0.000000"/>
</kw>
<kw name="Click Element" owner="SeleniumLibrary">
<arg>${HomepageProfileAccountDetails}</arg>
<doc>Click the element identified by ``locator``.</doc>
<status status="NOT RUN" start="2024-05-20T09:10:36.119559" elapsed="0.000000"/>
</kw>
<kw name="Capture Page Screenshot" owner="SeleniumLibrary">
<doc>Takes a screenshot of the current page and embeds it into a log file.</doc>
<status status="NOT RUN" start="2024-05-20T09:10:36.119559" elapsed="0.000000"/>
</kw>
<kw name="Sleep" owner="BuiltIn">
<arg>5</arg>
<doc>Pauses the test executed for the given time.</doc>
<status status="NOT RUN" start="2024-05-20T09:10:36.119559" elapsed="0.000000"/>
</kw>
<status status="FAIL" start="2024-05-20T09:10:36.114560" elapsed="0.004999">NoSuchWindowException: Message: no such window: target window already closed
from unknown error: web view not found
  (Session info: chrome=125.0.6422.61)
Stacktrace:
	GetHandleVerifier [0x00007FF6B72A22C2+60002]
	(No symbol) [0x00007FF6B721CA59]
	(No symbol) [0x00007FF6B70D7EDA]
	(No symbol) [0x00007FF6B70AD5B5]
	(No symbol) [0x00007FF6B7153727]
	(No symbol) [0x00007FF6B716B3A1]
	(No symbol) [0x00007FF6B714C033]
	(No symbol) [0x00007FF6B7119657]
	(No symbol) [0x00007FF6B711A251]
	GetHandleVerifier [0x00007FF6B75B3E2D+3278285]
	GetHandleVerifier [0x00007FF6B7600190+3590448]
	GetHandleVerifier [0x00007FF6B75F61D0+3549552]
	GetHandleVerifier [0x00007FF6B7351DE6+779654]
	(No symbol) [0x00007FF6B7227ACF]
	(No symbol) [0x00007FF6B7222EE4]
	(No symbol) [0x00007FF6B7223072]
	(No symbol) [0x00007FF6B7212C4F]
	(No symbol) [0x00007FF98B90257D]
	RtlUserThreadStart [0x00007FF98DC0AA48+40]
</status>
</kw>
<arg>User should be able to click Profile - Account Details from left navigation</arg>
<doc>Runs the keyword and continues execution even if a failure occurs.</doc>
<status status="FAIL" start="2024-05-20T09:10:36.114560" elapsed="0.004999">NoSuchWindowException: Message: no such window: target window already closed
from unknown error: web view not found
  (Session info: chrome=125.0.6422.61)
Stacktrace:
	GetHandleVerifier [0x00007FF6B72A22C2+60002]
	(No symbol) [0x00007FF6B721CA59]
	(No symbol) [0x00007FF6B70D7EDA]
	(No symbol) [0x00007FF6B70AD5B5]
	(No symbol) [0x00007FF6B7153727]
	(No symbol) [0x00007FF6B716B3A1]
	(No symbol) [0x00007FF6B714C033]
	(No symbol) [0x00007FF6B7119657]
	(No symbol) [0x00007FF6B711A251]
	GetHandleVerifier [0x00007FF6B75B3E2D+3278285]
	GetHandleVerifier [0x00007FF6B7600190+3590448]
	GetHandleVerifier [0x00007FF6B75F61D0+3549552]
	GetHandleVerifier [0x00007FF6B7351DE6+779654]
	(No symbol) [0x00007FF6B7227ACF]
	(No symbol) [0x00007FF6B7222EE4]
	(No symbol) [0x00007FF6B7223072]
	(No symbol) [0x00007FF6B7212C4F]
	(No symbol) [0x00007FF98B90257D]
	RtlUserThreadStart [0x00007FF98DC0AA48+40]
</status>
</kw>
<tag>Left Navigation</tag>
<tag>TC027</tag>
<status status="FAIL" start="2024-05-20T09:10:36.114560" elapsed="0.004999">NoSuchWindowException: Message: no such window: target window already closed
from unknown error: web view not found
  (Session info: chrome=125.0.6422.61)
Stacktrace:
	GetHandleVerifier [0x00007FF6B72A22C2+60002]
	(No symbol) [0x00007FF6B721CA59]
	(No symbol) [0x00007FF6B70D7EDA]
	(No symbol) [0x00007FF6B70AD5B5]
	(No symbol) [0x00007FF6B7153727]
	(No symbol) [0x00007FF6B716B3A1]
	(No symbol) [0x00007FF6B714C033]
	(No symbol) [0x00007FF6B7119657]
	(No symbol) [0x00007FF6B711A251]
	GetHandleVerifier [0x00007FF6B75B3E2D+3278285]
	GetHandleVerifier [0x00007FF6B7600190+3590448]
	GetHandleVerifier [0x00007FF6B75F61D0+3549552]
	GetHandleVerifier [0x00007FF6B7351DE6+779654]
	(No symbol) [0x00007FF6B7227ACF]
	(No symbol) [0x00007FF6B7222EE4]
	(No symbol) [0x00007FF6B7223072]
	(No symbol) [0x00007FF6B7212C4F]
	(No symbol) [0x00007FF98B90257D]
	RtlUserThreadStart [0x00007FF98DC0AA48+40]
</status>
</test>
<test id="s1-t26" name="TC-029 - User should be able to view account details page" line="117">
<kw name="Run Keyword And Continue On Failure" owner="BuiltIn">
<kw name="User should be able to view account details page" owner="Account_Details_Page_Keywords">
<kw name="Wait Until Element Is Visible" owner="SeleniumLibrary">
<msg time="2024-05-20T09:10:36.125201" level="WARN">Keyword 'Capture Page Screenshot' could not be run on failure: Message: no such window: target window already closed
from unknown error: web view not found
  (Session info: chrome=125.0.6422.61)
Stacktrace:
	GetHandleVerifier [0x00007FF6B72A22C2+60002]
	(No symbol) [0x00007FF6B721CA59]
	(No symbol) [0x00007FF6B70D7EDA]
	(No symbol) [0x00007FF6B70AD5B5]
	(No symbol) [0x00007FF6B7153727]
	(No symbol) [0x00007FF6B716B3A1]
	(No symbol) [0x00007FF6B714C033]
	(No symbol) [0x00007FF6B7119657]
	(No symbol) [0x00007FF6B711A251]
	GetHandleVerifier [0x00007FF6B75B3E2D+3278285]
	GetHandleVerifier [0x00007FF6B7600190+3590448]
	GetHandleVerifier [0x00007FF6B75F61D0+3549552]
	GetHandleVerifier [0x00007FF6B7351DE6+779654]
	(No symbol) [0x00007FF6B7227ACF]
	(No symbol) [0x00007FF6B7222EE4]
	(No symbol) [0x00007FF6B7223072]
	(No symbol) [0x00007FF6B7212C4F]
	(No symbol) [0x00007FF98B90257D]
	RtlUserThreadStart [0x00007FF98DC0AA48+40]
</msg>
<msg time="2024-05-20T09:10:36.126213" level="FAIL">NoSuchWindowException: Message: no such window: target window already closed
from unknown error: web view not found
  (Session info: chrome=125.0.6422.61)
Stacktrace:
	GetHandleVerifier [0x00007FF6B72A22C2+60002]
	(No symbol) [0x00007FF6B721CA59]
	(No symbol) [0x00007FF6B70D7EDA]
	(No symbol) [0x00007FF6B70AD5B5]
	(No symbol) [0x00007FF6B7153727]
	(No symbol) [0x00007FF6B716B3A1]
	(No symbol) [0x00007FF6B714C033]
	(No symbol) [0x00007FF6B7119657]
	(No symbol) [0x00007FF6B711A251]
	GetHandleVerifier [0x00007FF6B75B3E2D+3278285]
	GetHandleVerifier [0x00007FF6B7600190+3590448]
	GetHandleVerifier [0x00007FF6B75F61D0+3549552]
	GetHandleVerifier [0x00007FF6B7351DE6+779654]
	(No symbol) [0x00007FF6B7227ACF]
	(No symbol) [0x00007FF6B7222EE4]
	(No symbol) [0x00007FF6B7223072]
	(No symbol) [0x00007FF6B7212C4F]
	(No symbol) [0x00007FF98B90257D]
	RtlUserThreadStart [0x00007FF98DC0AA48+40]
</msg>
<arg>${ProfileAccountsDetailsPanelContainer}</arg>
<arg>10</arg>
<doc>Waits until the element ``locator`` is visible.</doc>
<status status="FAIL" start="2024-05-20T09:10:36.122558" elapsed="0.004642">NoSuchWindowException: Message: no such window: target window already closed
from unknown error: web view not found
  (Session info: chrome=125.0.6422.61)
Stacktrace:
	GetHandleVerifier [0x00007FF6B72A22C2+60002]
	(No symbol) [0x00007FF6B721CA59]
	(No symbol) [0x00007FF6B70D7EDA]
	(No symbol) [0x00007FF6B70AD5B5]
	(No symbol) [0x00007FF6B7153727]
	(No symbol) [0x00007FF6B716B3A1]
	(No symbol) [0x00007FF6B714C033]
	(No symbol) [0x00007FF6B7119657]
	(No symbol) [0x00007FF6B711A251]
	GetHandleVerifier [0x00007FF6B75B3E2D+3278285]
	GetHandleVerifier [0x00007FF6B7600190+3590448]
	GetHandleVerifier [0x00007FF6B75F61D0+3549552]
	GetHandleVerifier [0x00007FF6B7351DE6+779654]
	(No symbol) [0x00007FF6B7227ACF]
	(No symbol) [0x00007FF6B7222EE4]
	(No symbol) [0x00007FF6B7223072]
	(No symbol) [0x00007FF6B7212C4F]
	(No symbol) [0x00007FF98B90257D]
	RtlUserThreadStart [0x00007FF98DC0AA48+40]
</status>
</kw>
<kw name="Wait Until Element Is Visible" owner="SeleniumLibrary">
<arg>${ProfileAccountsDetailsPanelHeader}</arg>
<arg>10</arg>
<doc>Waits until the element ``locator`` is visible.</doc>
<status status="NOT RUN" start="2024-05-20T09:10:36.127200" elapsed="0.000000"/>
</kw>
<kw name="Wait Until Element Is Visible" owner="SeleniumLibrary">
<arg>${ProfileAccountsDetailsFirstNameLabel}</arg>
<arg>10</arg>
<doc>Waits until the element ``locator`` is visible.</doc>
<status status="NOT RUN" start="2024-05-20T09:10:36.127200" elapsed="0.000000"/>
</kw>
<kw name="Wait Until Element Is Visible" owner="SeleniumLibrary">
<arg>${ProfileAccountsDetailsLastNameLabel}</arg>
<arg>10</arg>
<doc>Waits until the element ``locator`` is visible.</doc>
<status status="NOT RUN" start="2024-05-20T09:10:36.128196" elapsed="0.000000"/>
</kw>
<kw name="Wait Until Element Is Visible" owner="SeleniumLibrary">
<arg>${ProfileAccountsDetailsEmailLabel}</arg>
<arg>10</arg>
<doc>Waits until the element ``locator`` is visible.</doc>
<status status="NOT RUN" start="2024-05-20T09:10:36.128196" elapsed="0.000000"/>
</kw>
<kw name="Wait Until Element Is Visible" owner="SeleniumLibrary">
<arg>${ProfileAccountsDetailsPhoneLabel}</arg>
<arg>10</arg>
<doc>Waits until the element ``locator`` is visible.</doc>
<status status="NOT RUN" start="2024-05-20T09:10:36.128196" elapsed="0.000000"/>
</kw>
<kw name="Wait Until Element Is Visible" owner="SeleniumLibrary">
<arg>${ProfileAccountsDetailsLandlineLabel}</arg>
<arg>10</arg>
<doc>Waits until the element ``locator`` is visible.</doc>
<status status="NOT RUN" start="2024-05-20T09:10:36.128196" elapsed="0.000000"/>
</kw>
<kw name="Wait Until Element Is Visible" owner="SeleniumLibrary">
<arg>${ProfileAccountsDetailsFirstNameTextBox}</arg>
<arg>10</arg>
<doc>Waits until the element ``locator`` is visible.</doc>
<status status="NOT RUN" start="2024-05-20T09:10:36.128196" elapsed="0.000000"/>
</kw>
<kw name="Wait Until Element Is Visible" owner="SeleniumLibrary">
<arg>${ProfileAccountsDetailsLastNameTextBox}</arg>
<arg>10</arg>
<doc>Waits until the element ``locator`` is visible.</doc>
<status status="NOT RUN" start="2024-05-20T09:10:36.128196" elapsed="0.000000"/>
</kw>
<kw name="Wait Until Element Is Visible" owner="SeleniumLibrary">
<arg>${ProfileAccountsDetailsEmailTextBox}</arg>
<arg>10</arg>
<doc>Waits until the element ``locator`` is visible.</doc>
<status status="NOT RUN" start="2024-05-20T09:10:36.128196" elapsed="0.000000"/>
</kw>
<kw name="Wait Until Element Is Visible" owner="SeleniumLibrary">
<arg>${ProfileAccountsDetailsPhoneTextBox}</arg>
<arg>10</arg>
<doc>Waits until the element ``locator`` is visible.</doc>
<status status="NOT RUN" start="2024-05-20T09:10:36.128196" elapsed="0.000000"/>
</kw>
<kw name="Wait Until Element Is Visible" owner="SeleniumLibrary">
<arg>${ProfileAccountsDetailsLandlineTextBox}</arg>
<arg>10</arg>
<doc>Waits until the element ``locator`` is visible.</doc>
<status status="NOT RUN" start="2024-05-20T09:10:36.129195" elapsed="0.000000"/>
</kw>
<kw name="Wait Until Element Is Visible" owner="SeleniumLibrary">
<arg>${ProfileAccountsDetailsCancelButton}</arg>
<arg>10</arg>
<doc>Waits until the element ``locator`` is visible.</doc>
<status status="NOT RUN" start="2024-05-20T09:10:36.129195" elapsed="0.000000"/>
</kw>
<kw name="Wait Until Element Is Visible" owner="SeleniumLibrary">
<arg>${ProfileAccountsDetailsUpdateButton}</arg>
<arg>10</arg>
<doc>Waits until the element ``locator`` is visible.</doc>
<status status="NOT RUN" start="2024-05-20T09:10:36.129195" elapsed="0.000000"/>
</kw>
<kw name="Capture Element Screenshot" owner="SeleniumLibrary">
<arg>${ProfileAccountsDetailsPanelContainer}</arg>
<doc>Captures a screenshot from the element identified by ``locator`` and embeds it into log file.</doc>
<status status="NOT RUN" start="2024-05-20T09:10:36.129195" elapsed="0.000000"/>
</kw>
<kw name="Capture Element Screenshot" owner="SeleniumLibrary">
<arg>${ProfileAccountsDetailsFirstNameLabel}</arg>
<doc>Captures a screenshot from the element identified by ``locator`` and embeds it into log file.</doc>
<status status="NOT RUN" start="2024-05-20T09:10:36.129195" elapsed="0.000000"/>
</kw>
<kw name="Capture Element Screenshot" owner="SeleniumLibrary">
<arg>${ProfileAccountsDetailsLastNameLabel}</arg>
<doc>Captures a screenshot from the element identified by ``locator`` and embeds it into log file.</doc>
<status status="NOT RUN" start="2024-05-20T09:10:36.129195" elapsed="0.000000"/>
</kw>
<kw name="Capture Element Screenshot" owner="SeleniumLibrary">
<arg>${ProfileAccountsDetailsEmailLabel}</arg>
<doc>Captures a screenshot from the element identified by ``locator`` and embeds it into log file.</doc>
<status status="NOT RUN" start="2024-05-20T09:10:36.129195" elapsed="0.000000"/>
</kw>
<kw name="Capture Element Screenshot" owner="SeleniumLibrary">
<arg>${ProfileAccountsDetailsPhoneLabel}</arg>
<doc>Captures a screenshot from the element identified by ``locator`` and embeds it into log file.</doc>
<status status="NOT RUN" start="2024-05-20T09:10:36.129195" elapsed="0.000000"/>
</kw>
<kw name="Capture Element Screenshot" owner="SeleniumLibrary">
<arg>${ProfileAccountsDetailsLandlineLabel}</arg>
<doc>Captures a screenshot from the element identified by ``locator`` and embeds it into log file.</doc>
<status status="NOT RUN" start="2024-05-20T09:10:36.130196" elapsed="0.000000"/>
</kw>
<kw name="Capture Element Screenshot" owner="SeleniumLibrary">
<arg>${ProfileAccountsDetailsFirstNameTextBox}</arg>
<doc>Captures a screenshot from the element identified by ``locator`` and embeds it into log file.</doc>
<status status="NOT RUN" start="2024-05-20T09:10:36.130196" elapsed="0.000000"/>
</kw>
<kw name="Capture Element Screenshot" owner="SeleniumLibrary">
<arg>${ProfileAccountsDetailsLastNameTextBox}</arg>
<doc>Captures a screenshot from the element identified by ``locator`` and embeds it into log file.</doc>
<status status="NOT RUN" start="2024-05-20T09:10:36.130196" elapsed="0.000000"/>
</kw>
<kw name="Capture Element Screenshot" owner="SeleniumLibrary">
<arg>${ProfileAccountsDetailsEmailTextBox}</arg>
<doc>Captures a screenshot from the element identified by ``locator`` and embeds it into log file.</doc>
<status status="NOT RUN" start="2024-05-20T09:10:36.130196" elapsed="0.000000"/>
</kw>
<kw name="Capture Element Screenshot" owner="SeleniumLibrary">
<arg>${ProfileAccountsDetailsPhoneTextBox}</arg>
<doc>Captures a screenshot from the element identified by ``locator`` and embeds it into log file.</doc>
<status status="NOT RUN" start="2024-05-20T09:10:36.130196" elapsed="0.000000"/>
</kw>
<kw name="Capture Element Screenshot" owner="SeleniumLibrary">
<arg>${ProfileAccountsDetailsLandlineTextBox}</arg>
<doc>Captures a screenshot from the element identified by ``locator`` and embeds it into log file.</doc>
<status status="NOT RUN" start="2024-05-20T09:10:36.130196" elapsed="0.000000"/>
</kw>
<kw name="Capture Element Screenshot" owner="SeleniumLibrary">
<arg>${ProfileAccountsDetailsCancelButton}</arg>
<doc>Captures a screenshot from the element identified by ``locator`` and embeds it into log file.</doc>
<status status="NOT RUN" start="2024-05-20T09:10:36.130196" elapsed="0.000000"/>
</kw>
<kw name="Capture Element Screenshot" owner="SeleniumLibrary">
<arg>${ProfileAccountsDetailsUpdateButton}</arg>
<doc>Captures a screenshot from the element identified by ``locator`` and embeds it into log file.</doc>
<status status="NOT RUN" start="2024-05-20T09:10:36.130196" elapsed="0.000000"/>
</kw>
<status status="FAIL" start="2024-05-20T09:10:36.122558" elapsed="0.007638">NoSuchWindowException: Message: no such window: target window already closed
from unknown error: web view not found
  (Session info: chrome=125.0.6422.61)
Stacktrace:
	GetHandleVerifier [0x00007FF6B72A22C2+60002]
	(No symbol) [0x00007FF6B721CA59]
	(No symbol) [0x00007FF6B70D7EDA]
	(No symbol) [0x00007FF6B70AD5B5]
	(No symbol) [0x00007FF6B7153727]
	(No symbol) [0x00007FF6B716B3A1]
	(No symbol) [0x00007FF6B714C033]
	(No symbol) [0x00007FF6B7119657]
	(No symbol) [0x00007FF6B711A251]
	GetHandleVerifier [0x00007FF6B75B3E2D+3278285]
	GetHandleVerifier [0x00007FF6B7600190+3590448]
	GetHandleVerifier [0x00007FF6B75F61D0+3549552]
	GetHandleVerifier [0x00007FF6B7351DE6+779654]
	(No symbol) [0x00007FF6B7227ACF]
	(No symbol) [0x00007FF6B7222EE4]
	(No symbol) [0x00007FF6B7223072]
	(No symbol) [0x00007FF6B7212C4F]
	(No symbol) [0x00007FF98B90257D]
	RtlUserThreadStart [0x00007FF98DC0AA48+40]
</status>
</kw>
<arg>User should be able to view account details page</arg>
<doc>Runs the keyword and continues execution even if a failure occurs.</doc>
<status status="FAIL" start="2024-05-20T09:10:36.120560" elapsed="0.010636">NoSuchWindowException: Message: no such window: target window already closed
from unknown error: web view not found
  (Session info: chrome=125.0.6422.61)
Stacktrace:
	GetHandleVerifier [0x00007FF6B72A22C2+60002]
	(No symbol) [0x00007FF6B721CA59]
	(No symbol) [0x00007FF6B70D7EDA]
	(No symbol) [0x00007FF6B70AD5B5]
	(No symbol) [0x00007FF6B7153727]
	(No symbol) [0x00007FF6B716B3A1]
	(No symbol) [0x00007FF6B714C033]
	(No symbol) [0x00007FF6B7119657]
	(No symbol) [0x00007FF6B711A251]
	GetHandleVerifier [0x00007FF6B75B3E2D+3278285]
	GetHandleVerifier [0x00007FF6B7600190+3590448]
	GetHandleVerifier [0x00007FF6B75F61D0+3549552]
	GetHandleVerifier [0x00007FF6B7351DE6+779654]
	(No symbol) [0x00007FF6B7227ACF]
	(No symbol) [0x00007FF6B7222EE4]
	(No symbol) [0x00007FF6B7223072]
	(No symbol) [0x00007FF6B7212C4F]
	(No symbol) [0x00007FF98B90257D]
	RtlUserThreadStart [0x00007FF98DC0AA48+40]
</status>
</kw>
<tag>Profile</tag>
<tag>TC045</tag>
<status status="FAIL" start="2024-05-20T09:10:36.120560" elapsed="0.010636">NoSuchWindowException: Message: no such window: target window already closed
from unknown error: web view not found
  (Session info: chrome=125.0.6422.61)
Stacktrace:
	GetHandleVerifier [0x00007FF6B72A22C2+60002]
	(No symbol) [0x00007FF6B721CA59]
	(No symbol) [0x00007FF6B70D7EDA]
	(No symbol) [0x00007FF6B70AD5B5]
	(No symbol) [0x00007FF6B7153727]
	(No symbol) [0x00007FF6B716B3A1]
	(No symbol) [0x00007FF6B714C033]
	(No symbol) [0x00007FF6B7119657]
	(No symbol) [0x00007FF6B711A251]
	GetHandleVerifier [0x00007FF6B75B3E2D+3278285]
	GetHandleVerifier [0x00007FF6B7600190+3590448]
	GetHandleVerifier [0x00007FF6B75F61D0+3549552]
	GetHandleVerifier [0x00007FF6B7351DE6+779654]
	(No symbol) [0x00007FF6B7227ACF]
	(No symbol) [0x00007FF6B7222EE4]
	(No symbol) [0x00007FF6B7223072]
	(No symbol) [0x00007FF6B7212C4F]
	(No symbol) [0x00007FF98B90257D]
	RtlUserThreadStart [0x00007FF98DC0AA48+40]
</status>
</test>
<test id="s1-t27" name="TC-030 - User should be able to click Profile - Change Pass from left navigation" line="121">
<kw name="Run Keyword And Continue On Failure" owner="BuiltIn">
<kw name="User should be able to click Profile - Change Pass from left navigation" owner="Home_Page_Keywords">
<kw name="Wait Until Element Is Visible" owner="SeleniumLibrary">
<msg time="2024-05-20T09:10:36.134196" level="WARN">Keyword 'Capture Page Screenshot' could not be run on failure: Message: no such window: target window already closed
from unknown error: web view not found
  (Session info: chrome=125.0.6422.61)
Stacktrace:
	GetHandleVerifier [0x00007FF6B72A22C2+60002]
	(No symbol) [0x00007FF6B721CA59]
	(No symbol) [0x00007FF6B70D7EDA]
	(No symbol) [0x00007FF6B70AD5B5]
	(No symbol) [0x00007FF6B7153727]
	(No symbol) [0x00007FF6B716B3A1]
	(No symbol) [0x00007FF6B714C033]
	(No symbol) [0x00007FF6B7119657]
	(No symbol) [0x00007FF6B711A251]
	GetHandleVerifier [0x00007FF6B75B3E2D+3278285]
	GetHandleVerifier [0x00007FF6B7600190+3590448]
	GetHandleVerifier [0x00007FF6B75F61D0+3549552]
	GetHandleVerifier [0x00007FF6B7351DE6+779654]
	(No symbol) [0x00007FF6B7227ACF]
	(No symbol) [0x00007FF6B7222EE4]
	(No symbol) [0x00007FF6B7223072]
	(No symbol) [0x00007FF6B7212C4F]
	(No symbol) [0x00007FF98B90257D]
	RtlUserThreadStart [0x00007FF98DC0AA48+40]
</msg>
<msg time="2024-05-20T09:10:36.135196" level="FAIL">NoSuchWindowException: Message: no such window: target window already closed
from unknown error: web view not found
  (Session info: chrome=125.0.6422.61)
Stacktrace:
	GetHandleVerifier [0x00007FF6B72A22C2+60002]
	(No symbol) [0x00007FF6B721CA59]
	(No symbol) [0x00007FF6B70D7EDA]
	(No symbol) [0x00007FF6B70AD5B5]
	(No symbol) [0x00007FF6B7153727]
	(No symbol) [0x00007FF6B716B3A1]
	(No symbol) [0x00007FF6B714C033]
	(No symbol) [0x00007FF6B7119657]
	(No symbol) [0x00007FF6B711A251]
	GetHandleVerifier [0x00007FF6B75B3E2D+3278285]
	GetHandleVerifier [0x00007FF6B7600190+3590448]
	GetHandleVerifier [0x00007FF6B75F61D0+3549552]
	GetHandleVerifier [0x00007FF6B7351DE6+779654]
	(No symbol) [0x00007FF6B7227ACF]
	(No symbol) [0x00007FF6B7222EE4]
	(No symbol) [0x00007FF6B7223072]
	(No symbol) [0x00007FF6B7212C4F]
	(No symbol) [0x00007FF98B90257D]
	RtlUserThreadStart [0x00007FF98DC0AA48+40]
</msg>
<arg>${HomepageProfileChangePass}</arg>
<arg>10</arg>
<doc>Waits until the element ``locator`` is visible.</doc>
<status status="FAIL" start="2024-05-20T09:10:36.132197" elapsed="0.004000">NoSuchWindowException: Message: no such window: target window already closed
from unknown error: web view not found
  (Session info: chrome=125.0.6422.61)
Stacktrace:
	GetHandleVerifier [0x00007FF6B72A22C2+60002]
	(No symbol) [0x00007FF6B721CA59]
	(No symbol) [0x00007FF6B70D7EDA]
	(No symbol) [0x00007FF6B70AD5B5]
	(No symbol) [0x00007FF6B7153727]
	(No symbol) [0x00007FF6B716B3A1]
	(No symbol) [0x00007FF6B714C033]
	(No symbol) [0x00007FF6B7119657]
	(No symbol) [0x00007FF6B711A251]
	GetHandleVerifier [0x00007FF6B75B3E2D+3278285]
	GetHandleVerifier [0x00007FF6B7600190+3590448]
	GetHandleVerifier [0x00007FF6B75F61D0+3549552]
	GetHandleVerifier [0x00007FF6B7351DE6+779654]
	(No symbol) [0x00007FF6B7227ACF]
	(No symbol) [0x00007FF6B7222EE4]
	(No symbol) [0x00007FF6B7223072]
	(No symbol) [0x00007FF6B7212C4F]
	(No symbol) [0x00007FF98B90257D]
	RtlUserThreadStart [0x00007FF98DC0AA48+40]
</status>
</kw>
<kw name="Scroll Element Into View" owner="SeleniumLibrary">
<arg>${HomepageProfileChangePass}</arg>
<doc>Scrolls the element identified by ``locator`` into view.</doc>
<status status="NOT RUN" start="2024-05-20T09:10:36.136197" elapsed="0.000000"/>
</kw>
<kw name="Click Element" owner="SeleniumLibrary">
<arg>${HomepageProfileChangePass}</arg>
<doc>Click the element identified by ``locator``.</doc>
<status status="NOT RUN" start="2024-05-20T09:10:36.136197" elapsed="0.000000"/>
</kw>
<kw name="Capture Page Screenshot" owner="SeleniumLibrary">
<doc>Takes a screenshot of the current page and embeds it into a log file.</doc>
<status status="NOT RUN" start="2024-05-20T09:10:36.136197" elapsed="0.000000"/>
</kw>
<kw name="Sleep" owner="BuiltIn">
<arg>5</arg>
<doc>Pauses the test executed for the given time.</doc>
<status status="NOT RUN" start="2024-05-20T09:10:36.136197" elapsed="0.000000"/>
</kw>
<status status="FAIL" start="2024-05-20T09:10:36.132197" elapsed="0.005000">NoSuchWindowException: Message: no such window: target window already closed
from unknown error: web view not found
  (Session info: chrome=125.0.6422.61)
Stacktrace:
	GetHandleVerifier [0x00007FF6B72A22C2+60002]
	(No symbol) [0x00007FF6B721CA59]
	(No symbol) [0x00007FF6B70D7EDA]
	(No symbol) [0x00007FF6B70AD5B5]
	(No symbol) [0x00007FF6B7153727]
	(No symbol) [0x00007FF6B716B3A1]
	(No symbol) [0x00007FF6B714C033]
	(No symbol) [0x00007FF6B7119657]
	(No symbol) [0x00007FF6B711A251]
	GetHandleVerifier [0x00007FF6B75B3E2D+3278285]
	GetHandleVerifier [0x00007FF6B7600190+3590448]
	GetHandleVerifier [0x00007FF6B75F61D0+3549552]
	GetHandleVerifier [0x00007FF6B7351DE6+779654]
	(No symbol) [0x00007FF6B7227ACF]
	(No symbol) [0x00007FF6B7222EE4]
	(No symbol) [0x00007FF6B7223072]
	(No symbol) [0x00007FF6B7212C4F]
	(No symbol) [0x00007FF98B90257D]
	RtlUserThreadStart [0x00007FF98DC0AA48+40]
</status>
</kw>
<arg>User should be able to click Profile - Change Pass from left navigation</arg>
<doc>Runs the keyword and continues execution even if a failure occurs.</doc>
<status status="FAIL" start="2024-05-20T09:10:36.132197" elapsed="0.005000">NoSuchWindowException: Message: no such window: target window already closed
from unknown error: web view not found
  (Session info: chrome=125.0.6422.61)
Stacktrace:
	GetHandleVerifier [0x00007FF6B72A22C2+60002]
	(No symbol) [0x00007FF6B721CA59]
	(No symbol) [0x00007FF6B70D7EDA]
	(No symbol) [0x00007FF6B70AD5B5]
	(No symbol) [0x00007FF6B7153727]
	(No symbol) [0x00007FF6B716B3A1]
	(No symbol) [0x00007FF6B714C033]
	(No symbol) [0x00007FF6B7119657]
	(No symbol) [0x00007FF6B711A251]
	GetHandleVerifier [0x00007FF6B75B3E2D+3278285]
	GetHandleVerifier [0x00007FF6B7600190+3590448]
	GetHandleVerifier [0x00007FF6B75F61D0+3549552]
	GetHandleVerifier [0x00007FF6B7351DE6+779654]
	(No symbol) [0x00007FF6B7227ACF]
	(No symbol) [0x00007FF6B7222EE4]
	(No symbol) [0x00007FF6B7223072]
	(No symbol) [0x00007FF6B7212C4F]
	(No symbol) [0x00007FF98B90257D]
	RtlUserThreadStart [0x00007FF98DC0AA48+40]
</status>
</kw>
<tag>Left Navigation</tag>
<tag>TC028</tag>
<status status="FAIL" start="2024-05-20T09:10:36.131196" elapsed="0.006001">NoSuchWindowException: Message: no such window: target window already closed
from unknown error: web view not found
  (Session info: chrome=125.0.6422.61)
Stacktrace:
	GetHandleVerifier [0x00007FF6B72A22C2+60002]
	(No symbol) [0x00007FF6B721CA59]
	(No symbol) [0x00007FF6B70D7EDA]
	(No symbol) [0x00007FF6B70AD5B5]
	(No symbol) [0x00007FF6B7153727]
	(No symbol) [0x00007FF6B716B3A1]
	(No symbol) [0x00007FF6B714C033]
	(No symbol) [0x00007FF6B7119657]
	(No symbol) [0x00007FF6B711A251]
	GetHandleVerifier [0x00007FF6B75B3E2D+3278285]
	GetHandleVerifier [0x00007FF6B7600190+3590448]
	GetHandleVerifier [0x00007FF6B75F61D0+3549552]
	GetHandleVerifier [0x00007FF6B7351DE6+779654]
	(No symbol) [0x00007FF6B7227ACF]
	(No symbol) [0x00007FF6B7222EE4]
	(No symbol) [0x00007FF6B7223072]
	(No symbol) [0x00007FF6B7212C4F]
	(No symbol) [0x00007FF98B90257D]
	RtlUserThreadStart [0x00007FF98DC0AA48+40]
</status>
</test>
<test id="s1-t28" name="TC-031 - User should be able to view change password page" line="125">
<kw name="Run Keyword And Continue On Failure" owner="BuiltIn">
<kw name="User should be able to view change password page" owner="Change_Pass_Page_Keywords">
<kw name="Wait Until Element Is Visible" owner="SeleniumLibrary">
<msg time="2024-05-20T09:10:36.140742" level="WARN">Keyword 'Capture Page Screenshot' could not be run on failure: Message: no such window: target window already closed
from unknown error: web view not found
  (Session info: chrome=125.0.6422.61)
Stacktrace:
	GetHandleVerifier [0x00007FF6B72A22C2+60002]
	(No symbol) [0x00007FF6B721CA59]
	(No symbol) [0x00007FF6B70D7EDA]
	(No symbol) [0x00007FF6B70AD5B5]
	(No symbol) [0x00007FF6B7153727]
	(No symbol) [0x00007FF6B716B3A1]
	(No symbol) [0x00007FF6B714C033]
	(No symbol) [0x00007FF6B7119657]
	(No symbol) [0x00007FF6B711A251]
	GetHandleVerifier [0x00007FF6B75B3E2D+3278285]
	GetHandleVerifier [0x00007FF6B7600190+3590448]
	GetHandleVerifier [0x00007FF6B75F61D0+3549552]
	GetHandleVerifier [0x00007FF6B7351DE6+779654]
	(No symbol) [0x00007FF6B7227ACF]
	(No symbol) [0x00007FF6B7222EE4]
	(No symbol) [0x00007FF6B7223072]
	(No symbol) [0x00007FF6B7212C4F]
	(No symbol) [0x00007FF98B90257D]
	RtlUserThreadStart [0x00007FF98DC0AA48+40]
</msg>
<msg time="2024-05-20T09:10:36.140742" level="FAIL">NoSuchWindowException: Message: no such window: target window already closed
from unknown error: web view not found
  (Session info: chrome=125.0.6422.61)
Stacktrace:
	GetHandleVerifier [0x00007FF6B72A22C2+60002]
	(No symbol) [0x00007FF6B721CA59]
	(No symbol) [0x00007FF6B70D7EDA]
	(No symbol) [0x00007FF6B70AD5B5]
	(No symbol) [0x00007FF6B7153727]
	(No symbol) [0x00007FF6B716B3A1]
	(No symbol) [0x00007FF6B714C033]
	(No symbol) [0x00007FF6B7119657]
	(No symbol) [0x00007FF6B711A251]
	GetHandleVerifier [0x00007FF6B75B3E2D+3278285]
	GetHandleVerifier [0x00007FF6B7600190+3590448]
	GetHandleVerifier [0x00007FF6B75F61D0+3549552]
	GetHandleVerifier [0x00007FF6B7351DE6+779654]
	(No symbol) [0x00007FF6B7227ACF]
	(No symbol) [0x00007FF6B7222EE4]
	(No symbol) [0x00007FF6B7223072]
	(No symbol) [0x00007FF6B7212C4F]
	(No symbol) [0x00007FF98B90257D]
	RtlUserThreadStart [0x00007FF98DC0AA48+40]
</msg>
<arg>${ProfileChangePassPanelContainer}</arg>
<arg>10</arg>
<doc>Waits until the element ``locator`` is visible.</doc>
<status status="FAIL" start="2024-05-20T09:10:36.138197" elapsed="0.002545">NoSuchWindowException: Message: no such window: target window already closed
from unknown error: web view not found
  (Session info: chrome=125.0.6422.61)
Stacktrace:
	GetHandleVerifier [0x00007FF6B72A22C2+60002]
	(No symbol) [0x00007FF6B721CA59]
	(No symbol) [0x00007FF6B70D7EDA]
	(No symbol) [0x00007FF6B70AD5B5]
	(No symbol) [0x00007FF6B7153727]
	(No symbol) [0x00007FF6B716B3A1]
	(No symbol) [0x00007FF6B714C033]
	(No symbol) [0x00007FF6B7119657]
	(No symbol) [0x00007FF6B711A251]
	GetHandleVerifier [0x00007FF6B75B3E2D+3278285]
	GetHandleVerifier [0x00007FF6B7600190+3590448]
	GetHandleVerifier [0x00007FF6B75F61D0+3549552]
	GetHandleVerifier [0x00007FF6B7351DE6+779654]
	(No symbol) [0x00007FF6B7227ACF]
	(No symbol) [0x00007FF6B7222EE4]
	(No symbol) [0x00007FF6B7223072]
	(No symbol) [0x00007FF6B7212C4F]
	(No symbol) [0x00007FF98B90257D]
	RtlUserThreadStart [0x00007FF98DC0AA48+40]
</status>
</kw>
<kw name="Wait Until Element Is Visible" owner="SeleniumLibrary">
<arg>${ProfileChangePassPanelHeader}</arg>
<arg>10</arg>
<doc>Waits until the element ``locator`` is visible.</doc>
<status status="NOT RUN" start="2024-05-20T09:10:36.140742" elapsed="0.000000"/>
</kw>
<kw name="Capture Element Screenshot" owner="SeleniumLibrary">
<arg>${ProfileChangePassPanelContainer}</arg>
<doc>Captures a screenshot from the element identified by ``locator`` and embeds it into log file.</doc>
<status status="NOT RUN" start="2024-05-20T09:10:36.140742" elapsed="0.000000"/>
</kw>
<status status="FAIL" start="2024-05-20T09:10:36.138197" elapsed="0.002545">NoSuchWindowException: Message: no such window: target window already closed
from unknown error: web view not found
  (Session info: chrome=125.0.6422.61)
Stacktrace:
	GetHandleVerifier [0x00007FF6B72A22C2+60002]
	(No symbol) [0x00007FF6B721CA59]
	(No symbol) [0x00007FF6B70D7EDA]
	(No symbol) [0x00007FF6B70AD5B5]
	(No symbol) [0x00007FF6B7153727]
	(No symbol) [0x00007FF6B716B3A1]
	(No symbol) [0x00007FF6B714C033]
	(No symbol) [0x00007FF6B7119657]
	(No symbol) [0x00007FF6B711A251]
	GetHandleVerifier [0x00007FF6B75B3E2D+3278285]
	GetHandleVerifier [0x00007FF6B7600190+3590448]
	GetHandleVerifier [0x00007FF6B75F61D0+3549552]
	GetHandleVerifier [0x00007FF6B7351DE6+779654]
	(No symbol) [0x00007FF6B7227ACF]
	(No symbol) [0x00007FF6B7222EE4]
	(No symbol) [0x00007FF6B7223072]
	(No symbol) [0x00007FF6B7212C4F]
	(No symbol) [0x00007FF98B90257D]
	RtlUserThreadStart [0x00007FF98DC0AA48+40]
</status>
</kw>
<arg>User should be able to view change password page</arg>
<doc>Runs the keyword and continues execution even if a failure occurs.</doc>
<status status="FAIL" start="2024-05-20T09:10:36.138197" elapsed="0.002545">NoSuchWindowException: Message: no such window: target window already closed
from unknown error: web view not found
  (Session info: chrome=125.0.6422.61)
Stacktrace:
	GetHandleVerifier [0x00007FF6B72A22C2+60002]
	(No symbol) [0x00007FF6B721CA59]
	(No symbol) [0x00007FF6B70D7EDA]
	(No symbol) [0x00007FF6B70AD5B5]
	(No symbol) [0x00007FF6B7153727]
	(No symbol) [0x00007FF6B716B3A1]
	(No symbol) [0x00007FF6B714C033]
	(No symbol) [0x00007FF6B7119657]
	(No symbol) [0x00007FF6B711A251]
	GetHandleVerifier [0x00007FF6B75B3E2D+3278285]
	GetHandleVerifier [0x00007FF6B7600190+3590448]
	GetHandleVerifier [0x00007FF6B75F61D0+3549552]
	GetHandleVerifier [0x00007FF6B7351DE6+779654]
	(No symbol) [0x00007FF6B7227ACF]
	(No symbol) [0x00007FF6B7222EE4]
	(No symbol) [0x00007FF6B7223072]
	(No symbol) [0x00007FF6B7212C4F]
	(No symbol) [0x00007FF98B90257D]
	RtlUserThreadStart [0x00007FF98DC0AA48+40]
</status>
</kw>
<tag>Profile</tag>
<tag>TC046</tag>
<status status="FAIL" start="2024-05-20T09:10:36.138197" elapsed="0.002545">NoSuchWindowException: Message: no such window: target window already closed
from unknown error: web view not found
  (Session info: chrome=125.0.6422.61)
Stacktrace:
	GetHandleVerifier [0x00007FF6B72A22C2+60002]
	(No symbol) [0x00007FF6B721CA59]
	(No symbol) [0x00007FF6B70D7EDA]
	(No symbol) [0x00007FF6B70AD5B5]
	(No symbol) [0x00007FF6B7153727]
	(No symbol) [0x00007FF6B716B3A1]
	(No symbol) [0x00007FF6B714C033]
	(No symbol) [0x00007FF6B7119657]
	(No symbol) [0x00007FF6B711A251]
	GetHandleVerifier [0x00007FF6B75B3E2D+3278285]
	GetHandleVerifier [0x00007FF6B7600190+3590448]
	GetHandleVerifier [0x00007FF6B75F61D0+3549552]
	GetHandleVerifier [0x00007FF6B7351DE6+779654]
	(No symbol) [0x00007FF6B7227ACF]
	(No symbol) [0x00007FF6B7222EE4]
	(No symbol) [0x00007FF6B7223072]
	(No symbol) [0x00007FF6B7212C4F]
	(No symbol) [0x00007FF98B90257D]
	RtlUserThreadStart [0x00007FF98DC0AA48+40]
</status>
</test>
<test id="s1-t29" name="TC-032 - User should be able to click and expand Company" line="129">
<kw name="Run Keyword And Continue On Failure" owner="BuiltIn">
<kw name="User should be able to click and expand Company" owner="Home_Page_Keywords">
<kw name="Wait Until Element Is Visible" owner="SeleniumLibrary">
<msg time="2024-05-20T09:10:36.140742" level="WARN">Keyword 'Capture Page Screenshot' could not be run on failure: Message: no such window: target window already closed
from unknown error: web view not found
  (Session info: chrome=125.0.6422.61)
Stacktrace:
	GetHandleVerifier [0x00007FF6B72A22C2+60002]
	(No symbol) [0x00007FF6B721CA59]
	(No symbol) [0x00007FF6B70D7EDA]
	(No symbol) [0x00007FF6B70AD5B5]
	(No symbol) [0x00007FF6B7153727]
	(No symbol) [0x00007FF6B716B3A1]
	(No symbol) [0x00007FF6B714C033]
	(No symbol) [0x00007FF6B7119657]
	(No symbol) [0x00007FF6B711A251]
	GetHandleVerifier [0x00007FF6B75B3E2D+3278285]
	GetHandleVerifier [0x00007FF6B7600190+3590448]
	GetHandleVerifier [0x00007FF6B75F61D0+3549552]
	GetHandleVerifier [0x00007FF6B7351DE6+779654]
	(No symbol) [0x00007FF6B7227ACF]
	(No symbol) [0x00007FF6B7222EE4]
	(No symbol) [0x00007FF6B7223072]
	(No symbol) [0x00007FF6B7212C4F]
	(No symbol) [0x00007FF98B90257D]
	RtlUserThreadStart [0x00007FF98DC0AA48+40]
</msg>
<msg time="2024-05-20T09:10:36.140742" level="FAIL">NoSuchWindowException: Message: no such window: target window already closed
from unknown error: web view not found
  (Session info: chrome=125.0.6422.61)
Stacktrace:
	GetHandleVerifier [0x00007FF6B72A22C2+60002]
	(No symbol) [0x00007FF6B721CA59]
	(No symbol) [0x00007FF6B70D7EDA]
	(No symbol) [0x00007FF6B70AD5B5]
	(No symbol) [0x00007FF6B7153727]
	(No symbol) [0x00007FF6B716B3A1]
	(No symbol) [0x00007FF6B714C033]
	(No symbol) [0x00007FF6B7119657]
	(No symbol) [0x00007FF6B711A251]
	GetHandleVerifier [0x00007FF6B75B3E2D+3278285]
	GetHandleVerifier [0x00007FF6B7600190+3590448]
	GetHandleVerifier [0x00007FF6B75F61D0+3549552]
	GetHandleVerifier [0x00007FF6B7351DE6+779654]
	(No symbol) [0x00007FF6B7227ACF]
	(No symbol) [0x00007FF6B7222EE4]
	(No symbol) [0x00007FF6B7223072]
	(No symbol) [0x00007FF6B7212C4F]
	(No symbol) [0x00007FF98B90257D]
	RtlUserThreadStart [0x00007FF98DC0AA48+40]
</msg>
<arg>${HomepageCompanyMenu}</arg>
<arg>10</arg>
<doc>Waits until the element ``locator`` is visible.</doc>
<status status="FAIL" start="2024-05-20T09:10:36.140742" elapsed="0.000000">NoSuchWindowException: Message: no such window: target window already closed
from unknown error: web view not found
  (Session info: chrome=125.0.6422.61)
Stacktrace:
	GetHandleVerifier [0x00007FF6B72A22C2+60002]
	(No symbol) [0x00007FF6B721CA59]
	(No symbol) [0x00007FF6B70D7EDA]
	(No symbol) [0x00007FF6B70AD5B5]
	(No symbol) [0x00007FF6B7153727]
	(No symbol) [0x00007FF6B716B3A1]
	(No symbol) [0x00007FF6B714C033]
	(No symbol) [0x00007FF6B7119657]
	(No symbol) [0x00007FF6B711A251]
	GetHandleVerifier [0x00007FF6B75B3E2D+3278285]
	GetHandleVerifier [0x00007FF6B7600190+3590448]
	GetHandleVerifier [0x00007FF6B75F61D0+3549552]
	GetHandleVerifier [0x00007FF6B7351DE6+779654]
	(No symbol) [0x00007FF6B7227ACF]
	(No symbol) [0x00007FF6B7222EE4]
	(No symbol) [0x00007FF6B7223072]
	(No symbol) [0x00007FF6B7212C4F]
	(No symbol) [0x00007FF98B90257D]
	RtlUserThreadStart [0x00007FF98DC0AA48+40]
</status>
</kw>
<kw name="Scroll Element Into View" owner="SeleniumLibrary">
<arg>${HomepageCompanyMenu}</arg>
<doc>Scrolls the element identified by ``locator`` into view.</doc>
<status status="NOT RUN" start="2024-05-20T09:10:36.140742" elapsed="0.000000"/>
</kw>
<kw name="Click Element" owner="SeleniumLibrary">
<arg>${HomepageCompanyMenu}</arg>
<doc>Click the element identified by ``locator``.</doc>
<status status="NOT RUN" start="2024-05-20T09:10:36.140742" elapsed="0.000000"/>
</kw>
<kw name="Sleep" owner="BuiltIn">
<arg>5</arg>
<doc>Pauses the test executed for the given time.</doc>
<status status="NOT RUN" start="2024-05-20T09:10:36.140742" elapsed="0.000000"/>
</kw>
<status status="FAIL" start="2024-05-20T09:10:36.140742" elapsed="0.000000">NoSuchWindowException: Message: no such window: target window already closed
from unknown error: web view not found
  (Session info: chrome=125.0.6422.61)
Stacktrace:
	GetHandleVerifier [0x00007FF6B72A22C2+60002]
	(No symbol) [0x00007FF6B721CA59]
	(No symbol) [0x00007FF6B70D7EDA]
	(No symbol) [0x00007FF6B70AD5B5]
	(No symbol) [0x00007FF6B7153727]
	(No symbol) [0x00007FF6B716B3A1]
	(No symbol) [0x00007FF6B714C033]
	(No symbol) [0x00007FF6B7119657]
	(No symbol) [0x00007FF6B711A251]
	GetHandleVerifier [0x00007FF6B75B3E2D+3278285]
	GetHandleVerifier [0x00007FF6B7600190+3590448]
	GetHandleVerifier [0x00007FF6B75F61D0+3549552]
	GetHandleVerifier [0x00007FF6B7351DE6+779654]
	(No symbol) [0x00007FF6B7227ACF]
	(No symbol) [0x00007FF6B7222EE4]
	(No symbol) [0x00007FF6B7223072]
	(No symbol) [0x00007FF6B7212C4F]
	(No symbol) [0x00007FF98B90257D]
	RtlUserThreadStart [0x00007FF98DC0AA48+40]
</status>
</kw>
<arg>User should be able to click and expand Company</arg>
<doc>Runs the keyword and continues execution even if a failure occurs.</doc>
<status status="FAIL" start="2024-05-20T09:10:36.140742" elapsed="0.000000">NoSuchWindowException: Message: no such window: target window already closed
from unknown error: web view not found
  (Session info: chrome=125.0.6422.61)
Stacktrace:
	GetHandleVerifier [0x00007FF6B72A22C2+60002]
	(No symbol) [0x00007FF6B721CA59]
	(No symbol) [0x00007FF6B70D7EDA]
	(No symbol) [0x00007FF6B70AD5B5]
	(No symbol) [0x00007FF6B7153727]
	(No symbol) [0x00007FF6B716B3A1]
	(No symbol) [0x00007FF6B714C033]
	(No symbol) [0x00007FF6B7119657]
	(No symbol) [0x00007FF6B711A251]
	GetHandleVerifier [0x00007FF6B75B3E2D+3278285]
	GetHandleVerifier [0x00007FF6B7600190+3590448]
	GetHandleVerifier [0x00007FF6B75F61D0+3549552]
	GetHandleVerifier [0x00007FF6B7351DE6+779654]
	(No symbol) [0x00007FF6B7227ACF]
	(No symbol) [0x00007FF6B7222EE4]
	(No symbol) [0x00007FF6B7223072]
	(No symbol) [0x00007FF6B7212C4F]
	(No symbol) [0x00007FF98B90257D]
	RtlUserThreadStart [0x00007FF98DC0AA48+40]
</status>
</kw>
<tag>Left Navigation</tag>
<tag>TC029</tag>
<status status="FAIL" start="2024-05-20T09:10:36.140742" elapsed="0.000000">NoSuchWindowException: Message: no such window: target window already closed
from unknown error: web view not found
  (Session info: chrome=125.0.6422.61)
Stacktrace:
	GetHandleVerifier [0x00007FF6B72A22C2+60002]
	(No symbol) [0x00007FF6B721CA59]
	(No symbol) [0x00007FF6B70D7EDA]
	(No symbol) [0x00007FF6B70AD5B5]
	(No symbol) [0x00007FF6B7153727]
	(No symbol) [0x00007FF6B716B3A1]
	(No symbol) [0x00007FF6B714C033]
	(No symbol) [0x00007FF6B7119657]
	(No symbol) [0x00007FF6B711A251]
	GetHandleVerifier [0x00007FF6B75B3E2D+3278285]
	GetHandleVerifier [0x00007FF6B7600190+3590448]
	GetHandleVerifier [0x00007FF6B75F61D0+3549552]
	GetHandleVerifier [0x00007FF6B7351DE6+779654]
	(No symbol) [0x00007FF6B7227ACF]
	(No symbol) [0x00007FF6B7222EE4]
	(No symbol) [0x00007FF6B7223072]
	(No symbol) [0x00007FF6B7212C4F]
	(No symbol) [0x00007FF98B90257D]
	RtlUserThreadStart [0x00007FF98DC0AA48+40]
</status>
</test>
<test id="s1-t30" name="TC-033 - User should be able to click Company - Company Details from left navigation" line="133">
<kw name="Run Keyword And Continue On Failure" owner="BuiltIn">
<kw name="User should be able to click Company - Company Details from left navigation" owner="Home_Page_Keywords">
<kw name="Wait Until Element Is Visible" owner="SeleniumLibrary">
<msg time="2024-05-20T09:10:36.140742" level="WARN">Keyword 'Capture Page Screenshot' could not be run on failure: Message: no such window: target window already closed
from unknown error: web view not found
  (Session info: chrome=125.0.6422.61)
Stacktrace:
	GetHandleVerifier [0x00007FF6B72A22C2+60002]
	(No symbol) [0x00007FF6B721CA59]
	(No symbol) [0x00007FF6B70D7EDA]
	(No symbol) [0x00007FF6B70AD5B5]
	(No symbol) [0x00007FF6B7153727]
	(No symbol) [0x00007FF6B716B3A1]
	(No symbol) [0x00007FF6B714C033]
	(No symbol) [0x00007FF6B7119657]
	(No symbol) [0x00007FF6B711A251]
	GetHandleVerifier [0x00007FF6B75B3E2D+3278285]
	GetHandleVerifier [0x00007FF6B7600190+3590448]
	GetHandleVerifier [0x00007FF6B75F61D0+3549552]
	GetHandleVerifier [0x00007FF6B7351DE6+779654]
	(No symbol) [0x00007FF6B7227ACF]
	(No symbol) [0x00007FF6B7222EE4]
	(No symbol) [0x00007FF6B7223072]
	(No symbol) [0x00007FF6B7212C4F]
	(No symbol) [0x00007FF98B90257D]
	RtlUserThreadStart [0x00007FF98DC0AA48+40]
</msg>
<msg time="2024-05-20T09:10:36.140742" level="FAIL">NoSuchWindowException: Message: no such window: target window already closed
from unknown error: web view not found
  (Session info: chrome=125.0.6422.61)
Stacktrace:
	GetHandleVerifier [0x00007FF6B72A22C2+60002]
	(No symbol) [0x00007FF6B721CA59]
	(No symbol) [0x00007FF6B70D7EDA]
	(No symbol) [0x00007FF6B70AD5B5]
	(No symbol) [0x00007FF6B7153727]
	(No symbol) [0x00007FF6B716B3A1]
	(No symbol) [0x00007FF6B714C033]
	(No symbol) [0x00007FF6B7119657]
	(No symbol) [0x00007FF6B711A251]
	GetHandleVerifier [0x00007FF6B75B3E2D+3278285]
	GetHandleVerifier [0x00007FF6B7600190+3590448]
	GetHandleVerifier [0x00007FF6B75F61D0+3549552]
	GetHandleVerifier [0x00007FF6B7351DE6+779654]
	(No symbol) [0x00007FF6B7227ACF]
	(No symbol) [0x00007FF6B7222EE4]
	(No symbol) [0x00007FF6B7223072]
	(No symbol) [0x00007FF6B7212C4F]
	(No symbol) [0x00007FF98B90257D]
	RtlUserThreadStart [0x00007FF98DC0AA48+40]
</msg>
<arg>${HomepageCompanyDetails}</arg>
<arg>10</arg>
<doc>Waits until the element ``locator`` is visible.</doc>
<status status="FAIL" start="2024-05-20T09:10:36.140742" elapsed="0.000000">NoSuchWindowException: Message: no such window: target window already closed
from unknown error: web view not found
  (Session info: chrome=125.0.6422.61)
Stacktrace:
	GetHandleVerifier [0x00007FF6B72A22C2+60002]
	(No symbol) [0x00007FF6B721CA59]
	(No symbol) [0x00007FF6B70D7EDA]
	(No symbol) [0x00007FF6B70AD5B5]
	(No symbol) [0x00007FF6B7153727]
	(No symbol) [0x00007FF6B716B3A1]
	(No symbol) [0x00007FF6B714C033]
	(No symbol) [0x00007FF6B7119657]
	(No symbol) [0x00007FF6B711A251]
	GetHandleVerifier [0x00007FF6B75B3E2D+3278285]
	GetHandleVerifier [0x00007FF6B7600190+3590448]
	GetHandleVerifier [0x00007FF6B75F61D0+3549552]
	GetHandleVerifier [0x00007FF6B7351DE6+779654]
	(No symbol) [0x00007FF6B7227ACF]
	(No symbol) [0x00007FF6B7222EE4]
	(No symbol) [0x00007FF6B7223072]
	(No symbol) [0x00007FF6B7212C4F]
	(No symbol) [0x00007FF98B90257D]
	RtlUserThreadStart [0x00007FF98DC0AA48+40]
</status>
</kw>
<kw name="Scroll Element Into View" owner="SeleniumLibrary">
<arg>${HomepageCompanyDetails}</arg>
<doc>Scrolls the element identified by ``locator`` into view.</doc>
<status status="NOT RUN" start="2024-05-20T09:10:36.140742" elapsed="0.000000"/>
</kw>
<kw name="Click Element" owner="SeleniumLibrary">
<arg>${HomepageCompanyDetails}</arg>
<doc>Click the element identified by ``locator``.</doc>
<status status="NOT RUN" start="2024-05-20T09:10:36.140742" elapsed="0.000000"/>
</kw>
<kw name="Capture Page Screenshot" owner="SeleniumLibrary">
<doc>Takes a screenshot of the current page and embeds it into a log file.</doc>
<status status="NOT RUN" start="2024-05-20T09:10:36.140742" elapsed="0.000000"/>
</kw>
<kw name="Sleep" owner="BuiltIn">
<arg>5</arg>
<doc>Pauses the test executed for the given time.</doc>
<status status="NOT RUN" start="2024-05-20T09:10:36.140742" elapsed="0.000000"/>
</kw>
<status status="FAIL" start="2024-05-20T09:10:36.140742" elapsed="0.000000">NoSuchWindowException: Message: no such window: target window already closed
from unknown error: web view not found
  (Session info: chrome=125.0.6422.61)
Stacktrace:
	GetHandleVerifier [0x00007FF6B72A22C2+60002]
	(No symbol) [0x00007FF6B721CA59]
	(No symbol) [0x00007FF6B70D7EDA]
	(No symbol) [0x00007FF6B70AD5B5]
	(No symbol) [0x00007FF6B7153727]
	(No symbol) [0x00007FF6B716B3A1]
	(No symbol) [0x00007FF6B714C033]
	(No symbol) [0x00007FF6B7119657]
	(No symbol) [0x00007FF6B711A251]
	GetHandleVerifier [0x00007FF6B75B3E2D+3278285]
	GetHandleVerifier [0x00007FF6B7600190+3590448]
	GetHandleVerifier [0x00007FF6B75F61D0+3549552]
	GetHandleVerifier [0x00007FF6B7351DE6+779654]
	(No symbol) [0x00007FF6B7227ACF]
	(No symbol) [0x00007FF6B7222EE4]
	(No symbol) [0x00007FF6B7223072]
	(No symbol) [0x00007FF6B7212C4F]
	(No symbol) [0x00007FF98B90257D]
	RtlUserThreadStart [0x00007FF98DC0AA48+40]
</status>
</kw>
<arg>User should be able to click Company - Company Details from left navigation</arg>
<doc>Runs the keyword and continues execution even if a failure occurs.</doc>
<status status="FAIL" start="2024-05-20T09:10:36.140742" elapsed="0.015509">NoSuchWindowException: Message: no such window: target window already closed
from unknown error: web view not found
  (Session info: chrome=125.0.6422.61)
Stacktrace:
	GetHandleVerifier [0x00007FF6B72A22C2+60002]
	(No symbol) [0x00007FF6B721CA59]
	(No symbol) [0x00007FF6B70D7EDA]
	(No symbol) [0x00007FF6B70AD5B5]
	(No symbol) [0x00007FF6B7153727]
	(No symbol) [0x00007FF6B716B3A1]
	(No symbol) [0x00007FF6B714C033]
	(No symbol) [0x00007FF6B7119657]
	(No symbol) [0x00007FF6B711A251]
	GetHandleVerifier [0x00007FF6B75B3E2D+3278285]
	GetHandleVerifier [0x00007FF6B7600190+3590448]
	GetHandleVerifier [0x00007FF6B75F61D0+3549552]
	GetHandleVerifier [0x00007FF6B7351DE6+779654]
	(No symbol) [0x00007FF6B7227ACF]
	(No symbol) [0x00007FF6B7222EE4]
	(No symbol) [0x00007FF6B7223072]
	(No symbol) [0x00007FF6B7212C4F]
	(No symbol) [0x00007FF98B90257D]
	RtlUserThreadStart [0x00007FF98DC0AA48+40]
</status>
</kw>
<tag>Left Navigation</tag>
<tag>TC030</tag>
<status status="FAIL" start="2024-05-20T09:10:36.140742" elapsed="0.015509">NoSuchWindowException: Message: no such window: target window already closed
from unknown error: web view not found
  (Session info: chrome=125.0.6422.61)
Stacktrace:
	GetHandleVerifier [0x00007FF6B72A22C2+60002]
	(No symbol) [0x00007FF6B721CA59]
	(No symbol) [0x00007FF6B70D7EDA]
	(No symbol) [0x00007FF6B70AD5B5]
	(No symbol) [0x00007FF6B7153727]
	(No symbol) [0x00007FF6B716B3A1]
	(No symbol) [0x00007FF6B714C033]
	(No symbol) [0x00007FF6B7119657]
	(No symbol) [0x00007FF6B711A251]
	GetHandleVerifier [0x00007FF6B75B3E2D+3278285]
	GetHandleVerifier [0x00007FF6B7600190+3590448]
	GetHandleVerifier [0x00007FF6B75F61D0+3549552]
	GetHandleVerifier [0x00007FF6B7351DE6+779654]
	(No symbol) [0x00007FF6B7227ACF]
	(No symbol) [0x00007FF6B7222EE4]
	(No symbol) [0x00007FF6B7223072]
	(No symbol) [0x00007FF6B7212C4F]
	(No symbol) [0x00007FF98B90257D]
	RtlUserThreadStart [0x00007FF98DC0AA48+40]
</status>
</test>
<test id="s1-t31" name="TC-034 - User should be able to view company details page" line="137">
<kw name="Run Keyword And Continue On Failure" owner="BuiltIn">
<kw name="User should be able to check/uncheck Del Add Same As Postal Add Checkbox in Dealer Company Details Page" owner="Company_Details_Page_Keywords">
<kw name="Wait Until Element Is Visible" owner="SeleniumLibrary">
<msg time="2024-05-20T09:10:36.161205" level="WARN">Keyword 'Capture Page Screenshot' could not be run on failure: Message: no such window: target window already closed
from unknown error: web view not found
  (Session info: chrome=125.0.6422.61)
Stacktrace:
	GetHandleVerifier [0x00007FF6B72A22C2+60002]
	(No symbol) [0x00007FF6B721CA59]
	(No symbol) [0x00007FF6B70D7EDA]
	(No symbol) [0x00007FF6B70AD5B5]
	(No symbol) [0x00007FF6B7153727]
	(No symbol) [0x00007FF6B716B3A1]
	(No symbol) [0x00007FF6B714C033]
	(No symbol) [0x00007FF6B7119657]
	(No symbol) [0x00007FF6B711A251]
	GetHandleVerifier [0x00007FF6B75B3E2D+3278285]
	GetHandleVerifier [0x00007FF6B7600190+3590448]
	GetHandleVerifier [0x00007FF6B75F61D0+3549552]
	GetHandleVerifier [0x00007FF6B7351DE6+779654]
	(No symbol) [0x00007FF6B7227ACF]
	(No symbol) [0x00007FF6B7222EE4]
	(No symbol) [0x00007FF6B7223072]
	(No symbol) [0x00007FF6B7212C4F]
	(No symbol) [0x00007FF98B90257D]
	RtlUserThreadStart [0x00007FF98DC0AA48+40]
</msg>
<msg time="2024-05-20T09:10:36.162191" level="FAIL">NoSuchWindowException: Message: no such window: target window already closed
from unknown error: web view not found
  (Session info: chrome=125.0.6422.61)
Stacktrace:
	GetHandleVerifier [0x00007FF6B72A22C2+60002]
	(No symbol) [0x00007FF6B721CA59]
	(No symbol) [0x00007FF6B70D7EDA]
	(No symbol) [0x00007FF6B70AD5B5]
	(No symbol) [0x00007FF6B7153727]
	(No symbol) [0x00007FF6B716B3A1]
	(No symbol) [0x00007FF6B714C033]
	(No symbol) [0x00007FF6B7119657]
	(No symbol) [0x00007FF6B711A251]
	GetHandleVerifier [0x00007FF6B75B3E2D+3278285]
	GetHandleVerifier [0x00007FF6B7600190+3590448]
	GetHandleVerifier [0x00007FF6B75F61D0+3549552]
	GetHandleVerifier [0x00007FF6B7351DE6+779654]
	(No symbol) [0x00007FF6B7227ACF]
	(No symbol) [0x00007FF6B7222EE4]
	(No symbol) [0x00007FF6B7223072]
	(No symbol) [0x00007FF6B7212C4F]
	(No symbol) [0x00007FF98B90257D]
	RtlUserThreadStart [0x00007FF98DC0AA48+40]
</msg>
<arg>${CompanyDetailsPageDelSameAsPostalCheckBox}</arg>
<arg>10</arg>
<doc>Waits until the element ``locator`` is visible.</doc>
<status status="FAIL" start="2024-05-20T09:10:36.159186" elapsed="0.004004">NoSuchWindowException: Message: no such window: target window already closed
from unknown error: web view not found
  (Session info: chrome=125.0.6422.61)
Stacktrace:
	GetHandleVerifier [0x00007FF6B72A22C2+60002]
	(No symbol) [0x00007FF6B721CA59]
	(No symbol) [0x00007FF6B70D7EDA]
	(No symbol) [0x00007FF6B70AD5B5]
	(No symbol) [0x00007FF6B7153727]
	(No symbol) [0x00007FF6B716B3A1]
	(No symbol) [0x00007FF6B714C033]
	(No symbol) [0x00007FF6B7119657]
	(No symbol) [0x00007FF6B711A251]
	GetHandleVerifier [0x00007FF6B75B3E2D+3278285]
	GetHandleVerifier [0x00007FF6B7600190+3590448]
	GetHandleVerifier [0x00007FF6B75F61D0+3549552]
	GetHandleVerifier [0x00007FF6B7351DE6+779654]
	(No symbol) [0x00007FF6B7227ACF]
	(No symbol) [0x00007FF6B7222EE4]
	(No symbol) [0x00007FF6B7223072]
	(No symbol) [0x00007FF6B7212C4F]
	(No symbol) [0x00007FF98B90257D]
	RtlUserThreadStart [0x00007FF98DC0AA48+40]
</status>
</kw>
<kw name="Click Element" owner="SeleniumLibrary">
<arg>${CompanyDetailsPageDelSameAsPostalCheckBox}</arg>
<doc>Click the element identified by ``locator``.</doc>
<status status="NOT RUN" start="2024-05-20T09:10:36.163190" elapsed="0.000000"/>
</kw>
<kw name="Capture Element Screenshot" owner="SeleniumLibrary">
<arg>${CompanyDetailsPageDelSameAsPostalCheckBox}</arg>
<doc>Captures a screenshot from the element identified by ``locator`` and embeds it into log file.</doc>
<status status="NOT RUN" start="2024-05-20T09:10:36.163190" elapsed="0.000000"/>
</kw>
<kw name="Sleep" owner="BuiltIn">
<arg>2</arg>
<doc>Pauses the test executed for the given time.</doc>
<status status="NOT RUN" start="2024-05-20T09:10:36.163190" elapsed="0.000000"/>
</kw>
<status status="FAIL" start="2024-05-20T09:10:36.158178" elapsed="0.005012">NoSuchWindowException: Message: no such window: target window already closed
from unknown error: web view not found
  (Session info: chrome=125.0.6422.61)
Stacktrace:
	GetHandleVerifier [0x00007FF6B72A22C2+60002]
	(No symbol) [0x00007FF6B721CA59]
	(No symbol) [0x00007FF6B70D7EDA]
	(No symbol) [0x00007FF6B70AD5B5]
	(No symbol) [0x00007FF6B7153727]
	(No symbol) [0x00007FF6B716B3A1]
	(No symbol) [0x00007FF6B714C033]
	(No symbol) [0x00007FF6B7119657]
	(No symbol) [0x00007FF6B711A251]
	GetHandleVerifier [0x00007FF6B75B3E2D+3278285]
	GetHandleVerifier [0x00007FF6B7600190+3590448]
	GetHandleVerifier [0x00007FF6B75F61D0+3549552]
	GetHandleVerifier [0x00007FF6B7351DE6+779654]
	(No symbol) [0x00007FF6B7227ACF]
	(No symbol) [0x00007FF6B7222EE4]
	(No symbol) [0x00007FF6B7223072]
	(No symbol) [0x00007FF6B7212C4F]
	(No symbol) [0x00007FF98B90257D]
	RtlUserThreadStart [0x00007FF98DC0AA48+40]
</status>
</kw>
<arg>User should be able to check/uncheck Del Add Same As Postal Add Checkbox in Dealer Company Details Page</arg>
<doc>Runs the keyword and continues execution even if a failure occurs.</doc>
<status status="FAIL" start="2024-05-20T09:10:36.158178" elapsed="0.005012">NoSuchWindowException: Message: no such window: target window already closed
from unknown error: web view not found
  (Session info: chrome=125.0.6422.61)
Stacktrace:
	GetHandleVerifier [0x00007FF6B72A22C2+60002]
	(No symbol) [0x00007FF6B721CA59]
	(No symbol) [0x00007FF6B70D7EDA]
	(No symbol) [0x00007FF6B70AD5B5]
	(No symbol) [0x00007FF6B7153727]
	(No symbol) [0x00007FF6B716B3A1]
	(No symbol) [0x00007FF6B714C033]
	(No symbol) [0x00007FF6B7119657]
	(No symbol) [0x00007FF6B711A251]
	GetHandleVerifier [0x00007FF6B75B3E2D+3278285]
	GetHandleVerifier [0x00007FF6B7600190+3590448]
	GetHandleVerifier [0x00007FF6B75F61D0+3549552]
	GetHandleVerifier [0x00007FF6B7351DE6+779654]
	(No symbol) [0x00007FF6B7227ACF]
	(No symbol) [0x00007FF6B7222EE4]
	(No symbol) [0x00007FF6B7223072]
	(No symbol) [0x00007FF6B7212C4F]
	(No symbol) [0x00007FF98B90257D]
	RtlUserThreadStart [0x00007FF98DC0AA48+40]
</status>
</kw>
<kw name="Run Keyword And Continue On Failure" owner="BuiltIn">
<kw name="User should be able to view company details in HK Company Details Page" owner="Company_Details_Page_Keywords">
<kw name="Wait Until Element Is Visible" owner="SeleniumLibrary">
<msg time="2024-05-20T09:10:36.166191" level="WARN">Keyword 'Capture Page Screenshot' could not be run on failure: Message: no such window: target window already closed
from unknown error: web view not found
  (Session info: chrome=125.0.6422.61)
Stacktrace:
	GetHandleVerifier [0x00007FF6B72A22C2+60002]
	(No symbol) [0x00007FF6B721CA59]
	(No symbol) [0x00007FF6B70D7EDA]
	(No symbol) [0x00007FF6B70AD5B5]
	(No symbol) [0x00007FF6B7153727]
	(No symbol) [0x00007FF6B716B3A1]
	(No symbol) [0x00007FF6B714C033]
	(No symbol) [0x00007FF6B7119657]
	(No symbol) [0x00007FF6B711A251]
	GetHandleVerifier [0x00007FF6B75B3E2D+3278285]
	GetHandleVerifier [0x00007FF6B7600190+3590448]
	GetHandleVerifier [0x00007FF6B75F61D0+3549552]
	GetHandleVerifier [0x00007FF6B7351DE6+779654]
	(No symbol) [0x00007FF6B7227ACF]
	(No symbol) [0x00007FF6B7222EE4]
	(No symbol) [0x00007FF6B7223072]
	(No symbol) [0x00007FF6B7212C4F]
	(No symbol) [0x00007FF98B90257D]
	RtlUserThreadStart [0x00007FF98DC0AA48+40]
</msg>
<msg time="2024-05-20T09:10:36.167192" level="FAIL">NoSuchWindowException: Message: no such window: target window already closed
from unknown error: web view not found
  (Session info: chrome=125.0.6422.61)
Stacktrace:
	GetHandleVerifier [0x00007FF6B72A22C2+60002]
	(No symbol) [0x00007FF6B721CA59]
	(No symbol) [0x00007FF6B70D7EDA]
	(No symbol) [0x00007FF6B70AD5B5]
	(No symbol) [0x00007FF6B7153727]
	(No symbol) [0x00007FF6B716B3A1]
	(No symbol) [0x00007FF6B714C033]
	(No symbol) [0x00007FF6B7119657]
	(No symbol) [0x00007FF6B711A251]
	GetHandleVerifier [0x00007FF6B75B3E2D+3278285]
	GetHandleVerifier [0x00007FF6B7600190+3590448]
	GetHandleVerifier [0x00007FF6B75F61D0+3549552]
	GetHandleVerifier [0x00007FF6B7351DE6+779654]
	(No symbol) [0x00007FF6B7227ACF]
	(No symbol) [0x00007FF6B7222EE4]
	(No symbol) [0x00007FF6B7223072]
	(No symbol) [0x00007FF6B7212C4F]
	(No symbol) [0x00007FF98B90257D]
	RtlUserThreadStart [0x00007FF98DC0AA48+40]
</msg>
<arg>${CompanyDetailsPagePanelContainer}</arg>
<arg>10</arg>
<doc>Waits until the element ``locator`` is visible.</doc>
<status status="FAIL" start="2024-05-20T09:10:36.164190" elapsed="0.004000">NoSuchWindowException: Message: no such window: target window already closed
from unknown error: web view not found
  (Session info: chrome=125.0.6422.61)
Stacktrace:
	GetHandleVerifier [0x00007FF6B72A22C2+60002]
	(No symbol) [0x00007FF6B721CA59]
	(No symbol) [0x00007FF6B70D7EDA]
	(No symbol) [0x00007FF6B70AD5B5]
	(No symbol) [0x00007FF6B7153727]
	(No symbol) [0x00007FF6B716B3A1]
	(No symbol) [0x00007FF6B714C033]
	(No symbol) [0x00007FF6B7119657]
	(No symbol) [0x00007FF6B711A251]
	GetHandleVerifier [0x00007FF6B75B3E2D+3278285]
	GetHandleVerifier [0x00007FF6B7600190+3590448]
	GetHandleVerifier [0x00007FF6B75F61D0+3549552]
	GetHandleVerifier [0x00007FF6B7351DE6+779654]
	(No symbol) [0x00007FF6B7227ACF]
	(No symbol) [0x00007FF6B7222EE4]
	(No symbol) [0x00007FF6B7223072]
	(No symbol) [0x00007FF6B7212C4F]
	(No symbol) [0x00007FF98B90257D]
	RtlUserThreadStart [0x00007FF98DC0AA48+40]
</status>
</kw>
<kw name="Wait Until Element Is Visible" owner="SeleniumLibrary">
<arg>${CompanyDetailsPagePanelHeader}</arg>
<arg>10</arg>
<doc>Waits until the element ``locator`` is visible.</doc>
<status status="NOT RUN" start="2024-05-20T09:10:36.168190" elapsed="0.000000"/>
</kw>
<kw name="Capture Page Screenshot" owner="SeleniumLibrary">
<doc>Takes a screenshot of the current page and embeds it into a log file.</doc>
<status status="NOT RUN" start="2024-05-20T09:10:36.168190" elapsed="0.000000"/>
</kw>
<kw name="Sleep" owner="BuiltIn">
<arg>2</arg>
<doc>Pauses the test executed for the given time.</doc>
<status status="NOT RUN" start="2024-05-20T09:10:36.168190" elapsed="0.000000"/>
</kw>
<status status="FAIL" start="2024-05-20T09:10:36.164190" elapsed="0.004000">NoSuchWindowException: Message: no such window: target window already closed
from unknown error: web view not found
  (Session info: chrome=125.0.6422.61)
Stacktrace:
	GetHandleVerifier [0x00007FF6B72A22C2+60002]
	(No symbol) [0x00007FF6B721CA59]
	(No symbol) [0x00007FF6B70D7EDA]
	(No symbol) [0x00007FF6B70AD5B5]
	(No symbol) [0x00007FF6B7153727]
	(No symbol) [0x00007FF6B716B3A1]
	(No symbol) [0x00007FF6B714C033]
	(No symbol) [0x00007FF6B7119657]
	(No symbol) [0x00007FF6B711A251]
	GetHandleVerifier [0x00007FF6B75B3E2D+3278285]
	GetHandleVerifier [0x00007FF6B7600190+3590448]
	GetHandleVerifier [0x00007FF6B75F61D0+3549552]
	GetHandleVerifier [0x00007FF6B7351DE6+779654]
	(No symbol) [0x00007FF6B7227ACF]
	(No symbol) [0x00007FF6B7222EE4]
	(No symbol) [0x00007FF6B7223072]
	(No symbol) [0x00007FF6B7212C4F]
	(No symbol) [0x00007FF98B90257D]
	RtlUserThreadStart [0x00007FF98DC0AA48+40]
</status>
</kw>
<arg>User should be able to view company details in HK Company Details Page</arg>
<doc>Runs the keyword and continues execution even if a failure occurs.</doc>
<status status="FAIL" start="2024-05-20T09:10:36.164190" elapsed="0.004000">NoSuchWindowException: Message: no such window: target window already closed
from unknown error: web view not found
  (Session info: chrome=125.0.6422.61)
Stacktrace:
	GetHandleVerifier [0x00007FF6B72A22C2+60002]
	(No symbol) [0x00007FF6B721CA59]
	(No symbol) [0x00007FF6B70D7EDA]
	(No symbol) [0x00007FF6B70AD5B5]
	(No symbol) [0x00007FF6B7153727]
	(No symbol) [0x00007FF6B716B3A1]
	(No symbol) [0x00007FF6B714C033]
	(No symbol) [0x00007FF6B7119657]
	(No symbol) [0x00007FF6B711A251]
	GetHandleVerifier [0x00007FF6B75B3E2D+3278285]
	GetHandleVerifier [0x00007FF6B7600190+3590448]
	GetHandleVerifier [0x00007FF6B75F61D0+3549552]
	GetHandleVerifier [0x00007FF6B7351DE6+779654]
	(No symbol) [0x00007FF6B7227ACF]
	(No symbol) [0x00007FF6B7222EE4]
	(No symbol) [0x00007FF6B7223072]
	(No symbol) [0x00007FF6B7212C4F]
	(No symbol) [0x00007FF98B90257D]
	RtlUserThreadStart [0x00007FF98DC0AA48+40]
</status>
</kw>
<kw name="Run Keyword And Continue On Failure" owner="BuiltIn">
<kw name="TC Move to Top" owner="Home_Page_Keywords">
<kw name="Scroll Element Into View" owner="SeleniumLibrary">
<msg time="2024-05-20T09:10:36.171190" level="WARN">Keyword 'Capture Page Screenshot' could not be run on failure: Message: no such window: target window already closed
from unknown error: web view not found
  (Session info: chrome=125.0.6422.61)
Stacktrace:
	GetHandleVerifier [0x00007FF6B72A22C2+60002]
	(No symbol) [0x00007FF6B721CA59]
	(No symbol) [0x00007FF6B70D7EDA]
	(No symbol) [0x00007FF6B70AD5B5]
	(No symbol) [0x00007FF6B7153727]
	(No symbol) [0x00007FF6B716B3A1]
	(No symbol) [0x00007FF6B714C033]
	(No symbol) [0x00007FF6B7119657]
	(No symbol) [0x00007FF6B711A251]
	GetHandleVerifier [0x00007FF6B75B3E2D+3278285]
	GetHandleVerifier [0x00007FF6B7600190+3590448]
	GetHandleVerifier [0x00007FF6B75F61D0+3549552]
	GetHandleVerifier [0x00007FF6B7351DE6+779654]
	(No symbol) [0x00007FF6B7227ACF]
	(No symbol) [0x00007FF6B7222EE4]
	(No symbol) [0x00007FF6B7223072]
	(No symbol) [0x00007FF6B7212C4F]
	(No symbol) [0x00007FF98B90257D]
	RtlUserThreadStart [0x00007FF98DC0AA48+40]
</msg>
<msg time="2024-05-20T09:10:36.171190" level="FAIL">NoSuchWindowException: Message: no such window: target window already closed
from unknown error: web view not found
  (Session info: chrome=125.0.6422.61)
Stacktrace:
	GetHandleVerifier [0x00007FF6B72A22C2+60002]
	(No symbol) [0x00007FF6B721CA59]
	(No symbol) [0x00007FF6B70D7EDA]
	(No symbol) [0x00007FF6B70AD5B5]
	(No symbol) [0x00007FF6B7153727]
	(No symbol) [0x00007FF6B716B3A1]
	(No symbol) [0x00007FF6B714C033]
	(No symbol) [0x00007FF6B7119657]
	(No symbol) [0x00007FF6B711A251]
	GetHandleVerifier [0x00007FF6B75B3E2D+3278285]
	GetHandleVerifier [0x00007FF6B7600190+3590448]
	GetHandleVerifier [0x00007FF6B75F61D0+3549552]
	GetHandleVerifier [0x00007FF6B7351DE6+779654]
	(No symbol) [0x00007FF6B7227ACF]
	(No symbol) [0x00007FF6B7222EE4]
	(No symbol) [0x00007FF6B7223072]
	(No symbol) [0x00007FF6B7212C4F]
	(No symbol) [0x00007FF98B90257D]
	RtlUserThreadStart [0x00007FF98DC0AA48+40]
</msg>
<arg>${HomepageMyAccountLabel}</arg>
<doc>Scrolls the element identified by ``locator`` into view.</doc>
<status status="FAIL" start="2024-05-20T09:10:36.169190" elapsed="0.003001">NoSuchWindowException: Message: no such window: target window already closed
from unknown error: web view not found
  (Session info: chrome=125.0.6422.61)
Stacktrace:
	GetHandleVerifier [0x00007FF6B72A22C2+60002]
	(No symbol) [0x00007FF6B721CA59]
	(No symbol) [0x00007FF6B70D7EDA]
	(No symbol) [0x00007FF6B70AD5B5]
	(No symbol) [0x00007FF6B7153727]
	(No symbol) [0x00007FF6B716B3A1]
	(No symbol) [0x00007FF6B714C033]
	(No symbol) [0x00007FF6B7119657]
	(No symbol) [0x00007FF6B711A251]
	GetHandleVerifier [0x00007FF6B75B3E2D+3278285]
	GetHandleVerifier [0x00007FF6B7600190+3590448]
	GetHandleVerifier [0x00007FF6B75F61D0+3549552]
	GetHandleVerifier [0x00007FF6B7351DE6+779654]
	(No symbol) [0x00007FF6B7227ACF]
	(No symbol) [0x00007FF6B7222EE4]
	(No symbol) [0x00007FF6B7223072]
	(No symbol) [0x00007FF6B7212C4F]
	(No symbol) [0x00007FF98B90257D]
	RtlUserThreadStart [0x00007FF98DC0AA48+40]
</status>
</kw>
<kw name="Sleep" owner="BuiltIn">
<arg>3</arg>
<doc>Pauses the test executed for the given time.</doc>
<status status="NOT RUN" start="2024-05-20T09:10:36.172191" elapsed="0.000000"/>
</kw>
<status status="FAIL" start="2024-05-20T09:10:36.169190" elapsed="0.003001">NoSuchWindowException: Message: no such window: target window already closed
from unknown error: web view not found
  (Session info: chrome=125.0.6422.61)
Stacktrace:
	GetHandleVerifier [0x00007FF6B72A22C2+60002]
	(No symbol) [0x00007FF6B721CA59]
	(No symbol) [0x00007FF6B70D7EDA]
	(No symbol) [0x00007FF6B70AD5B5]
	(No symbol) [0x00007FF6B7153727]
	(No symbol) [0x00007FF6B716B3A1]
	(No symbol) [0x00007FF6B714C033]
	(No symbol) [0x00007FF6B7119657]
	(No symbol) [0x00007FF6B711A251]
	GetHandleVerifier [0x00007FF6B75B3E2D+3278285]
	GetHandleVerifier [0x00007FF6B7600190+3590448]
	GetHandleVerifier [0x00007FF6B75F61D0+3549552]
	GetHandleVerifier [0x00007FF6B7351DE6+779654]
	(No symbol) [0x00007FF6B7227ACF]
	(No symbol) [0x00007FF6B7222EE4]
	(No symbol) [0x00007FF6B7223072]
	(No symbol) [0x00007FF6B7212C4F]
	(No symbol) [0x00007FF98B90257D]
	RtlUserThreadStart [0x00007FF98DC0AA48+40]
</status>
</kw>
<arg>TC Move to Top</arg>
<doc>Runs the keyword and continues execution even if a failure occurs.</doc>
<status status="FAIL" start="2024-05-20T09:10:36.168190" elapsed="0.004001">NoSuchWindowException: Message: no such window: target window already closed
from unknown error: web view not found
  (Session info: chrome=125.0.6422.61)
Stacktrace:
	GetHandleVerifier [0x00007FF6B72A22C2+60002]
	(No symbol) [0x00007FF6B721CA59]
	(No symbol) [0x00007FF6B70D7EDA]
	(No symbol) [0x00007FF6B70AD5B5]
	(No symbol) [0x00007FF6B7153727]
	(No symbol) [0x00007FF6B716B3A1]
	(No symbol) [0x00007FF6B714C033]
	(No symbol) [0x00007FF6B7119657]
	(No symbol) [0x00007FF6B711A251]
	GetHandleVerifier [0x00007FF6B75B3E2D+3278285]
	GetHandleVerifier [0x00007FF6B7600190+3590448]
	GetHandleVerifier [0x00007FF6B75F61D0+3549552]
	GetHandleVerifier [0x00007FF6B7351DE6+779654]
	(No symbol) [0x00007FF6B7227ACF]
	(No symbol) [0x00007FF6B7222EE4]
	(No symbol) [0x00007FF6B7223072]
	(No symbol) [0x00007FF6B7212C4F]
	(No symbol) [0x00007FF98B90257D]
	RtlUserThreadStart [0x00007FF98DC0AA48+40]
</status>
</kw>
<tag>Company Details</tag>
<tag>TC047</tag>
<status status="FAIL" start="2024-05-20T09:10:36.158178" elapsed="0.015024">Several failures occurred:

1) NoSuchWindowException: Message: no such window: target window already closed
from unknown error: web view not found
  (Session info: chrome=125.0.6422.61)
Stacktrace:
	GetHandleVerifier [0x00007FF6B72A22C2+60002]
	(No symbol) [0x00007FF6B721CA59]
	(No symbol) [0x00007FF6B70D7EDA]
	(No symbol) [0x00007FF6B70AD5B5]
	(No symbol) [0x00007FF6B7153727]
	(No symbol) [0x00007FF6B716B3A1]
	(No symbol) [0x00007FF6B714C033]
	(No symbol) [0x00007FF6B7119657]
	(No symbol) [0x00007FF6B711A251]
	GetHandleVerifier [0x00007FF6B75B3E2D+3278285]
	GetHandleVerifier [0x00007FF6B7600190+3590448]
	GetHandleVerifier [0x00007FF6B75F61D0+3549552]
	GetHandleVerifier [0x00007FF6B7351DE6+779654]
    [ Message content over the limit has been removed. ]
Stacktrace:
	GetHandleVerifier [0x00007FF6B72A22C2+60002]
	(No symbol) [0x00007FF6B721CA59]
	(No symbol) [0x00007FF6B70D7EDA]
	(No symbol) [0x00007FF6B70AD5B5]
	(No symbol) [0x00007FF6B7153727]
	(No symbol) [0x00007FF6B716B3A1]
	(No symbol) [0x00007FF6B714C033]
	(No symbol) [0x00007FF6B7119657]
	(No symbol) [0x00007FF6B711A251]
	GetHandleVerifier [0x00007FF6B75B3E2D+3278285]
	GetHandleVerifier [0x00007FF6B7600190+3590448]
	GetHandleVerifier [0x00007FF6B75F61D0+3549552]
	GetHandleVerifier [0x00007FF6B7351DE6+779654]
	(No symbol) [0x00007FF6B7227ACF]
	(No symbol) [0x00007FF6B7222EE4]
	(No symbol) [0x00007FF6B7223072]
	(No symbol) [0x00007FF6B7212C4F]
	(No symbol) [0x00007FF98B90257D]
	RtlUserThreadStart [0x00007FF98DC0AA48+40]</status>
</test>
<doc>Suite description</doc>
<status status="FAIL" start="2024-05-20T09:08:16.071471" elapsed="140.103589"/>
</suite>
<statistics>
<total>
<stat pass="16" fail="15" skip="0">All Tests</stat>
</total>
<tag>
<stat pass="0" fail="1" skip="0">Company Details</stat>
<stat pass="4" fail="6" skip="0">Left Navigation</stat>
<stat pass="1" fail="0" skip="0">Login Button</stat>
<stat pass="0" fail="1" skip="0">Message Page</stat>
<stat pass="0" fail="1" skip="0">New RegReq Page</stat>
<stat pass="1" fail="2" skip="0">Order Page</stat>
<stat pass="0" fail="2" skip="0">Profile</stat>
<stat pass="0" fail="2" skip="0">Return Page</stat>
<stat pass="1" fail="0" skip="0">Sleep</stat>
<stat pass="1" fail="0" skip="0">TC006</stat>
<stat pass="1" fail="0" skip="0">TC007</stat>
<stat pass="1" fail="0" skip="0">TC008</stat>
<stat pass="1" fail="0" skip="0">TC014</stat>
<stat pass="1" fail="0" skip="0">TC015</stat>
<stat pass="1" fail="0" skip="0">TC016</stat>
<stat pass="1" fail="0" skip="0">TC017</stat>
<stat pass="1" fail="0" skip="0">TC019</stat>
<stat pass="1" fail="0" skip="0">TC020</stat>
<stat pass="1" fail="0" skip="0">TC021</stat>
<stat pass="1" fail="0" skip="0">TC022</stat>
<stat pass="1" fail="0" skip="0">TC024</stat>
<stat pass="0" fail="1" skip="0">TC025</stat>
<stat pass="0" fail="1" skip="0">TC026</stat>
<stat pass="0" fail="1" skip="0">TC027</stat>
<stat pass="0" fail="1" skip="0">TC028</stat>
<stat pass="0" fail="1" skip="0">TC029</stat>
<stat pass="0" fail="1" skip="0">TC030</stat>
<stat pass="0" fail="1" skip="0">TC033</stat>
<stat pass="1" fail="0" skip="0">TC034</stat>
<stat pass="0" fail="1" skip="0">TC035</stat>
<stat pass="0" fail="1" skip="0">TC037</stat>
<stat pass="0" fail="1" skip="0">TC038</stat>
<stat pass="0" fail="1" skip="0">TC043</stat>
<stat pass="0" fail="1" skip="0">TC044</stat>
<stat pass="0" fail="1" skip="0">TC045</stat>
<stat pass="0" fail="1" skip="0">TC046</stat>
<stat pass="0" fail="1" skip="0">TC047</stat>
<stat pass="1" fail="0" skip="0">TC Sleep</stat>
<stat pass="5" fail="0" skip="0">Top Navigation</stat>
<stat pass="2" fail="0" skip="0">Valid Account</stat>
</tag>
<suite>
<stat pass="16" fail="15" skip="0" id="s1" name="HK Dealer Check">HK Dealer Check</stat>
</suite>
</statistics>
<errors>
<msg time="2024-05-20T09:08:16.385460" level="WARN">Imported resource file 'C:\Users\Danielouie.Estopace\PycharmProjects\pythonProject2\Resource\testdata\config.robot' is empty.</msg>
<msg time="2024-05-20T09:10:36.083950" level="WARN">Keyword 'Capture Page Screenshot' could not be run on failure: Message: no such window: target window already closed
from unknown error: web view not found
  (Session info: chrome=125.0.6422.61)
Stacktrace:
	GetHandleVerifier [0x00007FF6B72A22C2+60002]
	(No symbol) [0x00007FF6B721CA59]
	(No symbol) [0x00007FF6B70D7EDA]
	(No symbol) [0x00007FF6B70AD5B5]
	(No symbol) [0x00007FF6B7153727]
	(No symbol) [0x00007FF6B716B3A1]
	(No symbol) [0x00007FF6B714C033]
	(No symbol) [0x00007FF6B7119657]
	(No symbol) [0x00007FF6B711A251]
	GetHandleVerifier [0x00007FF6B75B3E2D+3278285]
	GetHandleVerifier [0x00007FF6B7600190+3590448]
	GetHandleVerifier [0x00007FF6B75F61D0+3549552]
	GetHandleVerifier [0x00007FF6B7351DE6+779654]
	(No symbol) [0x00007FF6B7227ACF]
	(No symbol) [0x00007FF6B7222EE4]
	(No symbol) [0x00007FF6B7223072]
	(No symbol) [0x00007FF6B7212C4F]
	(No symbol) [0x00007FF98B90257D]
	RtlUserThreadStart [0x00007FF98DC0AA48+40]
</msg>
<msg time="2024-05-20T09:10:36.096397" level="WARN">Keyword 'Capture Page Screenshot' could not be run on failure: Message: no such window: target window already closed
from unknown error: web view not found
  (Session info: chrome=125.0.6422.61)
Stacktrace:
	GetHandleVerifier [0x00007FF6B72A22C2+60002]
	(No symbol) [0x00007FF6B721CA59]
	(No symbol) [0x00007FF6B70D7EDA]
	(No symbol) [0x00007FF6B70AD5B5]
	(No symbol) [0x00007FF6B7153727]
	(No symbol) [0x00007FF6B716B3A1]
	(No symbol) [0x00007FF6B714C033]
	(No symbol) [0x00007FF6B7119657]
	(No symbol) [0x00007FF6B711A251]
	GetHandleVerifier [0x00007FF6B75B3E2D+3278285]
	GetHandleVerifier [0x00007FF6B7600190+3590448]
	GetHandleVerifier [0x00007FF6B75F61D0+3549552]
	GetHandleVerifier [0x00007FF6B7351DE6+779654]
	(No symbol) [0x00007FF6B7227ACF]
	(No symbol) [0x00007FF6B7222EE4]
	(No symbol) [0x00007FF6B7223072]
	(No symbol) [0x00007FF6B7212C4F]
	(No symbol) [0x00007FF98B90257D]
	RtlUserThreadStart [0x00007FF98DC0AA48+40]
</msg>
<msg time="2024-05-20T09:10:36.102393" level="WARN">Keyword 'Capture Page Screenshot' could not be run on failure: Message: no such window: target window already closed
from unknown error: web view not found
  (Session info: chrome=125.0.6422.61)
Stacktrace:
	GetHandleVerifier [0x00007FF6B72A22C2+60002]
	(No symbol) [0x00007FF6B721CA59]
	(No symbol) [0x00007FF6B70D7EDA]
	(No symbol) [0x00007FF6B70AD5B5]
	(No symbol) [0x00007FF6B7153727]
	(No symbol) [0x00007FF6B716B3A1]
	(No symbol) [0x00007FF6B714C033]
	(No symbol) [0x00007FF6B7119657]
	(No symbol) [0x00007FF6B711A251]
	GetHandleVerifier [0x00007FF6B75B3E2D+3278285]
	GetHandleVerifier [0x00007FF6B7600190+3590448]
	GetHandleVerifier [0x00007FF6B75F61D0+3549552]
	GetHandleVerifier [0x00007FF6B7351DE6+779654]
	(No symbol) [0x00007FF6B7227ACF]
	(No symbol) [0x00007FF6B7222EE4]
	(No symbol) [0x00007FF6B7223072]
	(No symbol) [0x00007FF6B7212C4F]
	(No symbol) [0x00007FF98B90257D]
	RtlUserThreadStart [0x00007FF98DC0AA48+40]
</msg>
<msg time="2024-05-20T09:10:36.110563" level="WARN">Keyword 'Capture Page Screenshot' could not be run on failure: Message: no such window: target window already closed
from unknown error: web view not found
  (Session info: chrome=125.0.6422.61)
Stacktrace:
	GetHandleVerifier [0x00007FF6B72A22C2+60002]
	(No symbol) [0x00007FF6B721CA59]
	(No symbol) [0x00007FF6B70D7EDA]
	(No symbol) [0x00007FF6B70AD5B5]
	(No symbol) [0x00007FF6B7153727]
	(No symbol) [0x00007FF6B716B3A1]
	(No symbol) [0x00007FF6B714C033]
	(No symbol) [0x00007FF6B7119657]
	(No symbol) [0x00007FF6B711A251]
	GetHandleVerifier [0x00007FF6B75B3E2D+3278285]
	GetHandleVerifier [0x00007FF6B7600190+3590448]
	GetHandleVerifier [0x00007FF6B75F61D0+3549552]
	GetHandleVerifier [0x00007FF6B7351DE6+779654]
	(No symbol) [0x00007FF6B7227ACF]
	(No symbol) [0x00007FF6B7222EE4]
	(No symbol) [0x00007FF6B7223072]
	(No symbol) [0x00007FF6B7212C4F]
	(No symbol) [0x00007FF98B90257D]
	RtlUserThreadStart [0x00007FF98DC0AA48+40]
</msg>
<msg time="2024-05-20T09:10:36.117559" level="WARN">Keyword 'Capture Page Screenshot' could not be run on failure: Message: no such window: target window already closed
from unknown error: web view not found
  (Session info: chrome=125.0.6422.61)
Stacktrace:
	GetHandleVerifier [0x00007FF6B72A22C2+60002]
	(No symbol) [0x00007FF6B721CA59]
	(No symbol) [0x00007FF6B70D7EDA]
	(No symbol) [0x00007FF6B70AD5B5]
	(No symbol) [0x00007FF6B7153727]
	(No symbol) [0x00007FF6B716B3A1]
	(No symbol) [0x00007FF6B714C033]
	(No symbol) [0x00007FF6B7119657]
	(No symbol) [0x00007FF6B711A251]
	GetHandleVerifier [0x00007FF6B75B3E2D+3278285]
	GetHandleVerifier [0x00007FF6B7600190+3590448]
	GetHandleVerifier [0x00007FF6B75F61D0+3549552]
	GetHandleVerifier [0x00007FF6B7351DE6+779654]
	(No symbol) [0x00007FF6B7227ACF]
	(No symbol) [0x00007FF6B7222EE4]
	(No symbol) [0x00007FF6B7223072]
	(No symbol) [0x00007FF6B7212C4F]
	(No symbol) [0x00007FF98B90257D]
	RtlUserThreadStart [0x00007FF98DC0AA48+40]
</msg>
<msg time="2024-05-20T09:10:36.125201" level="WARN">Keyword 'Capture Page Screenshot' could not be run on failure: Message: no such window: target window already closed
from unknown error: web view not found
  (Session info: chrome=125.0.6422.61)
Stacktrace:
	GetHandleVerifier [0x00007FF6B72A22C2+60002]
	(No symbol) [0x00007FF6B721CA59]
	(No symbol) [0x00007FF6B70D7EDA]
	(No symbol) [0x00007FF6B70AD5B5]
	(No symbol) [0x00007FF6B7153727]
	(No symbol) [0x00007FF6B716B3A1]
	(No symbol) [0x00007FF6B714C033]
	(No symbol) [0x00007FF6B7119657]
	(No symbol) [0x00007FF6B711A251]
	GetHandleVerifier [0x00007FF6B75B3E2D+3278285]
	GetHandleVerifier [0x00007FF6B7600190+3590448]
	GetHandleVerifier [0x00007FF6B75F61D0+3549552]
	GetHandleVerifier [0x00007FF6B7351DE6+779654]
	(No symbol) [0x00007FF6B7227ACF]
	(No symbol) [0x00007FF6B7222EE4]
	(No symbol) [0x00007FF6B7223072]
	(No symbol) [0x00007FF6B7212C4F]
	(No symbol) [0x00007FF98B90257D]
	RtlUserThreadStart [0x00007FF98DC0AA48+40]
</msg>
<msg time="2024-05-20T09:10:36.134196" level="WARN">Keyword 'Capture Page Screenshot' could not be run on failure: Message: no such window: target window already closed
from unknown error: web view not found
  (Session info: chrome=125.0.6422.61)
Stacktrace:
	GetHandleVerifier [0x00007FF6B72A22C2+60002]
	(No symbol) [0x00007FF6B721CA59]
	(No symbol) [0x00007FF6B70D7EDA]
	(No symbol) [0x00007FF6B70AD5B5]
	(No symbol) [0x00007FF6B7153727]
	(No symbol) [0x00007FF6B716B3A1]
	(No symbol) [0x00007FF6B714C033]
	(No symbol) [0x00007FF6B7119657]
	(No symbol) [0x00007FF6B711A251]
	GetHandleVerifier [0x00007FF6B75B3E2D+3278285]
	GetHandleVerifier [0x00007FF6B7600190+3590448]
	GetHandleVerifier [0x00007FF6B75F61D0+3549552]
	GetHandleVerifier [0x00007FF6B7351DE6+779654]
	(No symbol) [0x00007FF6B7227ACF]
	(No symbol) [0x00007FF6B7222EE4]
	(No symbol) [0x00007FF6B7223072]
	(No symbol) [0x00007FF6B7212C4F]
	(No symbol) [0x00007FF98B90257D]
	RtlUserThreadStart [0x00007FF98DC0AA48+40]
</msg>
<msg time="2024-05-20T09:10:36.140742" level="WARN">Keyword 'Capture Page Screenshot' could not be run on failure: Message: no such window: target window already closed
from unknown error: web view not found
  (Session info: chrome=125.0.6422.61)
Stacktrace:
	GetHandleVerifier [0x00007FF6B72A22C2+60002]
	(No symbol) [0x00007FF6B721CA59]
	(No symbol) [0x00007FF6B70D7EDA]
	(No symbol) [0x00007FF6B70AD5B5]
	(No symbol) [0x00007FF6B7153727]
	(No symbol) [0x00007FF6B716B3A1]
	(No symbol) [0x00007FF6B714C033]
	(No symbol) [0x00007FF6B7119657]
	(No symbol) [0x00007FF6B711A251]
	GetHandleVerifier [0x00007FF6B75B3E2D+3278285]
	GetHandleVerifier [0x00007FF6B7600190+3590448]
	GetHandleVerifier [0x00007FF6B75F61D0+3549552]
	GetHandleVerifier [0x00007FF6B7351DE6+779654]
	(No symbol) [0x00007FF6B7227ACF]
	(No symbol) [0x00007FF6B7222EE4]
	(No symbol) [0x00007FF6B7223072]
	(No symbol) [0x00007FF6B7212C4F]
	(No symbol) [0x00007FF98B90257D]
	RtlUserThreadStart [0x00007FF98DC0AA48+40]
</msg>
<msg time="2024-05-20T09:10:36.140742" level="WARN">Keyword 'Capture Page Screenshot' could not be run on failure: Message: no such window: target window already closed
from unknown error: web view not found
  (Session info: chrome=125.0.6422.61)
Stacktrace:
	GetHandleVerifier [0x00007FF6B72A22C2+60002]
	(No symbol) [0x00007FF6B721CA59]
	(No symbol) [0x00007FF6B70D7EDA]
	(No symbol) [0x00007FF6B70AD5B5]
	(No symbol) [0x00007FF6B7153727]
	(No symbol) [0x00007FF6B716B3A1]
	(No symbol) [0x00007FF6B714C033]
	(No symbol) [0x00007FF6B7119657]
	(No symbol) [0x00007FF6B711A251]
	GetHandleVerifier [0x00007FF6B75B3E2D+3278285]
	GetHandleVerifier [0x00007FF6B7600190+3590448]
	GetHandleVerifier [0x00007FF6B75F61D0+3549552]
	GetHandleVerifier [0x00007FF6B7351DE6+779654]
	(No symbol) [0x00007FF6B7227ACF]
	(No symbol) [0x00007FF6B7222EE4]
	(No symbol) [0x00007FF6B7223072]
	(No symbol) [0x00007FF6B7212C4F]
	(No symbol) [0x00007FF98B90257D]
	RtlUserThreadStart [0x00007FF98DC0AA48+40]
</msg>
<msg time="2024-05-20T09:10:36.140742" level="WARN">Keyword 'Capture Page Screenshot' could not be run on failure: Message: no such window: target window already closed
from unknown error: web view not found
  (Session info: chrome=125.0.6422.61)
Stacktrace:
	GetHandleVerifier [0x00007FF6B72A22C2+60002]
	(No symbol) [0x00007FF6B721CA59]
	(No symbol) [0x00007FF6B70D7EDA]
	(No symbol) [0x00007FF6B70AD5B5]
	(No symbol) [0x00007FF6B7153727]
	(No symbol) [0x00007FF6B716B3A1]
	(No symbol) [0x00007FF6B714C033]
	(No symbol) [0x00007FF6B7119657]
	(No symbol) [0x00007FF6B711A251]
	GetHandleVerifier [0x00007FF6B75B3E2D+3278285]
	GetHandleVerifier [0x00007FF6B7600190+3590448]
	GetHandleVerifier [0x00007FF6B75F61D0+3549552]
	GetHandleVerifier [0x00007FF6B7351DE6+779654]
	(No symbol) [0x00007FF6B7227ACF]
	(No symbol) [0x00007FF6B7222EE4]
	(No symbol) [0x00007FF6B7223072]
	(No symbol) [0x00007FF6B7212C4F]
	(No symbol) [0x00007FF98B90257D]
	RtlUserThreadStart [0x00007FF98DC0AA48+40]
</msg>
<msg time="2024-05-20T09:10:36.161205" level="WARN">Keyword 'Capture Page Screenshot' could not be run on failure: Message: no such window: target window already closed
from unknown error: web view not found
  (Session info: chrome=125.0.6422.61)
Stacktrace:
	GetHandleVerifier [0x00007FF6B72A22C2+60002]
	(No symbol) [0x00007FF6B721CA59]
	(No symbol) [0x00007FF6B70D7EDA]
	(No symbol) [0x00007FF6B70AD5B5]
	(No symbol) [0x00007FF6B7153727]
	(No symbol) [0x00007FF6B716B3A1]
	(No symbol) [0x00007FF6B714C033]
	(No symbol) [0x00007FF6B7119657]
	(No symbol) [0x00007FF6B711A251]
	GetHandleVerifier [0x00007FF6B75B3E2D+3278285]
	GetHandleVerifier [0x00007FF6B7600190+3590448]
	GetHandleVerifier [0x00007FF6B75F61D0+3549552]
	GetHandleVerifier [0x00007FF6B7351DE6+779654]
	(No symbol) [0x00007FF6B7227ACF]
	(No symbol) [0x00007FF6B7222EE4]
	(No symbol) [0x00007FF6B7223072]
	(No symbol) [0x00007FF6B7212C4F]
	(No symbol) [0x00007FF98B90257D]
	RtlUserThreadStart [0x00007FF98DC0AA48+40]
</msg>
<msg time="2024-05-20T09:10:36.166191" level="WARN">Keyword 'Capture Page Screenshot' could not be run on failure: Message: no such window: target window already closed
from unknown error: web view not found
  (Session info: chrome=125.0.6422.61)
Stacktrace:
	GetHandleVerifier [0x00007FF6B72A22C2+60002]
	(No symbol) [0x00007FF6B721CA59]
	(No symbol) [0x00007FF6B70D7EDA]
	(No symbol) [0x00007FF6B70AD5B5]
	(No symbol) [0x00007FF6B7153727]
	(No symbol) [0x00007FF6B716B3A1]
	(No symbol) [0x00007FF6B714C033]
	(No symbol) [0x00007FF6B7119657]
	(No symbol) [0x00007FF6B711A251]
	GetHandleVerifier [0x00007FF6B75B3E2D+3278285]
	GetHandleVerifier [0x00007FF6B7600190+3590448]
	GetHandleVerifier [0x00007FF6B75F61D0+3549552]
	GetHandleVerifier [0x00007FF6B7351DE6+779654]
	(No symbol) [0x00007FF6B7227ACF]
	(No symbol) [0x00007FF6B7222EE4]
	(No symbol) [0x00007FF6B7223072]
	(No symbol) [0x00007FF6B7212C4F]
	(No symbol) [0x00007FF98B90257D]
	RtlUserThreadStart [0x00007FF98DC0AA48+40]
</msg>
<msg time="2024-05-20T09:10:36.171190" level="WARN">Keyword 'Capture Page Screenshot' could not be run on failure: Message: no such window: target window already closed
from unknown error: web view not found
  (Session info: chrome=125.0.6422.61)
Stacktrace:
	GetHandleVerifier [0x00007FF6B72A22C2+60002]
	(No symbol) [0x00007FF6B721CA59]
	(No symbol) [0x00007FF6B70D7EDA]
	(No symbol) [0x00007FF6B70AD5B5]
	(No symbol) [0x00007FF6B7153727]
	(No symbol) [0x00007FF6B716B3A1]
	(No symbol) [0x00007FF6B714C033]
	(No symbol) [0x00007FF6B7119657]
	(No symbol) [0x00007FF6B711A251]
	GetHandleVerifier [0x00007FF6B75B3E2D+3278285]
	GetHandleVerifier [0x00007FF6B7600190+3590448]
	GetHandleVerifier [0x00007FF6B75F61D0+3549552]
	GetHandleVerifier [0x00007FF6B7351DE6+779654]
	(No symbol) [0x00007FF6B7227ACF]
	(No symbol) [0x00007FF6B7222EE4]
	(No symbol) [0x00007FF6B7223072]
	(No symbol) [0x00007FF6B7212C4F]
	(No symbol) [0x00007FF98B90257D]
	RtlUserThreadStart [0x00007FF98DC0AA48+40]
</msg>
</errors>
</robot>
