<?xml version="1.0" encoding="UTF-8"?>
<robot generator="Robot 7.0 (Python 3.11.4 on win32)" generated="2024-06-05T14:00:41.600627" rpa="false" schemaversion="5">
<suite id="s1" name="Test Retail Smoke1" source="C:\Users\Danielouie.Estopace\PycharmProjects\pythonProject2\Resource\testsuites\Retail\HK_TC\S2\Test_Retail_Smoke1.robot">
<test id="s1-t1" name="Test Setup" line="13">
<kw name="Run Keywords" owner="BuiltIn">
<kw name="Open Chrome Browser" owner="HK_S2_Bronze_Config">
<kw name="Open Browser" owner="SeleniumLibrary">
<msg time="2024-06-05T14:00:42.154151" level="INFO">Opening browser 'Chrome' to base url 'https://hkretail.coyzchwfjr-inchcaped2-s2-public.model-t.cc.commerce.ondemand.com/hkretail/'.</msg>
<arg>${s2HKRetail}</arg>
<arg>Chrome</arg>
<arg>executable_path=${driver_path}</arg>
<doc>Opens a new browser instance to the optional ``url``.</doc>
<status status="PASS" start="2024-06-05T14:00:42.154151" elapsed="4.214721"/>
</kw>
<kw name="Maximize Browser Window" owner="SeleniumLibrary">
<doc>Maximizes current browser window.</doc>
<status status="PASS" start="2024-06-05T14:00:46.368872" elapsed="0.028094"/>
</kw>
<status status="PASS" start="2024-06-05T14:00:42.153219" elapsed="4.243747"/>
</kw>
<arg>Open Chrome Browser</arg>
<doc>Executes all the given keywords in a sequence.</doc>
<status status="PASS" start="2024-06-05T14:00:42.153144" elapsed="4.243822"/>
</kw>
<status status="PASS" start="2024-06-05T14:00:42.150215" elapsed="4.246751"/>
</test>
<test id="s1-t2" name="Screen Shot DIR" line="14">
<kw name="Run Keywords" owner="BuiltIn">
<kw name="Retail Screen Shot DIR" owner="HK_S2_Bronze_Config">
<kw name="Get Current Date" owner="DateTime">
<msg time="2024-06-05T14:00:46.399968" level="INFO">${currentdate} = 06-05-24 14-00</msg>
<var>${currentdate}</var>
<arg>result_format=%m-%d-%y %H-%M</arg>
<doc>Returns current local or UTC time with an optional increment.</doc>
<status status="PASS" start="2024-06-05T14:00:46.399968" elapsed="0.000000"/>
</kw>
<kw name="Create Directory" owner="OperatingSystem">
<msg time="2024-06-05T14:00:46.400966" level="INFO" html="true">Created directory '&lt;a href="file://C:\Users\Danielouie.Estopace\PycharmProjects\pythonProject2\Resource\testsuites\Retail\Screenshots\HK\S2\HK_06-05-24 14-00"&gt;C:\Users\Danielouie.Estopace\PycharmProjects\pythonProject2\Resource\testsuites\Retail\Screenshots\HK\S2\HK_06-05-24 14-00&lt;/a&gt;'.</msg>
<arg>${Retail_screenshot_path}/HK_${currentdate}</arg>
<doc>Creates the specified directory.</doc>
<status status="PASS" start="2024-06-05T14:00:46.399968" elapsed="0.000998"/>
</kw>
<kw name="Convert To String" owner="BuiltIn">
<msg time="2024-06-05T14:00:46.400966" level="INFO">${LogDIR} = ..\..\..\..\..\Resource\testsuites\Retail\Screenshots\HK\S2/HK_06-05-24 14-00</msg>
<var>${LogDIR}</var>
<arg>${Retail_screenshot_path}/HK_${currentdate}</arg>
<doc>Converts the given item to a Unicode string.</doc>
<status status="PASS" start="2024-06-05T14:00:46.400966" elapsed="0.000000"/>
</kw>
<kw name="Set Screenshot Directory" owner="SeleniumLibrary">
<arg>${LogDIR}</arg>
<doc>Sets the directory for captured screenshots.</doc>
<status status="PASS" start="2024-06-05T14:00:46.400966" elapsed="0.000999"/>
</kw>
<kw name="Set Global Variable" owner="BuiltIn">
<msg time="2024-06-05T14:00:46.401965" level="INFO">${LogDIR} = ..\..\..\..\..\Resource\testsuites\Retail\Screenshots\HK\S2/HK_06-05-24 14-00</msg>
<arg>${LogDIR}</arg>
<doc>Makes a variable available globally in all tests and suites.</doc>
<status status="PASS" start="2024-06-05T14:00:46.401965" elapsed="0.000000"/>
</kw>
<status status="PASS" start="2024-06-05T14:00:46.398966" elapsed="0.002999"/>
</kw>
<arg>Retail Screen Shot DIR</arg>
<doc>Executes all the given keywords in a sequence.</doc>
<status status="PASS" start="2024-06-05T14:00:46.398966" elapsed="0.002999"/>
</kw>
<status status="PASS" start="2024-06-05T14:00:46.397965" elapsed="0.004000"/>
</test>
<test id="s1-t3" name="TC-001 - Verify Login Page" line="16">
<kw name="Run Keyword And Continue On Failure" owner="BuiltIn">
<kw name="Verify Login Page" owner="Login_Page_Keywords">
<kw name="Sleep" owner="BuiltIn">
<msg time="2024-06-05T14:00:56.404398" level="INFO">Slept 10 seconds.</msg>
<arg>10</arg>
<doc>Pauses the test executed for the given time.</doc>
<status status="PASS" start="2024-06-05T14:00:46.404086" elapsed="10.000312"/>
</kw>
<kw name="Capture Page Screenshot" owner="SeleniumLibrary">
<msg time="2024-06-05T14:00:56.731564" level="INFO" html="true">&lt;/td&gt;&lt;/tr&gt;&lt;tr&gt;&lt;td colspan="3"&gt;&lt;a href="../../Screenshots/HK/S2/HK_06-05-24%2014-00/selenium-screenshot-1.png"&gt;&lt;img src="../../Screenshots/HK/S2/HK_06-05-24%2014-00/selenium-screenshot-1.png" width="800px"&gt;&lt;/a&gt;</msg>
<doc>Takes a screenshot of the current page and embeds it into a log file.</doc>
<status status="PASS" start="2024-06-05T14:00:56.404398" elapsed="0.327166"/>
</kw>
<status status="PASS" start="2024-06-05T14:00:46.402965" elapsed="10.328599"/>
</kw>
<arg>Verify Login Page</arg>
<doc>Runs the keyword and continues execution even if a failure occurs.</doc>
<status status="PASS" start="2024-06-05T14:00:46.402965" elapsed="10.328599"/>
</kw>
<tag>Login Page</tag>
<tag>TC001</tag>
<status status="PASS" start="2024-06-05T14:00:46.402965" elapsed="10.328599"/>
</test>
<test id="s1-t4" name="TC-002 - Input Valid Username" line="37">
<kw name="Run Keyword And Continue On Failure" owner="BuiltIn">
<kw name="Input Valid Username" owner="Login_Page_Keywords">
<kw name="Clear Element Text" owner="SeleniumLibrary">
<arg>${Email}</arg>
<doc>Clears the value of the text-input-element identified by ``locator``.</doc>
<status status="PASS" start="2024-06-05T14:00:56.734078" elapsed="0.041064"/>
</kw>
<kw name="Input Text" owner="SeleniumLibrary">
<msg time="2024-06-05T14:00:56.776140" level="INFO">Typing text 'hk_automation1retails2_bronze@yopmail.com' into text field '//*[@type='email']'.</msg>
<arg>${Email}</arg>
<arg>${Username}</arg>
<doc>Types the given ``text`` into the text field identified by ``locator``.</doc>
<status status="PASS" start="2024-06-05T14:00:56.775142" elapsed="0.112717"/>
</kw>
<kw name="Capture Element Screenshot" owner="SeleniumLibrary">
<msg time="2024-06-05T14:00:57.011989" level="INFO" html="true">&lt;/td&gt;&lt;/tr&gt;&lt;tr&gt;&lt;td colspan="3"&gt;&lt;a href="../../Screenshots/HK/S2/HK_06-05-24%2014-00/selenium-element-screenshot-1.png"&gt;&lt;img src="../../Screenshots/HK/S2/HK_06-05-24%2014-00/selenium-element-screenshot-1.png" width="400px"&gt;&lt;/a&gt;</msg>
<arg>${Email}</arg>
<doc>Captures a screenshot from the element identified by ``locator`` and embeds it into log file.</doc>
<status status="PASS" start="2024-06-05T14:00:56.887859" elapsed="0.124130"/>
</kw>
<kw name="Sleep" owner="BuiltIn">
<msg time="2024-06-05T14:00:59.013250" level="INFO">Slept 2 seconds.</msg>
<arg>2</arg>
<doc>Pauses the test executed for the given time.</doc>
<status status="PASS" start="2024-06-05T14:00:57.011989" elapsed="2.001261"/>
</kw>
<status status="PASS" start="2024-06-05T14:00:56.734078" elapsed="2.279172"/>
</kw>
<arg>Input Valid Username</arg>
<doc>Runs the keyword and continues execution even if a failure occurs.</doc>
<status status="PASS" start="2024-06-05T14:00:56.733071" elapsed="2.280179"/>
</kw>
<tag>Login Page</tag>
<status status="PASS" start="2024-06-05T14:00:56.733071" elapsed="2.280179"/>
</test>
<test id="s1-t5" name="TC-003 - Input Valid Password" line="41">
<kw name="Run Keyword And Continue On Failure" owner="BuiltIn">
<kw name="Input Valid Password" owner="Login_Page_Keywords">
<kw name="Clear Element Text" owner="SeleniumLibrary">
<arg>${Pass}</arg>
<doc>Clears the value of the text-input-element identified by ``locator``.</doc>
<status status="PASS" start="2024-06-05T14:00:59.016269" elapsed="0.025797"/>
</kw>
<kw name="Input Text" owner="SeleniumLibrary">
<msg time="2024-06-05T14:00:59.043061" level="INFO">Typing text 'HK_Auto@12345!' into text field '//*[@type='password']'.</msg>
<arg>${Pass}</arg>
<arg>${Password}</arg>
<doc>Types the given ``text`` into the text field identified by ``locator``.</doc>
<status status="PASS" start="2024-06-05T14:00:59.042066" elapsed="0.080044"/>
</kw>
<kw name="Capture Element Screenshot" owner="SeleniumLibrary">
<msg time="2024-06-05T14:00:59.225601" level="INFO" html="true">&lt;/td&gt;&lt;/tr&gt;&lt;tr&gt;&lt;td colspan="3"&gt;&lt;a href="../../Screenshots/HK/S2/HK_06-05-24%2014-00/selenium-element-screenshot-2.png"&gt;&lt;img src="../../Screenshots/HK/S2/HK_06-05-24%2014-00/selenium-element-screenshot-2.png" width="400px"&gt;&lt;/a&gt;</msg>
<arg>${Pass}</arg>
<doc>Captures a screenshot from the element identified by ``locator`` and embeds it into log file.</doc>
<status status="PASS" start="2024-06-05T14:00:59.122110" elapsed="0.104491"/>
</kw>
<kw name="Sleep" owner="BuiltIn">
<msg time="2024-06-05T14:01:01.226984" level="INFO">Slept 2 seconds.</msg>
<arg>2</arg>
<doc>Pauses the test executed for the given time.</doc>
<status status="PASS" start="2024-06-05T14:00:59.226601" elapsed="2.000383"/>
</kw>
<status status="PASS" start="2024-06-05T14:00:59.015270" elapsed="2.211714"/>
</kw>
<arg>Input Valid Password</arg>
<doc>Runs the keyword and continues execution even if a failure occurs.</doc>
<status status="PASS" start="2024-06-05T14:00:59.015270" elapsed="2.211714"/>
</kw>
<tag>Login Page</tag>
<status status="PASS" start="2024-06-05T14:00:59.014254" elapsed="2.215205"/>
</test>
<test id="s1-t6" name="TC-004 - User should be able to click Login Button" line="45">
<kw name="Run Keyword And Continue On Failure" owner="BuiltIn">
<kw name="User should be able to click Login Button" owner="Login_Page_Keywords">
<kw name="Capture Element Screenshot" owner="SeleniumLibrary">
<msg time="2024-06-05T14:01:01.327726" level="INFO" html="true">&lt;/td&gt;&lt;/tr&gt;&lt;tr&gt;&lt;td colspan="3"&gt;&lt;a href="../../Screenshots/HK/S2/HK_06-05-24%2014-00/selenium-element-screenshot-3.png"&gt;&lt;img src="../../Screenshots/HK/S2/HK_06-05-24%2014-00/selenium-element-screenshot-3.png" width="400px"&gt;&lt;/a&gt;</msg>
<arg>${LoginButton}</arg>
<doc>Captures a screenshot from the element identified by ``locator`` and embeds it into log file.</doc>
<status status="PASS" start="2024-06-05T14:01:01.236996" elapsed="0.090730"/>
</kw>
<kw name="Click Element" owner="SeleniumLibrary">
<msg time="2024-06-05T14:01:01.328728" level="INFO">Clicking element '//button[@type='submit' and (contains(text(),'Login') or (contains(text(),' 登入 ')))]'.</msg>
<arg>${LoginButton}</arg>
<doc>Click the element identified by ``locator``.</doc>
<status status="PASS" start="2024-06-05T14:01:01.327726" elapsed="0.050979"/>
</kw>
<kw name="Sleep" owner="BuiltIn">
<msg time="2024-06-05T14:01:03.379271" level="INFO">Slept 2 seconds.</msg>
<arg>2</arg>
<doc>Pauses the test executed for the given time.</doc>
<status status="PASS" start="2024-06-05T14:01:01.378705" elapsed="2.000566"/>
</kw>
<status status="PASS" start="2024-06-05T14:01:01.235996" elapsed="2.143275"/>
</kw>
<arg>User should be able to click Login Button</arg>
<doc>Runs the keyword and continues execution even if a failure occurs.</doc>
<status status="PASS" start="2024-06-05T14:01:01.235001" elapsed="2.144270"/>
</kw>
<kw name="Run Keyword And Continue On Failure" owner="BuiltIn">
<kw name="TC Sleep" owner="HK_S2_Bronze_Config">
<kw name="Sleep" owner="BuiltIn">
<msg time="2024-06-05T14:01:13.380703" level="INFO">Slept 10 seconds.</msg>
<arg>10</arg>
<doc>Pauses the test executed for the given time.</doc>
<status status="PASS" start="2024-06-05T14:01:03.380285" elapsed="10.000418"/>
</kw>
<status status="PASS" start="2024-06-05T14:01:03.380285" elapsed="10.001041"/>
</kw>
<arg>TC Sleep</arg>
<doc>Runs the keyword and continues execution even if a failure occurs.</doc>
<status status="PASS" start="2024-06-05T14:01:03.379271" elapsed="10.002055"/>
</kw>
<tag>Login Page</tag>
<status status="PASS" start="2024-06-05T14:01:01.232975" elapsed="12.149268"/>
</test>
<test id="s1-t7" name="TC-004 - User should be able to view shopping cart pop up modal" line="50">
<kw name="Run Keyword And Continue On Failure" owner="BuiltIn">
<kw name="TC Sleep" owner="HK_S2_Bronze_Config">
<kw name="Sleep" owner="BuiltIn">
<msg time="2024-06-05T14:01:23.390214" level="INFO">Slept 10 seconds.</msg>
<arg>10</arg>
<doc>Pauses the test executed for the given time.</doc>
<status status="PASS" start="2024-06-05T14:01:13.389759" elapsed="10.000455"/>
</kw>
<status status="PASS" start="2024-06-05T14:01:13.388758" elapsed="10.001456"/>
</kw>
<arg>TC Sleep</arg>
<doc>Runs the keyword and continues execution even if a failure occurs.</doc>
<status status="PASS" start="2024-06-05T14:01:13.387758" elapsed="10.002456"/>
</kw>
<kw name="Run Keyword And Continue On Failure" owner="BuiltIn">
<kw name="User should be able to view shopping cart pop up modal" owner="Home_Page_Keywords">
<kw name="Run Keyword And Return Status" owner="BuiltIn">
<kw name="Wait Until Element Is Visible" owner="SeleniumLibrary">
<arg>${HomePageCartCountIcon}</arg>
<arg>10</arg>
<doc>Waits until the element ``locator`` is visible.</doc>
<status status="PASS" start="2024-06-05T14:01:23.396320" elapsed="0.028851"/>
</kw>
<arg>wait until element is visible</arg>
<arg>${HomePageCartCountIcon}</arg>
<arg>10</arg>
<doc>Runs the given keyword with given arguments and returns the status as a Boolean value.</doc>
<status status="PASS" start="2024-06-05T14:01:23.395307" elapsed="0.029864"/>
</kw>
<kw name="Wait Until Element Is Visible" owner="SeleniumLibrary">
<arg>${HomePageCartIcon}</arg>
<arg>10</arg>
<doc>Waits until the element ``locator`` is visible.</doc>
<status status="PASS" start="2024-06-05T14:01:23.425171" elapsed="0.016068"/>
</kw>
<kw name="Click Element" owner="SeleniumLibrary">
<msg time="2024-06-05T14:01:23.441239" level="INFO">Clicking element '//dpp-mini-cart//cx-icon'.</msg>
<arg>${HomePageCartIcon}</arg>
<doc>Click the element identified by ``locator``.</doc>
<status status="PASS" start="2024-06-05T14:01:23.441239" elapsed="0.056283"/>
</kw>
<kw name="Wait Until Element Is Visible" owner="SeleniumLibrary">
<arg>${ShopCartPopHeader}</arg>
<arg>10</arg>
<doc>Waits until the element ``locator`` is visible.</doc>
<status status="PASS" start="2024-06-05T14:01:23.497522" elapsed="0.018945"/>
</kw>
<kw name="Capture Element Screenshot" owner="SeleniumLibrary">
<msg time="2024-06-05T14:01:23.668884" level="INFO" html="true">&lt;/td&gt;&lt;/tr&gt;&lt;tr&gt;&lt;td colspan="3"&gt;&lt;a href="../../Screenshots/HK/S2/HK_06-05-24%2014-00/selenium-element-screenshot-4.png"&gt;&lt;img src="../../Screenshots/HK/S2/HK_06-05-24%2014-00/selenium-element-screenshot-4.png" width="400px"&gt;&lt;/a&gt;</msg>
<arg>${ShopCartPopContainer}</arg>
<doc>Captures a screenshot from the element identified by ``locator`` and embeds it into log file.</doc>
<status status="PASS" start="2024-06-05T14:01:23.516467" elapsed="0.152417"/>
</kw>
<kw name="Sleep" owner="BuiltIn">
<msg time="2024-06-05T14:01:25.670108" level="INFO">Slept 2 seconds.</msg>
<arg>2</arg>
<doc>Pauses the test executed for the given time.</doc>
<status status="PASS" start="2024-06-05T14:01:23.668884" elapsed="2.001224"/>
</kw>
<status status="PASS" start="2024-06-05T14:01:23.394307" elapsed="2.275801"/>
</kw>
<arg>User should be able to view shopping cart pop up modal</arg>
<doc>Runs the keyword and continues execution even if a failure occurs.</doc>
<status status="PASS" start="2024-06-05T14:01:23.393278" elapsed="2.276830"/>
</kw>
<kw name="Run Keyword And Continue On Failure" owner="BuiltIn">
<kw name="User should be able to check shopping cart pop up modal prices" owner="Home_Page_Keywords">
<kw name="Wait Until Element Is Visible" owner="SeleniumLibrary">
<arg>${ShopCartPopItemList}</arg>
<arg>10</arg>
<doc>Waits until the element ``locator`` is visible.</doc>
<status status="PASS" start="2024-06-05T14:01:25.671116" elapsed="0.015740"/>
</kw>
<kw name="Get Text" owner="SeleniumLibrary">
<msg time="2024-06-05T14:01:25.703917" level="INFO">${PopUpCartTotalPrice} = $1,567.8</msg>
<var>${PopUpCartTotalPrice}</var>
<arg>${ShopCartPopPriceLabel}</arg>
<doc>Returns the text value of the element identified by ``locator``.</doc>
<status status="PASS" start="2024-06-05T14:01:25.686856" elapsed="0.017061"/>
</kw>
<kw name="Remove String" owner="String">
<msg time="2024-06-05T14:01:25.703917" level="INFO">${RemovePopUpCartTotalString} = 1567.8</msg>
<var>${RemovePopUpCartTotalString}</var>
<arg>${PopUpCartTotalPrice}</arg>
<arg>$</arg>
<arg>,</arg>
<doc>Removes all ``removables`` from the given ``string``.</doc>
<status status="PASS" start="2024-06-05T14:01:25.703917" elapsed="0.000000"/>
</kw>
<kw name="Convert To Number" owner="BuiltIn">
<msg time="2024-06-05T14:01:25.704922" level="INFO">${ConvertPopUpCartTotal} = 1567.8</msg>
<var>${ConvertPopUpCartTotal}</var>
<arg>${RemovePopUpCartTotalString}</arg>
<doc>Converts the given item to a floating point number.</doc>
<status status="PASS" start="2024-06-05T14:01:25.703917" elapsed="0.001005"/>
</kw>
<kw name="Get Element Count" owner="SeleniumLibrary">
<msg time="2024-06-05T14:01:25.709923" level="INFO">${PopUpCartItemCount} = 3</msg>
<var>${PopUpCartItemCount}</var>
<arg>${ShopCartPopItemList}</arg>
<doc>Returns the number of elements matching ``locator``.</doc>
<status status="PASS" start="2024-06-05T14:01:25.704922" elapsed="0.005001"/>
</kw>
<kw name="Create List" owner="BuiltIn">
<msg time="2024-06-05T14:01:25.709923" level="INFO">${CartItemVariableList} = []</msg>
<var>${CartItemVariableList}</var>
<doc>Returns a list containing given items.</doc>
<status status="PASS" start="2024-06-05T14:01:25.709923" elapsed="0.000000"/>
</kw>
<kw name="Log" owner="BuiltIn">
<msg time="2024-06-05T14:01:25.709923" level="INFO">3</msg>
<arg>${PopUpCartItemCount}</arg>
<doc>Logs the given message with the given level.</doc>
<status status="PASS" start="2024-06-05T14:01:25.709923" elapsed="0.000000"/>
</kw>
<for flavor="IN RANGE">
<iter>
<kw name="Get Text" owner="SeleniumLibrary">
<msg time="2024-06-05T14:01:25.723034" level="INFO">${ItemPrice} = $999.0</msg>
<var>${ItemPrice}</var>
<arg>(//div[@class='products-container']//div[@class='item' or @class='item first-element' or @class='item last-element' or @class='item first-element last-element']//div[@class='cx-price']//div[@class='item-price'])[${ItemPriceIndex}]</arg>
<doc>Returns the text value of the element identified by ``locator``.</doc>
<status status="PASS" start="2024-06-05T14:01:25.710925" elapsed="0.013027"/>
</kw>
<kw name="Remove String" owner="String">
<msg time="2024-06-05T14:01:25.723952" level="INFO">${ItemPriceRemoveString} = 999.0</msg>
<var>${ItemPriceRemoveString}</var>
<arg>${ItemPrice}</arg>
<arg>$</arg>
<arg>,</arg>
<arg>${SPACE}</arg>
<doc>Removes all ``removables`` from the given ``string``.</doc>
<status status="PASS" start="2024-06-05T14:01:25.723952" elapsed="0.000000"/>
</kw>
<kw name="Convert To Number" owner="BuiltIn">
<msg time="2024-06-05T14:01:25.723952" level="INFO">${ItemPriceConvert} = 999.0</msg>
<var>${ItemPriceConvert}</var>
<arg>${ItemPriceRemoveString}</arg>
<doc>Converts the given item to a floating point number.</doc>
<status status="PASS" start="2024-06-05T14:01:25.723952" elapsed="0.000000"/>
</kw>
<kw name="Append To List" owner="Collections">
<arg>${CartItemVariableList}</arg>
<arg>${ItemPriceConvert}</arg>
<doc>Adds ``values`` to the end of ``list``.</doc>
<status status="PASS" start="2024-06-05T14:01:25.723952" elapsed="0.000000"/>
</kw>
<kw name="Log" owner="BuiltIn">
<msg time="2024-06-05T14:01:25.724951" level="INFO">999.0</msg>
<arg>${ItemPriceConvert}</arg>
<doc>Logs the given message with the given level.</doc>
<status status="PASS" start="2024-06-05T14:01:25.724951" elapsed="0.000000"/>
</kw>
<kw name="Log" owner="BuiltIn">
<msg time="2024-06-05T14:01:25.724951" level="INFO">[999.0]</msg>
<arg>${CartItemVariableList}</arg>
<doc>Logs the given message with the given level.</doc>
<status status="PASS" start="2024-06-05T14:01:25.724951" elapsed="0.000000"/>
</kw>
<var name="${ItemPriceIndex}">1</var>
<status status="PASS" start="2024-06-05T14:01:25.710925" elapsed="0.014026"/>
</iter>
<iter>
<kw name="Get Text" owner="SeleniumLibrary">
<msg time="2024-06-05T14:01:25.737228" level="INFO">${ItemPrice} = $330.3</msg>
<var>${ItemPrice}</var>
<arg>(//div[@class='products-container']//div[@class='item' or @class='item first-element' or @class='item last-element' or @class='item first-element last-element']//div[@class='cx-price']//div[@class='item-price'])[${ItemPriceIndex}]</arg>
<doc>Returns the text value of the element identified by ``locator``.</doc>
<status status="PASS" start="2024-06-05T14:01:25.724951" elapsed="0.012277"/>
</kw>
<kw name="Remove String" owner="String">
<msg time="2024-06-05T14:01:25.738226" level="INFO">${ItemPriceRemoveString} = 330.3</msg>
<var>${ItemPriceRemoveString}</var>
<arg>${ItemPrice}</arg>
<arg>$</arg>
<arg>,</arg>
<arg>${SPACE}</arg>
<doc>Removes all ``removables`` from the given ``string``.</doc>
<status status="PASS" start="2024-06-05T14:01:25.738226" elapsed="0.000000"/>
</kw>
<kw name="Convert To Number" owner="BuiltIn">
<msg time="2024-06-05T14:01:25.751776" level="INFO">${ItemPriceConvert} = 330.3</msg>
<var>${ItemPriceConvert}</var>
<arg>${ItemPriceRemoveString}</arg>
<doc>Converts the given item to a floating point number.</doc>
<status status="PASS" start="2024-06-05T14:01:25.738226" elapsed="0.013550"/>
</kw>
<kw name="Append To List" owner="Collections">
<arg>${CartItemVariableList}</arg>
<arg>${ItemPriceConvert}</arg>
<doc>Adds ``values`` to the end of ``list``.</doc>
<status status="PASS" start="2024-06-05T14:01:25.751776" elapsed="0.000000"/>
</kw>
<kw name="Log" owner="BuiltIn">
<msg time="2024-06-05T14:01:25.751776" level="INFO">330.3</msg>
<arg>${ItemPriceConvert}</arg>
<doc>Logs the given message with the given level.</doc>
<status status="PASS" start="2024-06-05T14:01:25.751776" elapsed="0.000000"/>
</kw>
<kw name="Log" owner="BuiltIn">
<msg time="2024-06-05T14:01:25.752775" level="INFO">[999.0, 330.3]</msg>
<arg>${CartItemVariableList}</arg>
<doc>Logs the given message with the given level.</doc>
<status status="PASS" start="2024-06-05T14:01:25.751776" elapsed="0.000999"/>
</kw>
<var name="${ItemPriceIndex}">2</var>
<status status="PASS" start="2024-06-05T14:01:25.724951" elapsed="0.027824"/>
</iter>
<iter>
<kw name="Get Text" owner="SeleniumLibrary">
<msg time="2024-06-05T14:01:25.767347" level="INFO">${ItemPrice} = $238.5</msg>
<var>${ItemPrice}</var>
<arg>(//div[@class='products-container']//div[@class='item' or @class='item first-element' or @class='item last-element' or @class='item first-element last-element']//div[@class='cx-price']//div[@class='item-price'])[${ItemPriceIndex}]</arg>
<doc>Returns the text value of the element identified by ``locator``.</doc>
<status status="PASS" start="2024-06-05T14:01:25.752775" elapsed="0.014572"/>
</kw>
<kw name="Remove String" owner="String">
<msg time="2024-06-05T14:01:25.768350" level="INFO">${ItemPriceRemoveString} = 238.5</msg>
<var>${ItemPriceRemoveString}</var>
<arg>${ItemPrice}</arg>
<arg>$</arg>
<arg>,</arg>
<arg>${SPACE}</arg>
<doc>Removes all ``removables`` from the given ``string``.</doc>
<status status="PASS" start="2024-06-05T14:01:25.768350" elapsed="0.000000"/>
</kw>
<kw name="Convert To Number" owner="BuiltIn">
<msg time="2024-06-05T14:01:25.768350" level="INFO">${ItemPriceConvert} = 238.5</msg>
<var>${ItemPriceConvert}</var>
<arg>${ItemPriceRemoveString}</arg>
<doc>Converts the given item to a floating point number.</doc>
<status status="PASS" start="2024-06-05T14:01:25.768350" elapsed="0.000000"/>
</kw>
<kw name="Append To List" owner="Collections">
<arg>${CartItemVariableList}</arg>
<arg>${ItemPriceConvert}</arg>
<doc>Adds ``values`` to the end of ``list``.</doc>
<status status="PASS" start="2024-06-05T14:01:25.768350" elapsed="0.000000"/>
</kw>
<kw name="Log" owner="BuiltIn">
<msg time="2024-06-05T14:01:25.769348" level="INFO">238.5</msg>
<arg>${ItemPriceConvert}</arg>
<doc>Logs the given message with the given level.</doc>
<status status="PASS" start="2024-06-05T14:01:25.769348" elapsed="0.000000"/>
</kw>
<kw name="Log" owner="BuiltIn">
<msg time="2024-06-05T14:01:25.769348" level="INFO">[999.0, 330.3, 238.5]</msg>
<arg>${CartItemVariableList}</arg>
<doc>Logs the given message with the given level.</doc>
<status status="PASS" start="2024-06-05T14:01:25.769348" elapsed="0.000000"/>
</kw>
<var name="${ItemPriceIndex}">3</var>
<status status="PASS" start="2024-06-05T14:01:25.752775" elapsed="0.016573"/>
</iter>
<var>${ItemPriceIndex}</var>
<value>1</value>
<value>${PopUpCartItemCount}+1</value>
<status status="PASS" start="2024-06-05T14:01:25.710925" elapsed="0.058423"/>
</for>
<kw name="Get Length" owner="BuiltIn">
<msg time="2024-06-05T14:01:25.770349" level="INFO">Length is 3.</msg>
<msg time="2024-06-05T14:01:25.770349" level="INFO">${itempricelistvariables} = 3</msg>
<var>${itempricelistvariables}</var>
<arg>${CartItemVariableList}</arg>
<doc>Returns and logs the length of the given item as an integer.</doc>
<status status="PASS" start="2024-06-05T14:01:25.770349" elapsed="0.000000"/>
</kw>
<kw name="Log" owner="BuiltIn">
<msg time="2024-06-05T14:01:25.770349" level="INFO">3</msg>
<arg>${itempricelistvariables}</arg>
<doc>Logs the given message with the given level.</doc>
<status status="PASS" start="2024-06-05T14:01:25.770349" elapsed="0.000000"/>
</kw>
<for flavor="IN">
<iter>
<kw name="Set Global Variable" owner="BuiltIn">
<msg time="2024-06-05T14:01:25.803947" level="FAIL">Variable '${total + 999.0}' not found.</msg>
<var>${total}</var>
<arg>${total + ${CartItemNumbers}}</arg>
<doc>Makes a variable available globally in all tests and suites.</doc>
<status status="FAIL" start="2024-06-05T14:01:25.770349" elapsed="0.034604">Variable '${total + 999.0}' not found.</status>
</kw>
<kw name="Log" owner="BuiltIn">
<arg>${total}</arg>
<doc>Logs the given message with the given level.</doc>
<status status="NOT RUN" start="2024-06-05T14:01:25.804953" elapsed="0.000000"/>
</kw>
<var name="${CartItemNumbers}">999.0</var>
<status status="FAIL" start="2024-06-05T14:01:25.770349" elapsed="0.034604">Variable '${total + 999.0}' not found.</status>
</iter>
<var>${CartItemNumbers}</var>
<value>@{CartItemVariableList}</value>
<status status="FAIL" start="2024-06-05T14:01:25.770349" elapsed="0.034604">Variable '${total + 999.0}' not found.</status>
</for>
<status status="FAIL" start="2024-06-05T14:01:25.671116" elapsed="0.133837">Variable '${total + 999.0}' not found.</status>
</kw>
<arg>User should be able to check shopping cart pop up modal prices</arg>
<doc>Runs the keyword and continues execution even if a failure occurs.</doc>
<status status="FAIL" start="2024-06-05T14:01:25.671116" elapsed="0.133837">Variable '${total + 999.0}' not found.</status>
</kw>
<tag>Login Page</tag>
<status status="FAIL" start="2024-06-05T14:01:13.385746" elapsed="12.420209">Variable '${total + 999.0}' not found.</status>
</test>
<doc>Suite description</doc>
<status status="FAIL" start="2024-06-05T14:00:41.601627" elapsed="44.205326"/>
</suite>
<statistics>
<total>
<stat pass="6" fail="1" skip="0">All Tests</stat>
</total>
<tag>
<stat pass="4" fail="1" skip="0">Login Page</stat>
<stat pass="1" fail="0" skip="0">TC001</stat>
</tag>
<suite>
<stat pass="6" fail="1" skip="0" id="s1" name="Test Retail Smoke1">Test Retail Smoke1</stat>
</suite>
</statistics>
<errors>
<msg time="2024-06-05T14:00:41.863112" level="ERROR">Error in file 'C:\Users\Danielouie.Estopace\PycharmProjects\pythonProject2\Resource\testdata\Retail\Retail_Variable.robot' on line 2700: Setting variable '//tbody//tbody//tr//td//a//font[contains(text(),'Contact Us')]' failed: Invalid variable name '//tbody//tbody//tr//td//a//font[contains(text(),'Contact Us')]'.</msg>
<msg time="2024-06-05T14:00:41.951238" level="ERROR">Error in file 'C:\Users\Danielouie.Estopace\PycharmProjects\pythonProject2\Resource\Keyword\Retail\Account_Orders_Page_Keywords.robot' on line 649: Creating keyword 'User should be able to click orders with $129.0 spent in HK Retail Account Order Details Page' failed: Keyword with same name defined multiple times.</msg>
<msg time="2024-06-05T14:00:42.101683" level="ERROR">Error in file 'C:\Users\Danielouie.Estopace\PycharmProjects\pythonProject2\Resource\Keyword\Retail\Email.robot' on line 6: Importing library 'ExcelLibrary' failed: ModuleNotFoundError: No module named 'ExcelLibrary'
Traceback (most recent call last):
  None
PYTHONPATH:
  C:\Users\Danielouie.Estopace\PycharmProjects\pythonProject2\venv\Scripts\robot.exe
  C:\Users\Danielouie.Estopace\AppData\Local\Programs\Python\Python311\python311.zip
  C:\Users\Danielouie.Estopace\AppData\Local\Programs\Python\Python311\DLLs
  C:\Users\Danielouie.Estopace\AppData\Local\Programs\Python\Python311\Lib
  C:\Users\Danielouie.Estopace\AppData\Local\Programs\Python\Python311
  C:\Users\Danielouie.Estopace\PycharmProjects\pythonProject2\venv
  C:\Users\Danielouie.Estopace\PycharmProjects\pythonProject2\venv\Lib\site-packages</msg>
<msg time="2024-06-05T14:00:42.131229" level="ERROR">Error in file 'C:\Users\Danielouie.Estopace\PycharmProjects\pythonProject2\Resource\testdata\Retail\Retail_Variable.robot' on line 476: Setting variable '${Retail_FilterListSubElements}' failed: Variable '${RandomFilterIndex}' not found.</msg>
</errors>
</robot>
