<?xml version="1.0" encoding="UTF-8"?>
<robot generator="Robot 7.0 (Python 3.11.4 on win32)" generated="2024-03-26T15:43:34.754726" rpa="false" schemaversion="5">
<suite id="s1" name="HK Retail Check Bronze" source="C:\Users\Ericson.Tinana\PycharmProjects\pythonProject2\Resource\testsuites\Retail\HK_TC\P1\HK_Retail_Check_Bronze.robot">
<test id="s1-t1" name="Test Setup" line="12">
<kw name="Run Keywords" owner="BuiltIn">
<kw name="Open Chrome Browser" owner="HK_P1_Bronze_Config">
<kw name="Open Browser" owner="SeleniumLibrary">
<msg time="2024-03-26T15:43:35.547728" level="INFO">Opening browser 'Chrome' to base url 'https://www.partslane.com.hk/hkretail'.</msg>
<arg>${p1HKRetail}</arg>
<arg>Chrome</arg>
<arg>executable_path=${driver_path}</arg>
<doc>Opens a new browser instance to the optional ``url``.</doc>
<status status="PASS" start="2024-03-26T15:43:35.547728" elapsed="3.700104"/>
</kw>
<kw name="Maximize Browser Window" owner="SeleniumLibrary">
<doc>Maximizes current browser window.</doc>
<status status="PASS" start="2024-03-26T15:43:39.247832" elapsed="0.115006"/>
</kw>
<status status="PASS" start="2024-03-26T15:43:35.546728" elapsed="3.816110"/>
</kw>
<arg>Open Chrome Browser</arg>
<doc>Executes all the given keywords in a sequence.</doc>
<status status="PASS" start="2024-03-26T15:43:35.546728" elapsed="3.816110"/>
</kw>
<status status="PASS" start="2024-03-26T15:43:35.543727" elapsed="3.821119"/>
</test>
<test id="s1-t2" name="Screen Shot DIR" line="13">
<kw name="Run Keywords" owner="BuiltIn">
<kw name="Retail Screent Shot DIR" owner="HK_P1_Bronze_Config">
<kw name="Get Current Date" owner="DateTime">
<msg time="2024-03-26T15:43:39.367829" level="INFO">${currentdate} = 03-26-24 15-43</msg>
<var>${currentdate}</var>
<arg>result_format=%m-%d-%y %H-%M</arg>
<doc>Returns current local or UTC time with an optional increment.</doc>
<status status="PASS" start="2024-03-26T15:43:39.367829" elapsed="0.000000"/>
</kw>
<kw name="Create Directory" owner="OperatingSystem">
<msg time="2024-03-26T15:43:39.369830" level="INFO" html="true">Created directory '&lt;a href="file://C:\Users\Ericson.Tinana\PycharmProjects\pythonProject2\Resource\testsuites\Dealer\Screenshots\P1\HK_03-26-24 15-43"&gt;C:\Users\Ericson.Tinana\PycharmProjects\pythonProject2\Resource\testsuites\Dealer\Screenshots\P1\HK_03-26-24 15-43&lt;/a&gt;'.</msg>
<arg>${Retail_screenshot_path}/HK_${currentdate}</arg>
<doc>Creates the specified directory.</doc>
<status status="PASS" start="2024-03-26T15:43:39.368829" elapsed="0.001001"/>
</kw>
<kw name="Convert To String" owner="BuiltIn">
<msg time="2024-03-26T15:43:39.369830" level="INFO">${LogDIR} = ..\..\..\..\..\Resource\testsuites\Dealer\Screenshots\P1/HK_03-26-24 15-43</msg>
<var>${LogDIR}</var>
<arg>${Retail_screenshot_path}/HK_${currentdate}</arg>
<doc>Converts the given item to a Unicode string.</doc>
<status status="PASS" start="2024-03-26T15:43:39.369830" elapsed="0.000000"/>
</kw>
<kw name="Set Screenshot Directory" owner="SeleniumLibrary">
<arg>${LogDIR}</arg>
<doc>Sets the directory for captured screenshots.</doc>
<status status="PASS" start="2024-03-26T15:43:39.370830" elapsed="0.000000"/>
</kw>
<kw name="Set Global Variable" owner="BuiltIn">
<msg time="2024-03-26T15:43:39.371834" level="INFO">${LogDIR} = ..\..\..\..\..\Resource\testsuites\Dealer\Screenshots\P1/HK_03-26-24 15-43</msg>
<arg>${LogDIR}</arg>
<doc>Makes a variable available globally in all tests and suites.</doc>
<status status="PASS" start="2024-03-26T15:43:39.370830" elapsed="0.001004"/>
</kw>
<status status="PASS" start="2024-03-26T15:43:39.366828" elapsed="0.005006"/>
</kw>
<arg>Retail Screent Shot DIR</arg>
<doc>Executes all the given keywords in a sequence.</doc>
<status status="PASS" start="2024-03-26T15:43:39.366828" elapsed="0.005006"/>
</kw>
<status status="PASS" start="2024-03-26T15:43:39.365832" elapsed="0.007011"/>
</test>
<test id="s1-t3" name="TC-001 - Verify Login Page" line="15">
<kw name="Run Keyword And Continue On Failure" owner="BuiltIn">
<kw name="TC Sleep" owner="HK_P1_Bronze_Config">
<kw name="Sleep" owner="BuiltIn">
<msg time="2024-03-26T15:43:49.375099" level="INFO">Slept 10 seconds.</msg>
<arg>10</arg>
<doc>Pauses the test executed for the given time.</doc>
<status status="PASS" start="2024-03-26T15:43:39.374830" elapsed="10.000269"/>
</kw>
<status status="PASS" start="2024-03-26T15:43:39.374830" elapsed="10.000269"/>
</kw>
<arg>TC Sleep</arg>
<doc>Runs the keyword and continues execution even if a failure occurs.</doc>
<status status="PASS" start="2024-03-26T15:43:39.373833" elapsed="10.001266"/>
</kw>
<kw name="Run Keyword And Continue On Failure" owner="BuiltIn">
<kw name="User should be able to click Translate to English Button" owner="Login_Page_Keywords">
<kw name="Run Keyword And Return Status" owner="BuiltIn">
<kw name="Element Should Be Visible" owner="SeleniumLibrary">
<msg time="2024-03-26T15:43:49.379101" level="WARN">Keyword 'Capture Page Screenshot' could not be run on failure: Message: no such window: target window already closed
from unknown error: web view not found
  (Session info: chrome=123.0.6312.59)
Stacktrace:
	GetHandleVerifier [0x00007FF6E2ED7062+63090]
	(No symbol) [0x00007FF6E2E42CB2]
	(No symbol) [0x00007FF6E2CDEC65]
	(No symbol) [0x00007FF6E2CBCA7C]
	(No symbol) [0x00007FF6E2D4D687]
	(No symbol) [0x00007FF6E2D62AC1]
	(No symbol) [0x00007FF6E2D46D83]
	(No symbol) [0x00007FF6E2D183A8]
	(No symbol) [0x00007FF6E2D19441]
	GetHandleVerifier [0x00007FF6E32D25CD+4238301]
	GetHandleVerifier [0x00007FF6E330F72D+4488509]
	GetHandleVerifier [0x00007FF6E3307A0F+4456479]
	GetHandleVerifier [0x00007FF6E2FB05A6+953270]
	(No symbol) [0x00007FF6E2E4E57F]
	(No symbol) [0x00007FF6E2E49254]
	(No symbol) [0x00007FF6E2E4938B]
	(No symbol) [0x00007FF6E2E39BC4]
	(No symbol) [0x00007FF8794853E0]
	RtlUserThreadStart [0x00007FF87A8C485B+43]
</msg>
<msg time="2024-03-26T15:43:49.380100" level="FAIL">NoSuchWindowException: Message: no such window: target window already closed
from unknown error: web view not found
  (Session info: chrome=123.0.6312.59)
Stacktrace:
	GetHandleVerifier [0x00007FF6E2ED7062+63090]
	(No symbol) [0x00007FF6E2E42CB2]
	(No symbol) [0x00007FF6E2CDEC65]
	(No symbol) [0x00007FF6E2CBCA7C]
	(No symbol) [0x00007FF6E2D4D687]
	(No symbol) [0x00007FF6E2D62AC1]
	(No symbol) [0x00007FF6E2D46D83]
	(No symbol) [0x00007FF6E2D183A8]
	(No symbol) [0x00007FF6E2D19441]
	GetHandleVerifier [0x00007FF6E32D25CD+4238301]
	GetHandleVerifier [0x00007FF6E330F72D+4488509]
	GetHandleVerifier [0x00007FF6E3307A0F+4456479]
	GetHandleVerifier [0x00007FF6E2FB05A6+953270]
	(No symbol) [0x00007FF6E2E4E57F]
	(No symbol) [0x00007FF6E2E49254]
	(No symbol) [0x00007FF6E2E4938B]
	(No symbol) [0x00007FF6E2E39BC4]
	(No symbol) [0x00007FF8794853E0]
	RtlUserThreadStart [0x00007FF87A8C485B+43]
</msg>
<arg>${Retail_HK_LoginPage_English_Button}</arg>
<doc>Verifies that the element identified by ``locator`` is visible.</doc>
<status status="FAIL" start="2024-03-26T15:43:49.376101" elapsed="0.006998">NoSuchWindowException: Message: no such window: target window already closed
from unknown error: web view not found
  (Session info: chrome=123.0.6312.59)
Stacktrace:
	GetHandleVerifier [0x00007FF6E2ED7062+63090]
	(No symbol) [0x00007FF6E2E42CB2]
	(No symbol) [0x00007FF6E2CDEC65]
	(No symbol) [0x00007FF6E2CBCA7C]
	(No symbol) [0x00007FF6E2D4D687]
	(No symbol) [0x00007FF6E2D62AC1]
	(No symbol) [0x00007FF6E2D46D83]
	(No symbol) [0x00007FF6E2D183A8]
	(No symbol) [0x00007FF6E2D19441]
	GetHandleVerifier [0x00007FF6E32D25CD+4238301]
	GetHandleVerifier [0x00007FF6E330F72D+4488509]
	GetHandleVerifier [0x00007FF6E3307A0F+4456479]
	GetHandleVerifier [0x00007FF6E2FB05A6+953270]
	(No symbol) [0x00007FF6E2E4E57F]
	(No symbol) [0x00007FF6E2E49254]
	(No symbol) [0x00007FF6E2E4938B]
	(No symbol) [0x00007FF6E2E39BC4]
	(No symbol) [0x00007FF8794853E0]
	RtlUserThreadStart [0x00007FF87A8C485B+43]
</status>
</kw>
<msg time="2024-03-26T15:43:49.383099" level="INFO">${EN} = False</msg>
<var>${EN}</var>
<arg>