<?xml version="1.0" encoding="UTF-8"?>
<robot generator="Robot 7.0 (Python 3.11.4 on win32)" generated="2024-02-19T14:30:13.324375" rpa="false" schemaversion="5">
<suite id="s1" name="AU Dealer Check" source="C:\Users\Tyron.Demate\PycharmProjects\pythonProject2\Resource\testsuites\Dealer\AU_TC\S2\AU_Dealer_Check.robot">
<test id="s1-t1" name="Test Setup" line="15">
<kw name="Run Keywords" owner="BuiltIn">
<kw name="Open Chrome Browser" owner="AU_S2_Config">
<kw name="Open Browser" owner="SeleniumLibrary">
<msg time="2024-02-19T14:30:13.826955" level="INFO">Opening browser 'Chrome' to base url 'https://dealer.coyzchwfjr-inchcaped2-s2-public.model-t.cc.commerce.ondemand.com/'.</msg>
<arg>${s2Dealer}</arg>
<arg>Chrome</arg>
<arg>executable_path=${driver_path}</arg>
<doc>Opens a new browser instance to the optional ``url``.</doc>
<status status="PASS" start="2024-02-19T14:30:13.826955" elapsed="6.213822"/>
</kw>
<kw name="Maximize Browser Window" owner="SeleniumLibrary">
<msg time="2024-02-19T14:30:20.048331" level="WARN">Keyword 'Capture Page Screenshot' could not be run on failure: Message: no such window: target window already closed
from unknown error: web view not found
  (Session info: chrome=121.0.6167.161)
Stacktrace:
	GetHandleVerifier [0x00007FF6B9525E42+3538674]
	(No symbol) [0x00007FF6B9144C02]
	(No symbol) [0x00007FF6B8FF5AEB]
	(No symbol) [0x00007FF6B8FD288C]
	(No symbol) [0x00007FF6B9065DD7]
	(No symbol) [0x00007FF6B907B40F]
	(No symbol) [0x00007FF6B905EE53]
	(No symbol) [0x00007FF6B902F514]
	(No symbol) [0x00007FF6B9030631]
	GetHandleVerifier [0x00007FF6B9556CAD+3738973]
	GetHandleVerifier [0x00007FF6B95AC506+4089270]
	GetHandleVerifier [0x00007FF6B95A4823+4057299]
	GetHandleVerifier [0x00007FF6B9275C49+720121]
	(No symbol) [0x00007FF6B915126F]
	(No symbol) [0x00007FF6B914C304]
	(No symbol) [0x00007FF6B914C432]
	(No symbol) [0x00007FF6B913BD04]
	(No symbol) [0x00007FFD1C8B257D]
	RtlUserThreadStart [0x00007FFD1EA6AA58+40]
</msg>
<msg time="2024-02-19T14:30:20.051345" level="FAIL">NoSuchWindowException: Message: no such window: target window already closed
from unknown error: web view not found
  (Session info: chrome=121.0.6167.161)
Stacktrace:
	GetHandleVerifier [0x00007FF6B9525E42+3538674]
	(No symbol) [0x00007FF6B9144C02]
	(No symbol) [0x00007FF6B8FF5AEB]
	(No symbol) [0x00007FF6B8FD288C]
	(No symbol) [0x00007FF6B9065DD7]
	(No symbol) [0x00007FF6B907B40F]
	(No symbol) [0x00007FF6B905EE53]
	(No symbol) [0x00007FF6B902F514]
	(No symbol) [0x00007FF6B9030631]
	GetHandleVerifier [0x00007FF6B9556CAD+3738973]
	GetHandleVerifier [0x00007FF6B95AC506+4089270]
	GetHandleVerifier [0x00007FF6B95A4823+4057299]
	GetHandleVerifier [0x00007FF6B9275C49+720121]
	(No symbol) [0x00007FF6B915126F]
	(No symbol) [0x00007FF6B914C304]
	(No symbol) [0x00007FF6B914C432]
	(No symbol) [0x00007FF6B913BD04]
	(No symbol) [0x00007FFD1C8B257D]
	RtlUserThreadStart [0x00007FFD1EA6AA58+40]
</msg>
<doc>Maximizes current browser window.</doc>
<status status="FAIL" start="2024-02-19T14:30:20.041795" elapsed="0.015086">NoSuchWindowException: Message: no such window: target window already closed
from unknown error: web view not found
  (Session info: chrome=121.0.6167.161)
Stacktrace:
	GetHandleVerifier [0x00007FF6B9525E42+3538674]
	(No symbol) [0x00007FF6B9144C02]
	(No symbol) [0x00007FF6B8FF5AEB]
	(No symbol) [0x00007FF6B8FD288C]
	(No symbol) [0x00007FF6B9065DD7]
	(No symbol) [0x00007FF6B907B40F]
	(No symbol) [0x00007FF6B905EE53]
	(No symbol) [0x00007FF6B902F514]
	(No symbol) [0x00007FF6B9030631]
	GetHandleVerifier [0x00007FF6B9556CAD+3738973]
	GetHandleVerifier [0x00007FF6B95AC506+4089270]
	GetHandleVerifier [0x00007FF6B95A4823+4057299]
	GetHandleVerifier [0x00007FF6B9275C49+720121]
	(No symbol) [0x00007FF6B915126F]
	(No symbol) [0x00007FF6B914C304]
	(No symbol) [0x00007FF6B914C432]
	(No symbol) [0x00007FF6B913BD04]
	(No symbol) [0x00007FFD1C8B257D]
	RtlUserThreadStart [0x00007FFD1EA6AA58+40]
</status>
</kw>
<status status="FAIL" start="2024-02-19T14:30:13.825937" elapsed="6.231948">NoSuchWindowException: Message: no such window: target window already closed
from unknown error: web view not found
  (Session info: chrome=121.0.6167.161)
Stacktrace:
	GetHandleVerifier [0x00007FF6B9525E42+3538674]
	(No symbol) [0x00007FF6B9144C02]
	(No symbol) [0x00007FF6B8FF5AEB]
	(No symbol) [0x00007FF6B8FD288C]
	(No symbol) [0x00007FF6B9065DD7]
	(No symbol) [0x00007FF6B907B40F]
	(No symbol) [0x00007FF6B905EE53]
	(No symbol) [0x00007FF6B902F514]
	(No symbol) [0x00007FF6B9030631]
	GetHandleVerifier [0x00007FF6B9556CAD+3738973]
	GetHandleVerifier [0x00007FF6B95AC506+4089270]
	GetHandleVerifier [0x00007FF6B95A4823+4057299]
	GetHandleVerifier [0x00007FF6B9275C49+720121]
	(No symbol) [0x00007FF6B915126F]
	(No symbol) [0x00007FF6B914C304]
	(No symbol) [0x00007FF6B914C432]
	(No symbol) [0x00007FF6B913BD04]
	(No symbol) [0x00007FFD1C8B257D]
	RtlUserThreadStart [0x00007FFD1EA6AA58+40]
</status>
</kw>
<arg>Open Chrome Browser</arg>
<doc>Executes all the given keywords in a sequence.</doc>
<status status="FAIL" start="2024-02-19T14:30:13.825423" elapsed="6.233461">NoSuchWindowException: Message: no such window: target window already closed
from unknown error: web view not found
  (Session info: chrome=121.0.6167.161)
Stacktrace:
	GetHandleVerifier [0x00007FF6B9525E42+3538674]
	(No symbol) [0x00007FF6B9144C02]
	(No symbol) [0x00007FF6B8FF5AEB]
	(No symbol) [0x00007FF6B8FD288C]
	(No symbol) [0x00007FF6B9065DD7]
	(No symbol) [0x00007FF6B907B40F]
	(No symbol) [0x00007FF6B905EE53]
	(No symbol) [0x00007FF6B902F514]
	(No symbol) [0x00007FF6B9030631]
	GetHandleVerifier [0x00007FF6B9556CAD+3738973]
	GetHandleVerifier [0x00007FF6B95AC506+4089270]
	GetHandleVerifier [0x00007FF6B95A4823+4057299]
	GetHandleVerifier [0x00007FF6B9275C49+720121]
	(No symbol) [0x00007FF6B915126F]
	(No symbol) [0x00007FF6B914C304]
	(No symbol) [0x00007FF6B914C432]
	(No symbol) [0x00007FF6B913BD04]
	(No symbol) [0x00007FFD1C8B257D]
	RtlUserThreadStart [0x00007FFD1EA6AA58+40]
</status>
</kw>
<status status="FAIL" start="2024-02-19T14:30:13.822423" elapsed="6.238498">NoSuchWindowException: Message: no such window: target window already closed
from unknown error: web view not found
  (Session info: chrome=121.0.6167.161)
Stacktrace:
	GetHandleVerifier [0x00007FF6B9525E42+3538674]
	(No symbol) [0x00007FF6B9144C02]
	(No symbol) [0x00007FF6B8FF5AEB]
	(No symbol) [0x00007FF6B8FD288C]
	(No symbol) [0x00007FF6B9065DD7]
	(No symbol) [0x00007FF6B907B40F]
	(No symbol) [0x00007FF6B905EE53]
	(No symbol) [0x00007FF6B902F514]
	(No symbol) [0x00007FF6B9030631]
	GetHandleVerifier [0x00007FF6B9556CAD+3738973]
	GetHandleVerifier [0x00007FF6B95AC506+4089270]
	GetHandleVerifier [0x00007FF6B95A4823+4057299]
	GetHandleVerifier [0x00007FF6B9275C49+720121]
	(No symbol) [0x00007FF6B915126F]
	(No symbol) [0x00007FF6B914C304]
	(No symbol) [0x00007FF6B914C432]
	(No symbol) [0x00007FF6B913BD04]
	(No symbol) [0x00007FFD1C8B257D]
	RtlUserThreadStart [0x00007FFD1EA6AA58+40]
</status>
</test>
<test id="s1-t2" name="Screen Shot DIR" line="16">
<kw name="Run Keywords" owner="BuiltIn">
<kw name="Dealer Screent Shot DIR" owner="AU_S2_Config">
<kw name="Get Current Date" owner="DateTime">
<msg time="2024-02-19T14:30:20.069486" level="INFO">${currentdate} = 02-19-24 14-30</msg>
<var>${currentdate}</var>
<arg>result_format=%m-%d-%y %H-%M</arg>
<doc>Returns current local or UTC time with an optional increment.</doc>
<status status="PASS" start="2024-02-19T14:30:20.068468" elapsed="0.001018"/>
</kw>
<kw name="Create Directory" owner="OperatingSystem">
<msg time="2024-02-19T14:30:20.072485" level="INFO" html="true">Created directory '&lt;a href="file://C:\Users\Tyron.Demate\PycharmProjects\pythonProject2\Resource\testsuites\Dealer\Screenshots\AU\S2\AU_02-19-24 14-30"&gt;C:\Users\Tyron.Demate\PycharmProjects\pythonProject2\Resource\testsuites\Dealer\Screenshots\AU\S2\AU_02-19-24 14-30&lt;/a&gt;'.</msg>
<arg>${Dealer_screenshot_path}/AU_${currentdate}</arg>
<doc>Creates the specified directory.</doc>
<status status="PASS" start="2024-02-19T14:30:20.069486" elapsed="0.002999"/>
</kw>
<kw name="Convert To String" owner="BuiltIn">
<msg time="2024-02-19T14:30:20.073924" level="INFO">${LogDIR} = C:\Users\Tyron.Demate\PycharmProjects\pythonProject2\Resource\testsuites\Dealer\Screenshots\AU\S2/AU_02-19-24 14-30</msg>
<var>${LogDIR}</var>
<arg>${Dealer_screenshot_path}/AU_${currentdate}</arg>
<doc>Converts the given item to a Unicode string.</doc>
<status status="PASS" start="2024-02-19T14:30:20.073924" elapsed="0.000000"/>
</kw>
<kw name="Set Screenshot Directory" owner="SeleniumLibrary">
<arg>${LogDIR}</arg>
<doc>Sets the directory for captured screenshots.</doc>
<status status="PASS" start="2024-02-19T14:30:20.075520" elapsed="0.001306"/>
</kw>
<kw name="Set Global Variable" owner="BuiltIn">
<msg time="2024-02-19T14:30:20.077844" level="INFO">${LogDIR} = C:\Users\Tyron.Demate\PycharmProjects\pythonProject2\Resource\testsuites\Dealer\Screenshots\AU\S2/AU_02-19-24 14-30</msg>
<arg>${LogDIR}</arg>
<doc>Makes a variable available globally in all tests and suites.</doc>
<status status="PASS" start="2024-02-19T14:30:20.076826" elapsed="0.001018"/>
</kw>
<status status="PASS" start="2024-02-19T14:30:20.067463" elapsed="0.010381"/>
</kw>
<arg>Dealer Screent Shot DIR</arg>
<doc>Executes all the given keywords in a sequence.</doc>
<status status="PASS" start="2024-02-19T14:30:20.067463" elapsed="0.010381"/>
</kw>
<status status="PASS" start="2024-02-19T14:30:20.065495" elapsed="0.013346"/>
</test>
<test id="s1-t3" name="TC Sleep" line="18">
<kw name="Run Keyword And Continue On Failure" owner="BuiltIn">
<kw name="TC Sleep" owner="AU_S2_Config">
<kw name="Sleep" owner="BuiltIn">
<arg>10</arg>
<doc>Pauses the test executed for the given time.</doc>
<status status="FAIL" start="2024-02-19T14:30:20.083012" elapsed="4.083933">Execution terminated by signal</status>
</kw>
<status status="FAIL" start="2024-02-19T14:30:20.082002" elapsed="4.085899">Execution terminated by signal</status>
</kw>
<arg>TC Sleep</arg>
<doc>Runs the keyword and continues execution even if a failure occurs.</doc>
<status status="FAIL" start="2024-02-19T14:30:20.082002" elapsed="4.085899">Execution terminated by signal</status>
</kw>
<tag>Sleep</tag>
<tag>TC Sleep</tag>
<status status="FAIL" start="2024-02-19T14:30:20.081002" elapsed="4.087932">Execution terminated by signal</status>
</test>
<test id="s1-t4" name="TC-001 - Input Valid Email" line="22">
<tag>robot:exit</tag>
<tag>TC006</tag>
<tag>Valid Account</tag>
<status status="FAIL" start="2024-02-19T14:30:24.169899" elapsed="0.000999">Test execution stopped due to a fatal error.</status>
</test>
<test id="s1-t5" name="TC-002 - Input Valid Password" line="27">
<tag>robot:exit</tag>
<tag>TC007</tag>
<tag>Valid Account</tag>
<status status="FAIL" start="2024-02-19T14:30:24.171898" elapsed="0.001026">Test execution stopped due to a fatal error.</status>
</test>
<test id="s1-t6" name="TC-003 - User should be able to click Login Button" line="31">
<tag>Login Button</tag>
<tag>robot:exit</tag>
<tag>TC008</tag>
<status status="FAIL" start="2024-02-19T14:30:24.173898" elapsed="0.001609">Test execution stopped due to a fatal error.</status>
</test>
<test id="s1-t7" name="TC-004 - User should be able to view top navigation" line="36">
<tag>robot:exit</tag>
<tag>TC014</tag>
<tag>Top Navigation</tag>
<status status="FAIL" start="2024-02-19T14:30:24.177457" elapsed="0.000000">Test execution stopped due to a fatal error.</status>
</test>
<test id="s1-t8" name="TC-005 - User should be able to click account from top navigation" line="40">
<tag>robot:exit</tag>
<tag>TC015</tag>
<tag>Top Navigation</tag>
<status status="FAIL" start="2024-02-19T14:30:24.180452" elapsed="0.000000">Test execution stopped due to a fatal error.</status>
</test>
<test id="s1-t9" name="TC-006 - User should be able to click orders from top navigation" line="44">
<tag>robot:exit</tag>
<tag>TC016</tag>
<tag>Top Navigation</tag>
<status status="FAIL" start="2024-02-19T14:30:24.182453" elapsed="0.001008">Test execution stopped due to a fatal error.</status>
</test>
<test id="s1-t10" name="TC-007 - User should be able to click return from top navigation" line="48">
<tag>robot:exit</tag>
<tag>TC017</tag>
<tag>Top Navigation</tag>
<status status="FAIL" start="2024-02-19T14:30:24.185450" elapsed="0.000511">Test execution stopped due to a fatal error.</status>
</test>
<test id="s1-t11" name="TC-008 - User should be able to click new buyer from top navigation" line="52">
<tag>robot:exit</tag>
<tag>TC018</tag>
<tag>Top Navigation</tag>
<status status="FAIL" start="2024-02-19T14:30:24.187974" elapsed="0.001000">Test execution stopped due to a fatal error.</status>
</test>
<test id="s1-t12" name="TC-009 - User should be able to click messages from top navigation" line="56">
<tag>robot:exit</tag>
<tag>TC019</tag>
<tag>Top Navigation</tag>
<status status="FAIL" start="2024-02-19T14:30:24.190247" elapsed="0.001017">Test execution stopped due to a fatal error.</status>
</test>
<test id="s1-t13" name="TC-010 - User should be able to click orders from left navigation" line="60">
<tag>Left Navigation</tag>
<tag>robot:exit</tag>
<tag>TC020</tag>
<status status="FAIL" start="2024-02-19T14:30:24.192261" elapsed="0.001030">Test execution stopped due to a fatal error.</status>
</test>
<test id="s1-t14" name="TC-011 - User should be able to view Cutomer Orders Panel" line="64">
<tag>Order Page</tag>
<tag>robot:exit</tag>
<tag>TC033</tag>
<status status="FAIL" start="2024-02-19T14:30:24.194263" elapsed="0.001002">Test execution stopped due to a fatal error.</status>
</test>
<test id="s1-t15" name="TC-012 - User should be able to select one order from the list" line="68">
<tag>Order Page</tag>
<tag>robot:exit</tag>
<tag>TC034</tag>
<status status="FAIL" start="2024-02-19T14:30:24.196507" elapsed="0.000000">Test execution stopped due to a fatal error.</status>
</test>
<test id="s1-t16" name="TC-013 - User should be able to view order details" line="72">
<tag>Order Page</tag>
<tag>robot:exit</tag>
<tag>TC035</tag>
<status status="FAIL" start="2024-02-19T14:30:24.198507" elapsed="0.001011">Test execution stopped due to a fatal error.</status>
</test>
<test id="s1-t17" name="TC-014 - User should be able to click Return from left navigation" line="77">
<tag>Left Navigation</tag>
<tag>robot:exit</tag>
<tag>TC021</tag>
<status status="FAIL" start="2024-02-19T14:30:24.201516" elapsed="0.000000">Test execution stopped due to a fatal error.</status>
</test>
<test id="s1-t18" name="TC-015 - User should be able to select one return from the list" line="81">
<tag>Return Page</tag>
<tag>robot:exit</tag>
<tag>TC037</tag>
<status status="FAIL" start="2024-02-19T14:30:24.203515" elapsed="0.002004">Test execution stopped due to a fatal error.</status>
</test>
<test id="s1-t19" name="TC-016 - User should be able to view Return details" line="85">
<tag>Return Page</tag>
<tag>robot:exit</tag>
<tag>TC038</tag>
<status status="FAIL" start="2024-02-19T14:30:24.206776" elapsed="0.001001">Test execution stopped due to a fatal error.</status>
</test>
<test id="s1-t20" name="TC-017 - User should be able to click and expand Customer Management" line="90">
<tag>Left Navigation</tag>
<tag>robot:exit</tag>
<tag>TC022</tag>
<status status="FAIL" start="2024-02-19T14:30:24.208774" elapsed="0.001028">Test execution stopped due to a fatal error.</status>
</test>
<test id="s1-t21" name="TC-018 - User should be able to click Customer Manegement - New Reg from left navigation" line="94">
<tag>Left Navigation</tag>
<tag>robot:exit</tag>
<tag>TC023</tag>
<status status="FAIL" start="2024-02-19T14:30:24.210777" elapsed="0.001000">Test execution stopped due to a fatal error.</status>
</test>
<test id="s1-t22" name="TC-019 - User should be able to view New Reg Req Panel" line="98">
<tag>New RegReq Page</tag>
<tag>robot:exit</tag>
<tag>TC040</tag>
<status status="FAIL" start="2024-02-19T14:30:24.212774" elapsed="0.001001">Test execution stopped due to a fatal error.</status>
</test>
<test id="s1-t23" name="TC-020 - User should be able to select one account number from history" line="102">
<tag>New RegReq Page</tag>
<tag>robot:exit</tag>
<tag>TC041</tag>
<status status="FAIL" start="2024-02-19T14:30:24.215282" elapsed="0.001015">Test execution stopped due to a fatal error.</status>
</test>
<test id="s1-t24" name="TC-021 - User should be able to view New Buyer Details Page" line="106">
<tag>New RegReq Page</tag>
<tag>robot:exit</tag>
<tag>TC042</tag>
<status status="FAIL" start="2024-02-19T14:30:24.217299" elapsed="0.000999">Test execution stopped due to a fatal error.</status>
</test>
<test id="s1-t25" name="TC-022 - User should be able to click and expand Customer Management" line="111">
<tag>Left Navigation</tag>
<tag>robot:exit</tag>
<tag>TC022</tag>
<status status="FAIL" start="2024-02-19T14:30:24.220307" elapsed="0.001005">Test execution stopped due to a fatal error.</status>
</test>
<test id="s1-t26" name="TC-023 - User should be able to click Customer Manegement - Buyer Rel from left navigation" line="115">
<tag>Left Navigation</tag>
<tag>robot:exit</tag>
<tag>TC024</tag>
<status status="FAIL" start="2024-02-19T14:30:24.222306" elapsed="0.001003">Test execution stopped due to a fatal error.</status>
</test>
<test id="s1-t27" name="TC-024 - User should be able to view Buyer Rel Page" line="119">
<tag>New RegReq Page</tag>
<tag>robot:exit</tag>
<tag>TC043</tag>
<status status="FAIL" start="2024-02-19T14:30:24.224308" elapsed="0.001538">Test execution stopped due to a fatal error.</status>
</test>
<test id="s1-t28" name="TC-025 - User should be able to click Messages from left navigation" line="124">
<tag>Left Navigation</tag>
<tag>robot:exit</tag>
<tag>TC025</tag>
<status status="FAIL" start="2024-02-19T14:30:24.226858" elapsed="0.001025">Test execution stopped due to a fatal error.</status>
</test>
<test id="s1-t29" name="TC-026 - User should be able to view message page" line="128">
<tag>Message Page</tag>
<tag>robot:exit</tag>
<tag>TC044</tag>
<status status="FAIL" start="2024-02-19T14:30:24.228856" elapsed="0.000998">Test execution stopped due to a fatal error.</status>
</test>
<test id="s1-t30" name="TC-027 - User should be able to click and expand Profile" line="133">
<tag>Left Navigation</tag>
<tag>robot:exit</tag>
<tag>TC026</tag>
<status status="FAIL" start="2024-02-19T14:30:24.230860" elapsed="0.001000">Test execution stopped due to a fatal error.</status>
</test>
<test id="s1-t31" name="TC-028 - User should be able to click Profile - Account Details from left navigation" line="137">
<tag>Left Navigation</tag>
<tag>robot:exit</tag>
<tag>TC027</tag>
<status status="FAIL" start="2024-02-19T14:30:24.232855" elapsed="0.001020">Test execution stopped due to a fatal error.</status>
</test>
<test id="s1-t32" name="TC-029 - User should be able to view account details page" line="141">
<tag>Profile</tag>
<tag>robot:exit</tag>
<tag>TC045</tag>
<status status="FAIL" start="2024-02-19T14:30:24.233875" elapsed="0.001599">Test execution stopped due to a fatal error.</status>
</test>
<test id="s1-t33" name="TC-030 - User should be able to click Profile - Change Pass from left navigation" line="145">
<tag>Left Navigation</tag>
<tag>robot:exit</tag>
<tag>TC028</tag>
<status status="FAIL" start="2024-02-19T14:30:24.236423" elapsed="0.001004">Test execution stopped due to a fatal error.</status>
</test>
<test id="s1-t34" name="TC-031 - User should be able to view change password page" line="149">
<tag>Profile</tag>
<tag>robot:exit</tag>
<tag>TC046</tag>
<status status="FAIL" start="2024-02-19T14:30:24.238426" elapsed="0.000000">Test execution stopped due to a fatal error.</status>
</test>
<test id="s1-t35" name="TC-032 - User should be able to click and expand Company" line="153">
<tag>Left Navigation</tag>
<tag>robot:exit</tag>
<tag>TC029</tag>
<status status="FAIL" start="2024-02-19T14:30:24.240421" elapsed="0.000000">Test execution stopped due to a fatal error.</status>
</test>
<test id="s1-t36" name="TC-033 - User should be able to click Company - Company Details from left navigation" line="157">
<tag>Left Navigation</tag>
<tag>robot:exit</tag>
<tag>TC030</tag>
<status status="FAIL" start="2024-02-19T14:30:24.241421" elapsed="0.001020">Test execution stopped due to a fatal error.</status>
</test>
<test id="s1-t37" name="TC-034 - User should be able to view company details page" line="161">
<tag>Company Details</tag>
<tag>robot:exit</tag>
<tag>TC047</tag>
<status status="FAIL" start="2024-02-19T14:30:24.243425" elapsed="0.000997">Test execution stopped due to a fatal error.</status>
</test>
<test id="s1-t38" name="TC-035 - User should be able to click Company - Staff Pass from left navigation" line="167">
<tag>Left Navigation</tag>
<tag>robot:exit</tag>
<tag>TC031</tag>
<status status="FAIL" start="2024-02-19T14:30:24.245421" elapsed="0.000000">Test execution stopped due to a fatal error.</status>
</test>
<test id="s1-t39" name="TC-036 - User should be able to view staff page" line="171">
<tag>Company Details</tag>
<tag>robot:exit</tag>
<tag>TC048</tag>
<status status="FAIL" start="2024-02-19T14:30:24.247535" elapsed="0.000999">Test execution stopped due to a fatal error.</status>
</test>
<doc>Suite description</doc>
<status status="FAIL" start="2024-02-19T14:30:13.326894" elapsed="10.924661"/>
</suite>
<statistics>
<total>
<stat pass="1" fail="38" skip="0">All Tests</stat>
</total>
<tag>
<stat pass="1" fail="2" skip="0" info="combined" combined="NOT robot:exit">NOT robot:exit</stat>
<stat pass="0" fail="2" skip="0">Company Details</stat>
<stat pass="0" fail="13" skip="0">Left Navigation</stat>
<stat pass="0" fail="1" skip="0">Login Button</stat>
<stat pass="0" fail="1" skip="0">Message Page</stat>
<stat pass="0" fail="4" skip="0">New RegReq Page</stat>
<stat pass="0" fail="3" skip="0">Order Page</stat>
<stat pass="0" fail="2" skip="0">Profile</stat>
<stat pass="0" fail="2" skip="0">Return Page</stat>
<stat pass="0" fail="1" skip="0">Sleep</stat>
<stat pass="0" fail="1" skip="0">TC006</stat>
<stat pass="0" fail="1" skip="0">TC007</stat>
<stat pass="0" fail="1" skip="0">TC008</stat>
<stat pass="0" fail="1" skip="0">TC014</stat>
<stat pass="0" fail="1" skip="0">TC015</stat>
<stat pass="0" fail="1" skip="0">TC016</stat>
<stat pass="0" fail="1" skip="0">TC017</stat>
<stat pass="0" fail="1" skip="0">TC018</stat>
<stat pass="0" fail="1" skip="0">TC019</stat>
<stat pass="0" fail="1" skip="0">TC020</stat>
<stat pass="0" fail="1" skip="0">TC021</stat>
<stat pass="0" fail="2" skip="0">TC022</stat>
<stat pass="0" fail="1" skip="0">TC023</stat>
<stat pass="0" fail="1" skip="0">TC024</stat>
<stat pass="0" fail="1" skip="0">TC025</stat>
<stat pass="0" fail="1" skip="0">TC026</stat>
<stat pass="0" fail="1" skip="0">TC027</stat>
<stat pass="0" fail="1" skip="0">TC028</stat>
<stat pass="0" fail="1" skip="0">TC029</stat>
<stat pass="0" fail="1" skip="0">TC030</stat>
<stat pass="0" fail="1" skip="0">TC031</stat>
<stat pass="0" fail="1" skip="0">TC033</stat>
<stat pass="0" fail="1" skip="0">TC034</stat>
<stat pass="0" fail="1" skip="0">TC035</stat>
<stat pass="0" fail="1" skip="0">TC037</stat>
<stat pass="0" fail="1" skip="0">TC038</stat>
<stat pass="0" fail="1" skip="0">TC040</stat>
<stat pass="0" fail="1" skip="0">TC041</stat>
<stat pass="0" fail="1" skip="0">TC042</stat>
<stat pass="0" fail="1" skip="0">TC043</stat>
<stat pass="0" fail="1" skip="0">TC044</stat>
<stat pass="0" fail="1" skip="0">TC045</stat>
<stat pass="0" fail="1" skip="0">TC046</stat>
<stat pass="0" fail="1" skip="0">TC047</stat>
<stat pass="0" fail="1" skip="0">TC048</stat>
<stat pass="0" fail="1" skip="0">TC Sleep</stat>
<stat pass="0" fail="6" skip="0">Top Navigation</stat>
<stat pass="0" fail="2" skip="0">Valid Account</stat>
</tag>
<suite>
<stat pass="1" fail="38" skip="0" id="s1" name="AU Dealer Check">AU Dealer Check</stat>
</suite>
</statistics>
<errors>
<msg time="2024-02-19T14:30:13.804373" level="ERROR">Error in file 'C:\Users\Tyron.Demate\PycharmProjects\pythonProject2\Resource\Keyword\Dealer\Training.robot' on line 34: Creating keyword 'TCsleep training' failed: Keyword with same name defined multiple times.</msg>
<msg time="2024-02-19T14:30:13.810899" level="WARN">Imported resource file 'C:\Users\Tyron.Demate\PycharmProjects\pythonProject2\Resource\testdata\config.robot' is empty.</msg>
<msg time="2024-02-19T14:30:20.048331" level="WARN">Keyword 'Capture Page Screenshot' could not be run on failure: Message: no such window: target window already closed
from unknown error: web view not found
  (Session info: chrome=121.0.6167.161)
Stacktrace:
	GetHandleVerifier [0x00007FF6B9525E42+3538674]
	(No symbol) [0x00007FF6B9144C02]
	(No symbol) [0x00007FF6B8FF5AEB]
	(No symbol) [0x00007FF6B8FD288C]
	(No symbol) [0x00007FF6B9065DD7]
	(No symbol) [0x00007FF6B907B40F]
	(No symbol) [0x00007FF6B905EE53]
	(No symbol) [0x00007FF6B902F514]
	(No symbol) [0x00007FF6B9030631]
	GetHandleVerifier [0x00007FF6B9556CAD+3738973]
	GetHandleVerifier [0x00007FF6B95AC506+4089270]
	GetHandleVerifier [0x00007FF6B95A4823+4057299]
	GetHandleVerifier [0x00007FF6B9275C49+720121]
	(No symbol) [0x00007FF6B915126F]
	(No symbol) [0x00007FF6B914C304]
	(No symbol) [0x00007FF6B914C432]
	(No symbol) [0x00007FF6B913BD04]
	(No symbol) [0x00007FFD1C8B257D]
	RtlUserThreadStart [0x00007FFD1EA6AA58+40]
</msg>
</errors>
</robot>
