<?xml version="1.0" encoding="UTF-8"?>
<robot generator="Robot 7.0 (Python 3.11.4 on win32)" generated="2024-02-19T14:29:31.940578" rpa="false" schemaversion="5">
<suite id="s1" name="AU Retail Check" source="C:\Users\Tyron.Demate\PycharmProjects\pythonProject2\Resource\testsuites\Retail\AU_TC\S2\AU_Retail_Check.robot">
<test id="s1-t1" name="Test Setup" line="13">
<kw name="Run Keywords" owner="BuiltIn">
<kw name="Open Chrome Browser" owner="AU_S2_Config">
<kw name="Open Browser" owner="SeleniumLibrary">
<msg time="2024-02-19T14:29:32.946028" level="INFO">Opening browser 'Chrome' to base url 'https://retail.coyzchwfjr-inchcaped2-s2-public.model-t.cc.commerce.ondemand.com/dppretail/'.</msg>
<arg>${s2Retail}</arg>
<arg>Chrome</arg>
<arg>executable_path=${driver_path}</arg>
<doc>Opens a new browser instance to the optional ``url``.</doc>
<status status="PASS" start="2024-02-19T14:29:32.945520" elapsed="4.086109"/>
</kw>
<kw name="Maximize Browser Window" owner="SeleniumLibrary">
<msg time="2024-02-19T14:29:37.039204" level="WARN">Keyword 'Capture Page Screenshot' could not be run on failure: Message: no such window: target window already closed
from unknown error: web view not found
  (Session info: chrome=121.0.6167.161)
Stacktrace:
	GetHandleVerifier [0x00007FF6B9525E42+3538674]
	(No symbol) [0x00007FF6B9144C02]
	(No symbol) [0x00007FF6B8FF5AEB]
	(No symbol) [0x00007FF6B8FD288C]
	(No symbol) [0x00007FF6B9065DD7]
	(No symbol) [0x00007FF6B907B40F]
	(No symbol) [0x00007FF6B905EE53]
	(No symbol) [0x00007FF6B902F514]
	(No symbol) [0x00007FF6B9030631]
	GetHandleVerifier [0x00007FF6B9556CAD+3738973]
	GetHandleVerifier [0x00007FF6B95AC506+4089270]
	GetHandleVerifier [0x00007FF6B95A4823+4057299]
	GetHandleVerifier [0x00007FF6B9275C49+720121]
	(No symbol) [0x00007FF6B915126F]
	(No symbol) [0x00007FF6B914C304]
	(No symbol) [0x00007FF6B914C432]
	(No symbol) [0x00007FF6B913BD04]
	(No symbol) [0x00007FFD1C8B257D]
	RtlUserThreadStart [0x00007FFD1EA6AA58+40]
</msg>
<msg time="2024-02-19T14:29:37.044501" level="FAIL">NoSuchWindowException: Message: no such window: target window already closed
from unknown error: web view not found
  (Session info: chrome=121.0.6167.161)
Stacktrace:
	GetHandleVerifier [0x00007FF6B9525E42+3538674]
	(No symbol) [0x00007FF6B9144C02]
	(No symbol) [0x00007FF6B8FF5AEB]
	(No symbol) [0x00007FF6B8FD288C]
	(No symbol) [0x00007FF6B9065DD7]
	(No symbol) [0x00007FF6B907B40F]
	(No symbol) [0x00007FF6B905EE53]
	(No symbol) [0x00007FF6B902F514]
	(No symbol) [0x00007FF6B9030631]
	GetHandleVerifier [0x00007FF6B9556CAD+3738973]
	GetHandleVerifier [0x00007FF6B95AC506+4089270]
	GetHandleVerifier [0x00007FF6B95A4823+4057299]
	GetHandleVerifier [0x00007FF6B9275C49+720121]
	(No symbol) [0x00007FF6B915126F]
	(No symbol) [0x00007FF6B914C304]
	(No symbol) [0x00007FF6B914C432]
	(No symbol) [0x00007FF6B913BD04]
	(No symbol) [0x00007FFD1C8B257D]
	RtlUserThreadStart [0x00007FFD1EA6AA58+40]
</msg>
<doc>Maximizes current browser window.</doc>
<status status="FAIL" start="2024-02-19T14:29:37.031629" elapsed="0.025988">NoSuchWindowException: Message: no such window: target window already closed
from unknown error: web view not found
  (Session info: chrome=121.0.6167.161)
Stacktrace:
	GetHandleVerifier [0x00007FF6B9525E42+3538674]
	(No symbol) [0x00007FF6B9144C02]
	(No symbol) [0x00007FF6B8FF5AEB]
	(No symbol) [0x00007FF6B8FD288C]
	(No symbol) [0x00007FF6B9065DD7]
	(No symbol) [0x00007FF6B907B40F]
	(No symbol) [0x00007FF6B905EE53]
	(No symbol) [0x00007FF6B902F514]
	(No symbol) [0x00007FF6B9030631]
	GetHandleVerifier [0x00007FF6B9556CAD+3738973]
	GetHandleVerifier [0x00007FF6B95AC506+4089270]
	GetHandleVerifier [0x00007FF6B95A4823+4057299]
	GetHandleVerifier [0x00007FF6B9275C49+720121]
	(No symbol) [0x00007FF6B915126F]
	(No symbol) [0x00007FF6B914C304]
	(No symbol) [0x00007FF6B914C432]
	(No symbol) [0x00007FF6B913BD04]
	(No symbol) [0x00007FFD1C8B257D]
	RtlUserThreadStart [0x00007FFD1EA6AA58+40]
</status>
</kw>
<status status="FAIL" start="2024-02-19T14:29:32.944519" elapsed="4.114109">NoSuchWindowException: Message: no such window: target window already closed
from unknown error: web view not found
  (Session info: chrome=121.0.6167.161)
Stacktrace:
	GetHandleVerifier [0x00007FF6B9525E42+3538674]
	(No symbol) [0x00007FF6B9144C02]
	(No symbol) [0x00007FF6B8FF5AEB]
	(No symbol) [0x00007FF6B8FD288C]
	(No symbol) [0x00007FF6B9065DD7]
	(No symbol) [0x00007FF6B907B40F]
	(No symbol) [0x00007FF6B905EE53]
	(No symbol) [0x00007FF6B902F514]
	(No symbol) [0x00007FF6B9030631]
	GetHandleVerifier [0x00007FF6B9556CAD+3738973]
	GetHandleVerifier [0x00007FF6B95AC506+4089270]
	GetHandleVerifier [0x00007FF6B95A4823+4057299]
	GetHandleVerifier [0x00007FF6B9275C49+720121]
	(No symbol) [0x00007FF6B915126F]
	(No symbol) [0x00007FF6B914C304]
	(No symbol) [0x00007FF6B914C432]
	(No symbol) [0x00007FF6B913BD04]
	(No symbol) [0x00007FFD1C8B257D]
	RtlUserThreadStart [0x00007FFD1EA6AA58+40]
</status>
</kw>
<arg>Open Chrome Browser</arg>
<doc>Executes all the given keywords in a sequence.</doc>
<status status="FAIL" start="2024-02-19T14:29:32.943524" elapsed="4.115104">NoSuchWindowException: Message: no such window: target window already closed
from unknown error: web view not found
  (Session info: chrome=121.0.6167.161)
Stacktrace:
	GetHandleVerifier [0x00007FF6B9525E42+3538674]
	(No symbol) [0x00007FF6B9144C02]
	(No symbol) [0x00007FF6B8FF5AEB]
	(No symbol) [0x00007FF6B8FD288C]
	(No symbol) [0x00007FF6B9065DD7]
	(No symbol) [0x00007FF6B907B40F]
	(No symbol) [0x00007FF6B905EE53]
	(No symbol) [0x00007FF6B902F514]
	(No symbol) [0x00007FF6B9030631]
	GetHandleVerifier [0x00007FF6B9556CAD+3738973]
	GetHandleVerifier [0x00007FF6B95AC506+4089270]
	GetHandleVerifier [0x00007FF6B95A4823+4057299]
	GetHandleVerifier [0x00007FF6B9275C49+720121]
	(No symbol) [0x00007FF6B915126F]
	(No symbol) [0x00007FF6B914C304]
	(No symbol) [0x00007FF6B914C432]
	(No symbol) [0x00007FF6B913BD04]
	(No symbol) [0x00007FFD1C8B257D]
	RtlUserThreadStart [0x00007FFD1EA6AA58+40]
</status>
</kw>
<status status="FAIL" start="2024-02-19T14:29:32.939576" elapsed="4.121093">NoSuchWindowException: Message: no such window: target window already closed
from unknown error: web view not found
  (Session info: chrome=121.0.6167.161)
Stacktrace:
	GetHandleVerifier [0x00007FF6B9525E42+3538674]
	(No symbol) [0x00007FF6B9144C02]
	(No symbol) [0x00007FF6B8FF5AEB]
	(No symbol) [0x00007FF6B8FD288C]
	(No symbol) [0x00007FF6B9065DD7]
	(No symbol) [0x00007FF6B907B40F]
	(No symbol) [0x00007FF6B905EE53]
	(No symbol) [0x00007FF6B902F514]
	(No symbol) [0x00007FF6B9030631]
	GetHandleVerifier [0x00007FF6B9556CAD+3738973]
	GetHandleVerifier [0x00007FF6B95AC506+4089270]
	GetHandleVerifier [0x00007FF6B95A4823+4057299]
	GetHandleVerifier [0x00007FF6B9275C49+720121]
	(No symbol) [0x00007FF6B915126F]
	(No symbol) [0x00007FF6B914C304]
	(No symbol) [0x00007FF6B914C432]
	(No symbol) [0x00007FF6B913BD04]
	(No symbol) [0x00007FFD1C8B257D]
	RtlUserThreadStart [0x00007FFD1EA6AA58+40]
</status>
</test>
<test id="s1-t2" name="Screen Shot DIR" line="14">
<kw name="Run Keywords" owner="BuiltIn">
<kw name="Retail Screent Shot DIR" owner="AU_S2_Config">
<kw name="Get Current Date" owner="DateTime">
<msg time="2024-02-19T14:29:37.069566" level="INFO">${currentdate} = 02-19-24 14-29</msg>
<var>${currentdate}</var>
<arg>result_format=%m-%d-%y %H-%M</arg>
<doc>Returns current local or UTC time with an optional increment.</doc>
<status status="PASS" start="2024-02-19T14:29:37.068545" elapsed="0.001021"/>
</kw>
<kw name="Create Directory" owner="OperatingSystem">
<msg time="2024-02-19T14:29:37.071563" level="INFO" html="true">Created directory '&lt;a href="file://C:\Users\Tyron.Demate\PycharmProjects\pythonProject2\Resource\testsuites\Retail\Screenshots\AU\S2\AU_02-19-24 14-29"&gt;C:\Users\Tyron.Demate\PycharmProjects\pythonProject2\Resource\testsuites\Retail\Screenshots\AU\S2\AU_02-19-24 14-29&lt;/a&gt;'.</msg>
<arg>${Retail_screenshot_path}/AU_${currentdate}</arg>
<doc>Creates the specified directory.</doc>
<status status="PASS" start="2024-02-19T14:29:37.070564" elapsed="0.000999"/>
</kw>
<kw name="Convert To String" owner="BuiltIn">
<msg time="2024-02-19T14:29:37.073560" level="INFO">${LogDIR} = C:\Users\Tyron.Demate\PycharmProjects\pythonProject2\Resource\testsuites\Retail\Screenshots\AU\S2/AU_02-19-24 14-29</msg>
<var>${LogDIR}</var>
<arg>${Retail_screenshot_path}/AU_${currentdate}</arg>
<doc>Converts the given item to a Unicode string.</doc>
<status status="PASS" start="2024-02-19T14:29:37.072566" elapsed="0.000994"/>
</kw>
<kw name="Set Screenshot Directory" owner="SeleniumLibrary">
<arg>${LogDIR}</arg>
<doc>Sets the directory for captured screenshots.</doc>
<status status="PASS" start="2024-02-19T14:29:37.074559" elapsed="0.001003"/>
</kw>
<kw name="Set Global Variable" owner="BuiltIn">
<msg time="2024-02-19T14:29:37.076950" level="INFO">${LogDIR} = C:\Users\Tyron.Demate\PycharmProjects\pythonProject2\Resource\testsuites\Retail\Screenshots\AU\S2/AU_02-19-24 14-29</msg>
<arg>${LogDIR}</arg>
<doc>Makes a variable available globally in all tests and suites.</doc>
<status status="PASS" start="2024-02-19T14:29:37.075562" elapsed="0.002387"/>
</kw>
<status status="PASS" start="2024-02-19T14:29:37.067545" elapsed="0.010404"/>
</kw>
<arg>Retail Screent Shot DIR</arg>
<doc>Executes all the given keywords in a sequence.</doc>
<status status="PASS" start="2024-02-19T14:29:37.067545" elapsed="0.010404"/>
</kw>
<status status="PASS" start="2024-02-19T14:29:37.065522" elapsed="0.014933"/>
</test>
<test id="s1-t3" name="TC-001 - Verify Login Page" line="17">
<kw name="Run Keyword And Continue On Failure" owner="BuiltIn">
<kw name="Verify Login Page" owner="Login_Page_Keywords">
<kw name="Sleep" owner="BuiltIn">
<arg>10</arg>
<doc>Pauses the test executed for the given time.</doc>
<status status="FAIL" start="2024-02-19T14:29:37.089821" elapsed="0.897961">Execution terminated by signal</status>
</kw>
<kw name="Capture Page Screenshot" owner="SeleniumLibrary">
<doc>Takes a screenshot of the current page and embeds it into a log file.</doc>
<status status="NOT RUN" start="2024-02-19T14:29:37.987782" elapsed="0.000000"/>
</kw>
<status status="FAIL" start="2024-02-19T14:29:37.088805" elapsed="0.899996">Execution terminated by signal</status>
</kw>
<arg>Verify Login Page</arg>
<doc>Runs the keyword and continues execution even if a failure occurs.</doc>
<status status="FAIL" start="2024-02-19T14:29:37.086809" elapsed="0.903010">Execution terminated by signal</status>
</kw>
<tag>Login Page</tag>
<tag>TC001</tag>
<status status="FAIL" start="2024-02-19T14:29:37.084257" elapsed="0.906812">Execution terminated by signal</status>
</test>
<test id="s1-t4" name="TC-002 - Verify Login Page Elements" line="21">
<tag>Login Page</tag>
<tag>robot:exit</tag>
<tag>TC002</tag>
<status status="FAIL" start="2024-02-19T14:29:37.992083" elapsed="0.001015">Test execution stopped due to a fatal error.</status>
</test>
<test id="s1-t5" name="TC-003 - Input Valid Email" line="25">
<tag>Login Page</tag>
<tag>robot:exit</tag>
<tag>TC005</tag>
<status status="FAIL" start="2024-02-19T14:29:37.994098" elapsed="0.001514">Test execution stopped due to a fatal error.</status>
</test>
<test id="s1-t6" name="TC-004 - Input Valid Password" line="29">
<tag>Login Page</tag>
<tag>robot:exit</tag>
<tag>TC007</tag>
<status status="FAIL" start="2024-02-19T14:29:37.997631" elapsed="0.001001">Test execution stopped due to a fatal error.</status>
</test>
<test id="s1-t7" name="TC-005 - User should be able to click Login Button" line="33">
<tag>Login Page</tag>
<tag>robot:exit</tag>
<tag>TC008</tag>
<status status="FAIL" start="2024-02-19T14:29:38.000647" elapsed="0.001515">Test execution stopped due to a fatal error.</status>
</test>
<test id="s1-t8" name="TC-006 - Admin User should be able to Login" line="37">
<tag>Home Page</tag>
<tag>robot:exit</tag>
<tag>TC009</tag>
<status status="FAIL" start="2024-02-19T14:29:38.005184" elapsed="0.001541">Test execution stopped due to a fatal error.</status>
</test>
<test id="s1-t9" name="TC-007 - User should be able to view account orders page" line="42">
<tag>Account Page</tag>
<tag>Order Page</tag>
<tag>robot:exit</tag>
<tag>TC011</tag>
<status status="FAIL" start="2024-02-19T14:29:38.008931" elapsed="0.001014">Test execution stopped due to a fatal error.</status>
</test>
<test id="s1-t10" name="TC-008 - User should be able to select one order from the list" line="47">
<tag>Account Page</tag>
<tag>Order Page</tag>
<tag>robot:exit</tag>
<tag>TC012</tag>
<status status="FAIL" start="2024-02-19T14:29:38.011948" elapsed="0.001000">Test execution stopped due to a fatal error.</status>
</test>
<test id="s1-t11" name="TC-009 - User should be able to view order details" line="51">
<tag>Account Page</tag>
<tag>Order Page</tag>
<tag>robot:exit</tag>
<tag>TC013</tag>
<status status="FAIL" start="2024-02-19T14:29:38.013949" elapsed="0.001521">Test execution stopped due to a fatal error.</status>
</test>
<test id="s1-t12" name="TC-010 - User should be able to view account return request page" line="56">
<tag>Account Page</tag>
<tag>Return Page</tag>
<tag>robot:exit</tag>
<tag>TC015</tag>
<status status="FAIL" start="2024-02-19T14:29:38.017491" elapsed="0.002013">Test execution stopped due to a fatal error.</status>
</test>
<test id="s1-t13" name="TC-011 - User should be able to view Return Request Panel" line="61">
<tag>Account Page</tag>
<tag>Retrun Page</tag>
<tag>robot:exit</tag>
<tag>TC015</tag>
<status status="FAIL" start="2024-02-19T14:29:38.021504" elapsed="0.001999">Test execution stopped due to a fatal error.</status>
</test>
<test id="s1-t14" name="TC-012 - User should be able to select one return from the list" line="65">
<tag>Account Page</tag>
<tag>Return Page</tag>
<tag>robot:exit</tag>
<tag>TC016</tag>
<status status="FAIL" start="2024-02-19T14:29:38.025988" elapsed="0.000960">Test execution stopped due to a fatal error.</status>
</test>
<test id="s1-t15" name="TC-013 - User should be able to view Return details" line="69">
<tag>Account Page</tag>
<tag>Return Page</tag>
<tag>robot:exit</tag>
<tag>TC011</tag>
<status status="FAIL" start="2024-02-19T14:29:38.030056" elapsed="0.002994">Test execution stopped due to a fatal error.</status>
</test>
<test id="s1-t16" name="TC-014 - User should be able to view account saved carts page" line="74">
<tag>Account Page</tag>
<tag>robot:exit</tag>
<tag>Saved Cart Page</tag>
<tag>TC018</tag>
<status status="FAIL" start="2024-02-19T14:29:38.034056" elapsed="0.003544">Test execution stopped due to a fatal error.</status>
</test>
<test id="s1-t17" name="TC-015 - User should be able to view Saved Carts Panel" line="79">
<tag>Account Page</tag>
<tag>robot:exit</tag>
<tag>Saved Cart Page</tag>
<tag>TC019</tag>
<status status="FAIL" start="2024-02-19T14:29:38.039620" elapsed="0.001272">Test execution stopped due to a fatal error.</status>
</test>
<test id="s1-t18" name="TC-016 - User should be able to view account vehicle listing page" line="83">
<tag>Account Page</tag>
<tag>robot:exit</tag>
<tag>TC020</tag>
<tag>Vehicle Listing Page</tag>
<status status="FAIL" start="2024-02-19T14:29:38.042912" elapsed="0.001002">Test execution stopped due to a fatal error.</status>
</test>
<test id="s1-t19" name="TC-017 - User should be able to view vehicle listing Panel" line="88">
<tag>Account Page</tag>
<tag>robot:exit</tag>
<tag>TC021</tag>
<tag>Vehicle Listing Page</tag>
<status status="FAIL" start="2024-02-19T14:29:38.046462" elapsed="0.001989">Test execution stopped due to a fatal error.</status>
</test>
<test id="s1-t20" name="TC-018 - User should be able to view message page" line="92">
<tag>Account Page</tag>
<tag>Messages Page</tag>
<tag>robot:exit</tag>
<tag>TC022</tag>
<status status="FAIL" start="2024-02-19T14:29:38.052474" elapsed="0.000995">Test execution stopped due to a fatal error.</status>
</test>
<test id="s1-t21" name="TC-019 - User should be able to view account details page" line="97">
<tag>Account Details Page</tag>
<tag>Account Page</tag>
<tag>robot:exit</tag>
<tag>TC023</tag>
<status status="FAIL" start="2024-02-19T14:29:38.055471" elapsed="0.002303">Test execution stopped due to a fatal error.</status>
</test>
<test id="s1-t22" name="TC-020 - User should be able to view change password page" line="102">
<tag>Account Page</tag>
<tag>Change Pass Page</tag>
<tag>robot:exit</tag>
<tag>TC024</tag>
<status status="FAIL" start="2024-02-19T14:29:38.059771" elapsed="0.001001">Test execution stopped due to a fatal error.</status>
</test>
<test id="s1-t23" name="TC-021 - User should be able to view company details page" line="107">
<tag>Account Page</tag>
<tag>Company Details Page</tag>
<tag>robot:exit</tag>
<tag>TC025</tag>
<status status="FAIL" start="2024-02-19T14:29:38.061774" elapsed="0.001042">Test execution stopped due to a fatal error.</status>
</test>
<test id="s1-t24" name="TC-023 - User should be able to view All Parts Page" line="117">
<tag>All Parts Page</tag>
<tag>robot:exit</tag>
<tag>TC027</tag>
<status status="FAIL" start="2024-02-19T14:29:38.065199" elapsed="0.001310">Test execution stopped due to a fatal error.</status>
</test>
<test id="s1-t25" name="TC-024 - User should be able to filter product name from A to Z" line="121">
<tag>Products</tag>
<tag>robot:exit</tag>
<tag>TC028</tag>
<status status="FAIL" start="2024-02-19T14:29:38.072029" elapsed="0.002021">Test execution stopped due to a fatal error.</status>
</test>
<test id="s1-t26" name="TC-025 - User should be able to fitler results per page to 100" line="125">
<tag>Products</tag>
<tag>robot:exit</tag>
<tag>TC029</tag>
<status status="FAIL" start="2024-02-19T14:29:38.076604" elapsed="0.001999">Test execution stopped due to a fatal error.</status>
</test>
<test id="s1-t27" name="TC-026 - User should be able to view product In Stock and DC Stock" line="129">
<tag>Products</tag>
<tag>robot:exit</tag>
<tag>TC030</tag>
<status status="FAIL" start="2024-02-19T14:29:38.081105" elapsed="0.001023">Test execution stopped due to a fatal error.</status>
</test>
<test id="s1-t28" name="TC-027 - User should be able to click product details In Stock and DC Stock" line="133">
<tag>Products</tag>
<tag>robot:exit</tag>
<tag>TC031</tag>
<status status="FAIL" start="2024-02-19T14:29:38.085641" elapsed="0.001020">Test execution stopped due to a fatal error.</status>
</test>
<test id="s1-t29" name="TC-028 - User should be able to view product details In Stock and DC Stock" line="137">
<tag>Products</tag>
<tag>robot:exit</tag>
<tag>TC032</tag>
<status status="FAIL" start="2024-02-19T14:29:38.089682" elapsed="0.000998">Test execution stopped due to a fatal error.</status>
</test>
<test id="s1-t30" name="TC-029 - User should be able to view product Out of Stock and DC Stock" line="143">
<tag>Products</tag>
<tag>robot:exit</tag>
<tag>TC033</tag>
<status status="FAIL" start="2024-02-19T14:29:38.092681" elapsed="0.001001">Test execution stopped due to a fatal error.</status>
</test>
<test id="s1-t31" name="TC-030 - User should be able to click product details Out of Stock and DC Stock" line="147">
<tag>Products</tag>
<tag>robot:exit</tag>
<tag>TC034</tag>
<status status="FAIL" start="2024-02-19T14:29:38.097223" elapsed="0.004030">Test execution stopped due to a fatal error.</status>
</test>
<test id="s1-t32" name="TC-031 - User should be able to view product details Out of Stock and DC Stock" line="151">
<tag>Products</tag>
<tag>robot:exit</tag>
<tag>TC035</tag>
<status status="FAIL" start="2024-02-19T14:29:38.103790" elapsed="0.001571">Test execution stopped due to a fatal error.</status>
</test>
<test id="s1-t33" name="TC-032 - User should be able to view product Out of Stock" line="157">
<tag>Products</tag>
<tag>robot:exit</tag>
<tag>TC036</tag>
<status status="FAIL" start="2024-02-19T14:29:38.107327" elapsed="0.000998">Test execution stopped due to a fatal error.</status>
</test>
<test id="s1-t34" name="TC-033 - User should be able to click product details Out of Stock" line="161">
<tag>Products</tag>
<tag>robot:exit</tag>
<tag>TC037</tag>
<status status="FAIL" start="2024-02-19T14:29:38.110346" elapsed="0.001996">Test execution stopped due to a fatal error.</status>
</test>
<test id="s1-t35" name="TC-034 - User should be able to view product details Out of Stock" line="165">
<tag>Products</tag>
<tag>robot:exit</tag>
<tag>TC038</tag>
<status status="FAIL" start="2024-02-19T14:29:38.115342" elapsed="0.000000">Test execution stopped due to a fatal error.</status>
</test>
<test id="s1-t36" name="TC-035 - User should be able to view product Price not Available" line="171">
<tag>Products</tag>
<tag>robot:exit</tag>
<tag>TC039</tag>
<status status="FAIL" start="2024-02-19T14:29:38.118750" elapsed="0.001019">Test execution stopped due to a fatal error.</status>
</test>
<test id="s1-t37" name="TC-036 - User should be able to click product details Price not Available" line="175">
<tag>Products</tag>
<tag>robot:exit</tag>
<tag>TC040</tag>
<status status="FAIL" start="2024-02-19T14:29:38.121767" elapsed="0.001004">Test execution stopped due to a fatal error.</status>
</test>
<test id="s1-t38" name="TC-037 - User should be able to view product details Price not Available" line="179">
<tag>Products</tag>
<tag>robot:exit</tag>
<tag>TC041</tag>
<status status="FAIL" start="2024-02-19T14:29:38.125282" elapsed="0.002026">Test execution stopped due to a fatal error.</status>
</test>
<test id="s1-t39" name="TC-038 - User should be able to view product In Stock Only" line="185">
<tag>Products</tag>
<tag>robot:exit</tag>
<tag>TC044</tag>
<status status="FAIL" start="2024-02-19T14:29:38.130314" elapsed="0.001991">Test execution stopped due to a fatal error.</status>
</test>
<test id="s1-t40" name="TC-039 - User should be able to click product details In Stock Only" line="192">
<tag>Products</tag>
<tag>robot:exit</tag>
<tag>TC045</tag>
<status status="FAIL" start="2024-02-19T14:29:38.133304" elapsed="0.002007">Test execution stopped due to a fatal error.</status>
</test>
<test id="s1-t41" name="TC-040 - User should be able to view product details In Stock Only" line="196">
<tag>Products</tag>
<tag>robot:exit</tag>
<tag>TC046</tag>
<status status="FAIL" start="2024-02-19T14:29:38.137852" elapsed="0.000996">Test execution stopped due to a fatal error.</status>
</test>
<test id="s1-t42" name="TC-041 - User should be able to logout" line="202">
<tag>Logout</tag>
<tag>robot:exit</tag>
<tag>TC009</tag>
<status status="FAIL" start="2024-02-19T14:29:38.141872" elapsed="0.000990">Test execution stopped due to a fatal error.</status>
</test>
<doc>Suite description</doc>
<status status="FAIL" start="2024-02-19T14:29:31.943579" elapsed="6.203667"/>
</suite>
<statistics>
<total>
<stat pass="1" fail="41" skip="0">All Tests</stat>
</total>
<tag>
<stat pass="1" fail="2" skip="0" info="combined" combined="NOT robot:exit">NOT robot:exit</stat>
<stat pass="0" fail="1" skip="0">Account Details Page</stat>
<stat pass="0" fail="15" skip="0">Account Page</stat>
<stat pass="0" fail="1" skip="0">All Parts Page</stat>
<stat pass="0" fail="1" skip="0">Change Pass Page</stat>
<stat pass="0" fail="1" skip="0">Company Details Page</stat>
<stat pass="0" fail="1" skip="0">Home Page</stat>
<stat pass="0" fail="5" skip="0">Login Page</stat>
<stat pass="0" fail="1" skip="0">Logout</stat>
<stat pass="0" fail="1" skip="0">Messages Page</stat>
<stat pass="0" fail="3" skip="0">Order Page</stat>
<stat pass="0" fail="17" skip="0">Products</stat>
<stat pass="0" fail="1" skip="0">Retrun Page</stat>
<stat pass="0" fail="3" skip="0">Return Page</stat>
<stat pass="0" fail="2" skip="0">Saved Cart Page</stat>
<stat pass="0" fail="1" skip="0">TC001</stat>
<stat pass="0" fail="1" skip="0">TC002</stat>
<stat pass="0" fail="1" skip="0">TC005</stat>
<stat pass="0" fail="1" skip="0">TC007</stat>
<stat pass="0" fail="1" skip="0">TC008</stat>
<stat pass="0" fail="2" skip="0">TC009</stat>
<stat pass="0" fail="2" skip="0">TC011</stat>
<stat pass="0" fail="1" skip="0">TC012</stat>
<stat pass="0" fail="1" skip="0">TC013</stat>
<stat pass="0" fail="2" skip="0">TC015</stat>
<stat pass="0" fail="1" skip="0">TC016</stat>
<stat pass="0" fail="1" skip="0">TC018</stat>
<stat pass="0" fail="1" skip="0">TC019</stat>
<stat pass="0" fail="1" skip="0">TC020</stat>
<stat pass="0" fail="1" skip="0">TC021</stat>
<stat pass="0" fail="1" skip="0">TC022</stat>
<stat pass="0" fail="1" skip="0">TC023</stat>
<stat pass="0" fail="1" skip="0">TC024</stat>
<stat pass="0" fail="1" skip="0">TC025</stat>
<stat pass="0" fail="1" skip="0">TC027</stat>
<stat pass="0" fail="1" skip="0">TC028</stat>
<stat pass="0" fail="1" skip="0">TC029</stat>
<stat pass="0" fail="1" skip="0">TC030</stat>
<stat pass="0" fail="1" skip="0">TC031</stat>
<stat pass="0" fail="1" skip="0">TC032</stat>
<stat pass="0" fail="1" skip="0">TC033</stat>
<stat pass="0" fail="1" skip="0">TC034</stat>
<stat pass="0" fail="1" skip="0">TC035</stat>
<stat pass="0" fail="1" skip="0">TC036</stat>
<stat pass="0" fail="1" skip="0">TC037</stat>
<stat pass="0" fail="1" skip="0">TC038</stat>
<stat pass="0" fail="1" skip="0">TC039</stat>
<stat pass="0" fail="1" skip="0">TC040</stat>
<stat pass="0" fail="1" skip="0">TC041</stat>
<stat pass="0" fail="1" skip="0">TC044</stat>
<stat pass="0" fail="1" skip="0">TC045</stat>
<stat pass="0" fail="1" skip="0">TC046</stat>
<stat pass="0" fail="2" skip="0">Vehicle Listing Page</stat>
</tag>
<suite>
<stat pass="1" fail="41" skip="0" id="s1" name="AU Retail Check">AU Retail Check</stat>
</suite>
</statistics>
<errors>
<msg time="2024-02-19T14:29:32.434460" level="ERROR">Error in file 'C:\Users\Tyron.Demate\PycharmProjects\pythonProject2\Resource\testdata\Retail\Retail_Variable.robot' on line 2157: Setting variable '//tbody//tbody//tr//td//a//font[contains(text(),'Contact Us')]' failed: Invalid variable name '//tbody//tbody//tr//td//a//font[contains(text(),'Contact Us')]'.</msg>
<msg time="2024-02-19T14:29:32.574443" level="ERROR">Error in file 'C:\Users\Tyron.Demate\PycharmProjects\pythonProject2\Resource\Keyword\Retail\Account_Orders_Page_Keywords.robot' on line 543: Creating keyword 'User should be able to click orders with $129.0 spent in HK Retail Account Order Details Page' failed: Keyword with same name defined multiple times.</msg>
<msg time="2024-02-19T14:29:32.849966" level="ERROR">Error in file 'C:\Users\Tyron.Demate\PycharmProjects\pythonProject2\Resource\Keyword\Retail\All_Parts_Page_Keywords.robot' on line 6: Importing library 'ExcelLibrary' failed: ModuleNotFoundError: No module named 'ExcelLibrary'
Traceback (most recent call last):
  None
PYTHONPATH:
  C:\Users\Tyron.Demate\PycharmProjects\pythonProject2\venv\Scripts\robot.exe
  C:\Users\Tyron.Demate\AppData\Local\Programs\Python\Python311\python311.zip
  C:\Users\Tyron.Demate\AppData\Local\Programs\Python\Python311\DLLs
  C:\Users\Tyron.Demate\AppData\Local\Programs\Python\Python311\Lib
  C:\Users\Tyron.Demate\AppData\Local\Programs\Python\Python311
  C:\Users\Tyron.Demate\PycharmProjects\pythonProject2\venv
  C:\Users\Tyron.Demate\PycharmProjects\pythonProject2\venv\Lib\site-packages
  C:\Users\Tyron.Demate\PycharmProjects\pythonProject2\venv\Lib\site-packages\win32
  C:\Users\Tyron.Demate\PycharmProjects\pythonProject2\venv\Lib\site-packages\win32\lib
  C:\Users\Tyron.Demate\PycharmProjects\pythonProject2\venv\Lib\site-packages\Pythonwin</msg>
<msg time="2024-02-19T14:29:32.869122" level="ERROR">Error in file 'C:\Users\Tyron.Demate\PycharmProjects\pythonProject2\Resource\Keyword\Retail\Email.robot' on line 6: Importing library 'ExcelLibrary' failed: ModuleNotFoundError: No module named 'ExcelLibrary'
Traceback (most recent call last):
  None
PYTHONPATH:
  C:\Users\Tyron.Demate\PycharmProjects\pythonProject2\venv\Scripts\robot.exe
  C:\Users\Tyron.Demate\AppData\Local\Programs\Python\Python311\python311.zip
  C:\Users\Tyron.Demate\AppData\Local\Programs\Python\Python311\DLLs
  C:\Users\Tyron.Demate\AppData\Local\Programs\Python\Python311\Lib
  C:\Users\Tyron.Demate\AppData\Local\Programs\Python\Python311
  C:\Users\Tyron.Demate\PycharmProjects\pythonProject2\venv
  C:\Users\Tyron.Demate\PycharmProjects\pythonProject2\venv\Lib\site-packages
  C:\Users\Tyron.Demate\PycharmProjects\pythonProject2\venv\Lib\site-packages\win32
  C:\Users\Tyron.Demate\PycharmProjects\pythonProject2\venv\Lib\site-packages\win32\lib
  C:\Users\Tyron.Demate\PycharmProjects\pythonProject2\venv\Lib\site-packages\Pythonwin</msg>
<msg time="2024-02-19T14:29:32.910809" level="ERROR">Error in file 'C:\Users\Tyron.Demate\PycharmProjects\pythonProject2\Resource\testdata\Retail\Retail_Variable.robot' on line 407: Setting variable '${Retail_FilterListSubElements}' failed: Variable '${RandomFilterIndex}' not found.</msg>
<msg time="2024-02-19T14:29:37.039204" level="WARN">Keyword 'Capture Page Screenshot' could not be run on failure: Message: no such window: target window already closed
from unknown error: web view not found
  (Session info: chrome=121.0.6167.161)
Stacktrace:
	GetHandleVerifier [0x00007FF6B9525E42+3538674]
	(No symbol) [0x00007FF6B9144C02]
	(No symbol) [0x00007FF6B8FF5AEB]
	(No symbol) [0x00007FF6B8FD288C]
	(No symbol) [0x00007FF6B9065DD7]
	(No symbol) [0x00007FF6B907B40F]
	(No symbol) [0x00007FF6B905EE53]
	(No symbol) [0x00007FF6B902F514]
	(No symbol) [0x00007FF6B9030631]
	GetHandleVerifier [0x00007FF6B9556CAD+3738973]
	GetHandleVerifier [0x00007FF6B95AC506+4089270]
	GetHandleVerifier [0x00007FF6B95A4823+4057299]
	GetHandleVerifier [0x00007FF6B9275C49+720121]
	(No symbol) [0x00007FF6B915126F]
	(No symbol) [0x00007FF6B914C304]
	(No symbol) [0x00007FF6B914C432]
	(No symbol) [0x00007FF6B913BD04]
	(No symbol) [0x00007FFD1C8B257D]
	RtlUserThreadStart [0x00007FFD1EA6AA58+40]
</msg>
</errors>
</robot>
